@I [HLS-0] Workspace /home/darkin/Workspace/Vivado_HLS/convolution_2D/solution1 opened at Tue Jun 21 16:42:50 CEST 2016
@I [HLS-100] Command "config_clock -quiet -name default -period 10 -default=false "
@I [SYN-201] Setting up clock 'default' with a period of 10ns.
@I [HLS-100] Command 'config_clock' returned 0; elapsed 0.000145Total elapsed time: 0.372 sec.
@I [HLS-100] Command "open_platform DefaultPlatform "
@I [HLS-100] Command 'open_platform' returned 0; elapsed 4.2e-05Total elapsed time: 0.374 sec.
@I [HLS-100] Command "import_lib /opt/Xilinx/Vivado_HLS/2016.1/common/technology/xilinx/zynq/zynq "
@I [HLS-100] Command "source /opt/Xilinx/Vivado_HLS/2016.1/common/technology/xilinx/common/xilinx.lib "
@I [HLS-100] Command "source /opt/Xilinx/Vivado_HLS/2016.1/common/technology/xilinx/interface/xilinx_interface.lib "
@I [HLS-100] Command "source /opt/Xilinx/Vivado_HLS/2016.1/common/technology/xilinx/interface/plb46.lib "
@I [HLS-100] Command 'ap_source' returned 0; elapsed 0.000275Total elapsed time: 0.374 sec.
@I [HLS-100] Command "source /opt/Xilinx/Vivado_HLS/2016.1/common/technology/xilinx/interface/fsl.lib "
@I [HLS-100] Command 'ap_source' returned 0; elapsed 0.000138Total elapsed time: 0.375 sec.
@I [HLS-100] Command "source /opt/Xilinx/Vivado_HLS/2016.1/common/technology/xilinx/interface/axi4.lib "
@I [HLS-100] Command 'ap_source' returned 0; elapsed 0.000191Total elapsed time: 0.375 sec.
@I [HLS-100] Command "source /opt/Xilinx/Vivado_HLS/2016.1/common/technology/xilinx/interface/maxi.lib "
@I [HLS-100] Command 'ap_source' returned 0; elapsed 0.000167Total elapsed time: 0.375 sec.
@I [HLS-100] Command "source /opt/Xilinx/Vivado_HLS/2016.1/common/technology/xilinx/interface/saxilite.lib "
@I [HLS-100] Command 'ap_source' returned 0; elapsed 0.000113Total elapsed time: 0.376 sec.
@I [HLS-100] Command 'ap_source' returned 0; elapsed 0.001609Total elapsed time: 0.376 sec.
@I [HLS-100] Command "source /opt/Xilinx/Vivado_HLS/2016.1/common/technology/xilinx/common/dsp48.lib "
@I [HLS-100] Command 'ap_source' returned 0; elapsed 0.000118Total elapsed time: 0.376 sec.
@I [HLS-100] Command "source /opt/Xilinx/Vivado_HLS/2016.1/common/technology/xilinx/ip/xfft.lib "
@I [HLS-100] Command 'ap_source' returned 0; elapsed 8.2e-05Total elapsed time: 0.376 sec.
@I [HLS-100] Command "source /opt/Xilinx/Vivado_HLS/2016.1/common/technology/xilinx/ip/xfir.lib "
@I [HLS-100] Command 'ap_source' returned 0; elapsed 7.2e-05Total elapsed time: 0.376 sec.
@I [HLS-100] Command "source /opt/Xilinx/Vivado_HLS/2016.1/common/technology/xilinx/ip/dds_compiler.lib "
@I [HLS-100] Command 'ap_source' returned 0; elapsed 6.9e-05Total elapsed time: 0.377 sec.
@I [HLS-100] Command 'ap_source' returned 0; elapsed 0.00455Total elapsed time: 0.379 sec.
@I [HLS-100] Command "source /opt/Xilinx/Vivado_HLS/2016.1/common/technology/xilinx/common/xilinx_old.lib "
@I [HLS-100] Command 'ap_source' returned 0; elapsed 0.00066Total elapsed time: 0.381 sec.
@I [HLS-100] Command "source /opt/Xilinx/Vivado_HLS/2016.1/common/technology/xilinx/common/xilinx_vivado.lib "
@I [HLS-100] Command 'ap_source' returned 0; elapsed 0.000706Total elapsed time: 0.382 sec.
@I [HLS-100] Command "source /opt/Xilinx/Vivado_HLS/2016.1/common/technology/xilinx/common/xilinx.hlp "
@I [HLS-100] Command "source /opt/Xilinx/Vivado_HLS/2016.1/common/technology/xilinx/common/target_info.tcl "
@I [HLS-100] Command 'ap_source' returned 0; elapsed 0.000111Total elapsed time: 0.384 sec.
@I [HLS-100] Command "source /opt/Xilinx/Vivado_HLS/2016.1/common/technology/xilinx/interface/xilinx_interface.hlp "
@I [HLS-100] Command "source /opt/Xilinx/Vivado_HLS/2016.1/common/technology/xilinx/interface/maxi.hlp "
@I [HLS-100] Command 'ap_source' returned 0; elapsed 0.000109Total elapsed time: 0.384 sec.
@I [HLS-100] Command "source /opt/Xilinx/Vivado_HLS/2016.1/common/technology/xilinx/interface/saxilite.hlp "
@I [HLS-100] Command 'ap_source' returned 0; elapsed 8.3e-05Total elapsed time: 0.384 sec.
@I [HLS-100] Command 'ap_source' returned 0; elapsed 0.000479Total elapsed time: 0.384 sec.
@I [HLS-100] Command "source /opt/Xilinx/Vivado_HLS/2016.1/common/technology/xilinx/common/dsp48.hlp "
@I [HLS-100] Command 'ap_source' returned 0; elapsed 0.000539Total elapsed time: 0.385 sec.
@I [HLS-100] Command 'ap_source' returned 0; elapsed 0.002513Total elapsed time: 0.386 sec.
@I [HLS-100] Command "source /opt/Xilinx/Vivado_HLS/2016.1/common/technology/xilinx/zynq/dsp48e1.hlp "
@I [HLS-100] Command 'ap_source' returned 0; elapsed 9.2e-05Total elapsed time: 0.386 sec.
@I [HLS-100] Command "get_default_platform "
@I [HLS-100] Command 'get_default_platform' returned 0; elapsed 5e-06Total elapsed time: 0.386 sec.
@I [HLS-100] Command "config_chip_info -quiet -resource  {SLICE 13300}  {LUT 53200}     {FF 106400} {DSP48E 220}   {BRAM 280}  "
@I [HLS-100] Command 'config_chip_info' returned 0; elapsed 1.7e-05Total elapsed time: 0.387 sec.
@I [HLS-100] Command "config_chip_info -quiet -speed medium "
@I [HLS-100] Command 'config_chip_info' returned 0; elapsed 6e-06Total elapsed time: 0.387 sec.
@I [HLS-100] Command 'import_lib' returned 0; elapsed 0.014304Total elapsed time: 0.388 sec.
@I [HLS-100] Command "source /opt/Xilinx/Vivado_HLS/2016.1/common/technology/xilinx/zynq/zynq.gen "
@I [HLS-100] Command "source /opt/Xilinx/Vivado_HLS/2016.1/common/technology/xilinx/common/virtex.gen "
@I [HLS-100] Command "source /opt/Xilinx/Vivado_HLS/2016.1/common/technology/xilinx/common/xilinx.gen "
@I [HLS-100] Command "source /opt/Xilinx/Vivado_HLS/2016.1/common/technology/xilinx/interface/plb46.gen "
@I [HLS-100] Command 'ap_source' returned 0; elapsed 0.001114Total elapsed time: 0.390 sec.
@I [HLS-100] Command "source /opt/Xilinx/Vivado_HLS/2016.1/common/technology/xilinx/interface/fsl.gen "
@I [HLS-100] Command 'ap_source' returned 0; elapsed 0.000411Total elapsed time: 0.390 sec.
@I [HLS-100] Command "source /opt/Xilinx/Vivado_HLS/2016.1/common/technology/xilinx/interface/axi4.gen "
@I [HLS-100] Command 'ap_source' returned 0; elapsed 0.001849Total elapsed time: 0.392 sec.
@I [HLS-100] Command "source /opt/Xilinx/Vivado_HLS/2016.1/common/technology/xilinx/interface/nativeAXI4.gen "
@I [HLS-100] Command "source /opt/Xilinx/Vivado_HLS/2016.1/common/technology/xilinx/interface/saxilite.gen "
@I [HLS-100] Command 'ap_source' returned 0; elapsed 0.003189Total elapsed time: 0.396 sec.
@I [HLS-100] Command "source /opt/Xilinx/Vivado_HLS/2016.1/common/technology/xilinx/interface/maxi.gen "
@I [HLS-100] Command 'ap_source' returned 0; elapsed 0.009184Total elapsed time: 0.405 sec.
@I [HLS-100] Command 'ap_source' returned 0; elapsed 0.012873Total elapsed time: 0.406 sec.
@I [HLS-100] Command "source /opt/Xilinx/Vivado_HLS/2016.1/common/technology/xilinx/scripts/xilinxcoregen.gen "
@I [HLS-100] Command 'ap_source' returned 0; elapsed 0.012838Total elapsed time: 0.419 sec.
@I [HLS-100] Command "source /opt/Xilinx/Vivado_HLS/2016.1/common/technology/xilinx/interface/XilEDKCoreGen.gen "
@I [HLS-100] Command 'ap_source' returned 0; elapsed 0.010325Total elapsed time: 0.429 sec.
@I [HLS-100] Command "source /opt/Xilinx/Vivado_HLS/2016.1/common/technology/xilinx/ip/xfft.gen "
@I [HLS-100] Command 'ap_source' returned 0; elapsed 0.117188Total elapsed time: 0.548 sec.
@I [HLS-100] Command "source /opt/Xilinx/Vivado_HLS/2016.1/common/technology/xilinx/ip/xfir.gen "
@I [HLS-100] Command 'ap_source' returned 0; elapsed 0.000692Total elapsed time: 0.549 sec.
@I [HLS-100] Command "source /opt/Xilinx/Vivado_HLS/2016.1/common/technology/xilinx/ip/util.gen "
@I [HLS-100] Command 'ap_source' returned 0; elapsed 0.000142Total elapsed time: 0.549 sec.
@I [HLS-100] Command "source /opt/Xilinx/Vivado_HLS/2016.1/common/technology/xilinx/ip/dds_compiler.gen "
@I [HLS-100] Command 'ap_source' returned 0; elapsed 0.003045Total elapsed time: 0.552 sec.
@I [HLS-100] Command 'ap_source' returned 0; elapsed 0.16286Total elapsed time: 0.552 sec.
@I [HLS-100] Command "source /opt/Xilinx/Vivado_HLS/2016.1/common/technology/xilinx/common/dsp48.gen "
@I [HLS-100] Command 'ap_source' returned 0; elapsed 0.000129Total elapsed time: 0.554 sec.
@I [HLS-100] Command 'ap_source' returned 0; elapsed 0.165163Total elapsed time: 0.554 sec.
@I [HLS-100] Command 'ap_source' returned 0; elapsed 0.165377Total elapsed time: 0.555 sec.
@I [HLS-100] Command "open_platform DefaultPlatform "
@I [HLS-100] Command 'open_platform' returned 0; elapsed 6e-06Total elapsed time: 0.555 sec.
@I [HLS-100] Command "import_lib /opt/Xilinx/Vivado_HLS/2016.1/common/technology/xilinx/zynq/zynq_fpv6 "
@I [HLS-100] Command "source /opt/Xilinx/Vivado_HLS/2016.1/common/technology/xilinx/common/xilinx_fpv7.lib "
@I [HLS-100] Command "source /opt/Xilinx/Vivado_HLS/2016.1/common/technology/xilinx/common/xilinx_hp.lib "
@I [HLS-100] Command 'ap_source' returned 0; elapsed 0.000605Total elapsed time: 0.556 sec.
@I [HLS-100] Command 'ap_source' returned 0; elapsed 0.004084Total elapsed time: 0.559 sec.
@I [HLS-100] Command "source /opt/Xilinx/Vivado_HLS/2016.1/common/technology/xilinx/common/xilinx_fpv.hlp "
@I [HLS-100] Command "source /opt/Xilinx/Vivado_HLS/2016.1/common/technology/xilinx/common/xilinx.hlp "
@I [HLS-100] Command "source /opt/Xilinx/Vivado_HLS/2016.1/common/technology/xilinx/common/target_info.tcl "
@I [HLS-100] Command 'ap_source' returned 0; elapsed 0.000204Total elapsed time: 0.567 sec.
@I [HLS-100] Command "source /opt/Xilinx/Vivado_HLS/2016.1/common/technology/xilinx/interface/xilinx_interface.hlp "
@I [HLS-100] Command "source /opt/Xilinx/Vivado_HLS/2016.1/common/technology/xilinx/interface/maxi.hlp "
@I [HLS-100] Command 'ap_source' returned 0; elapsed 0.000165Total elapsed time: 0.568 sec.
@I [HLS-100] Command "source /opt/Xilinx/Vivado_HLS/2016.1/common/technology/xilinx/interface/saxilite.hlp "
@I [HLS-100] Command 'ap_source' returned 0; elapsed 0.000131Total elapsed time: 0.568 sec.
@I [HLS-100] Command 'ap_source' returned 0; elapsed 0.000688Total elapsed time: 0.568 sec.
@I [HLS-100] Command "source /opt/Xilinx/Vivado_HLS/2016.1/common/technology/xilinx/common/dsp48.hlp "
@I [HLS-100] Command 'ap_source' returned 0; elapsed 0.000802Total elapsed time: 0.570 sec.
@I [HLS-100] Command 'ap_source' returned 0; elapsed 0.003596Total elapsed time: 0.570 sec.
@I [HLS-100] Command 'ap_source' returned 0; elapsed 0.004506Total elapsed time: 0.571 sec.
@I [HLS-100] Command "source /opt/Xilinx/Vivado_HLS/2016.1/common/technology/xilinx/zynq/zynq_hp.hlp "
@I [HLS-100] Command 'ap_source' returned 0; elapsed 0.001265Total elapsed time: 0.572 sec.
@I [HLS-100] Command 'import_lib' returned 0; elapsed 0.025161Total elapsed time: 0.580 sec.
@I [HLS-100] Command "source /opt/Xilinx/Vivado_HLS/2016.1/common/technology/xilinx/zynq/zynq_fpv6.gen "
@I [HLS-100] Command "source /opt/Xilinx/Vivado_HLS/2016.1/common/technology/xilinx/common/xilinx_fpv6.gen "
@I [HLS-100] Command 'ap_source' returned 0; elapsed 0.002104Total elapsed time: 0.583 sec.
@I [HLS-100] Command 'ap_source' returned 0; elapsed 0.002471Total elapsed time: 0.583 sec.
@I [HLS-100] Command "set_part xc7z020clg484-1 "
@I [HLS-100] Command "add_library xilinx/zynq/zynq:xc7z020:clg484:-1 "
@I [HLS-100] Command "get_default_platform "
@I [HLS-100] Command 'get_default_platform' returned 0; elapsed 7e-06Total elapsed time: 0.588 sec.
@I [HLS-100] Command "license_isbetapart xc7z020 "
@I [HLS-100] Command 'license_isbetapart' returned 1; elapsed 0.008228Total elapsed time: 0.599 sec.
@I [HLS-100] Command "get_default_platform "
@I [HLS-100] Command 'get_default_platform' returned 0; elapsed 9e-06Total elapsed time: 0.600 sec.
@I [HLS-100] Command "config_chip_info -quiet -resource  {SLICE 13300}  {LUT 53200}     {FF 106400} {DSP48E 220}   {BRAM 280}  "
@I [HLS-100] Command 'config_chip_info' returned 0; elapsed 1.7e-05Total elapsed time: 0.600 sec.
@I [HLS-100] Command "config_chip_info -quiet -speed slow "
@I [HLS-100] Command 'config_chip_info' returned 0; elapsed 8e-06Total elapsed time: 0.600 sec.
@I [HLS-100] Command 'add_library' returned 0; elapsed 0.012645Total elapsed time: 0.602 sec.
@I [HLS-100] Command "add_library xilinx/zynq/zynq_fpv6 "
@I [HLS-100] Command "get_default_platform "
@I [HLS-100] Command 'get_default_platform' returned 0; elapsed 5e-06Total elapsed time: 0.602 sec.
@I [HLS-100] Command 'add_library' returned 0; elapsed 0.001783Total elapsed time: 0.604 sec.
@I [HLS-10] Setting target device to 'xc7z020clg484-1'
@I [HLS-100] Command 'set_part' returned 0; elapsed 0.01901Total elapsed time: 0.605 sec.
@I [HLS-100] Command "get_default_platform "
@I [HLS-100] Command 'get_default_platform' returned 0; elapsed 6e-06Total elapsed time: 0.605 sec.
@I [HLS-100] Command "config_chip_info -quiet -resource  {SLICE 13300}  {LUT 53200}     {FF 106400} {DSP48E 220}   {BRAM 280}  "
@I [HLS-100] Command 'config_chip_info' returned 0; elapsed 1.5e-05Total elapsed time: 0.605 sec.
@I [HLS-100] Command "config_chip_info -quiet -speed slow "
@I [HLS-100] Command 'config_chip_info' returned 0; elapsed 5e-06Total elapsed time: 0.606 sec.
@I [HLS-100] Command 'open_solution' returned 0; elapsed 0.236372Total elapsed time: 0.606 sec.
@I [HLS-100] Command "export_design -evaluate vhdl -format ip_catalog -description convolution of an image -vendor utt.fr -library hls_video -version 1.0 "
@I [HLS-100] Command "source /home/darkin/Workspace/Vivado_HLS/convolution_2D/solution1/.autopilot/db/global.setting.tcl "
@I [HLS-100] Command 'ap_source' returned 0; elapsed 0.000258Total elapsed time: 0.613 sec.
@I [HLS-100] Command "source /opt/Xilinx/Vivado_HLS/2016.1/common/technology/generic/autopilot/common.gen "
@I [HLS-100] Command "source /opt/Xilinx/Vivado_HLS/2016.1/common/technology/generic/autopilot/APCoreGen.gen "
@I [HLS-100] Command 'ap_source' returned 0; elapsed 0.000677Total elapsed time: 0.618 sec.
@I [HLS-100] Command 'ap_source' returned 0; elapsed 0.001537Total elapsed time: 0.619 sec.
@I [HLS-100] Command "source /opt/Xilinx/Vivado_HLS/2016.1/common/technology/generic/autopilot/op.gen "
@I [HLS-100] Command 'ap_source' returned 0; elapsed 0.000378Total elapsed time: 0.619 sec.
@I [HLS-100] Command "source /opt/Xilinx/Vivado_HLS/2016.1/common/technology/generic/autopilot/op_simcore.gen "
@I [HLS-100] Command 'ap_source' returned 0; elapsed 0.001096Total elapsed time: 0.620 sec.
@I [HLS-100] Command "source /opt/Xilinx/Vivado_HLS/2016.1/common/technology/generic/autopilot/interface.gen "
@I [HLS-100] Command 'ap_source' returned 0; elapsed 0.0001Total elapsed time: 0.621 sec.
@I [HLS-100] Command "source /home/darkin/Workspace/Vivado_HLS/convolution_2D/solution1/.autopilot/db/global.setting.tcl "
@I [HLS-100] Command 'ap_source' returned 0; elapsed 0.000226Total elapsed time: 0.621 sec.
@I [HLS-100] Command "source /opt/Xilinx/Vivado_HLS/2016.1/common/technology/xilinx/zynq/zynq.gen "
@I [HLS-100] Command "source /opt/Xilinx/Vivado_HLS/2016.1/common/technology/xilinx/common/virtex.gen "
@I [HLS-100] Command "source /opt/Xilinx/Vivado_HLS/2016.1/common/technology/xilinx/common/xilinx.gen "
@I [HLS-100] Command "source /opt/Xilinx/Vivado_HLS/2016.1/common/technology/xilinx/interface/plb46.gen "
@I [HLS-100] Command 'ap_source' returned 0; elapsed 0.00142Total elapsed time: 0.623 sec.
@I [HLS-100] Command "source /opt/Xilinx/Vivado_HLS/2016.1/common/technology/xilinx/interface/fsl.gen "
@I [HLS-100] Command 'ap_source' returned 0; elapsed 0.000587Total elapsed time: 0.624 sec.
@I [HLS-100] Command "source /opt/Xilinx/Vivado_HLS/2016.1/common/technology/xilinx/interface/axi4.gen "
@I [HLS-100] Command 'ap_source' returned 0; elapsed 0.002589Total elapsed time: 0.627 sec.
@I [HLS-100] Command "source /opt/Xilinx/Vivado_HLS/2016.1/common/technology/xilinx/interface/nativeAXI4.gen "
@I [HLS-100] Command "source /opt/Xilinx/Vivado_HLS/2016.1/common/technology/xilinx/interface/saxilite.gen "
@I [HLS-100] Command 'ap_source' returned 0; elapsed 0.004328Total elapsed time: 0.632 sec.
@I [HLS-100] Command "source /opt/Xilinx/Vivado_HLS/2016.1/common/technology/xilinx/interface/maxi.gen "
@I [HLS-100] Command 'ap_source' returned 0; elapsed 0.009204Total elapsed time: 0.641 sec.
@I [HLS-100] Command 'ap_source' returned 0; elapsed 0.014109Total elapsed time: 0.641 sec.
@I [HLS-100] Command "source /opt/Xilinx/Vivado_HLS/2016.1/common/technology/xilinx/scripts/xilinxcoregen.gen "
@I [HLS-100] Command 'ap_source' returned 0; elapsed 0.012181Total elapsed time: 0.654 sec.
@I [HLS-100] Command "source /opt/Xilinx/Vivado_HLS/2016.1/common/technology/xilinx/interface/XilEDKCoreGen.gen "
@I [HLS-100] Command 'ap_source' returned 0; elapsed 0.01007Total elapsed time: 0.664 sec.
@I [HLS-100] Command "source /opt/Xilinx/Vivado_HLS/2016.1/common/technology/xilinx/ip/xfft.gen "
@I [HLS-100] Command 'ap_source' returned 0; elapsed 0.150214Total elapsed time: 0.815 sec.
@I [HLS-100] Command "source /opt/Xilinx/Vivado_HLS/2016.1/common/technology/xilinx/ip/xfir.gen "
@I [HLS-100] Command 'ap_source' returned 0; elapsed 0.00096Total elapsed time: 0.816 sec.
@I [HLS-100] Command "source /opt/Xilinx/Vivado_HLS/2016.1/common/technology/xilinx/ip/util.gen "
@I [HLS-100] Command 'ap_source' returned 0; elapsed 0.000189Total elapsed time: 0.817 sec.
@I [HLS-100] Command "source /opt/Xilinx/Vivado_HLS/2016.1/common/technology/xilinx/ip/dds_compiler.gen "
@I [HLS-100] Command 'ap_source' returned 0; elapsed 0.004501Total elapsed time: 0.822 sec.
@I [HLS-100] Command 'ap_source' returned 0; elapsed 0.199333Total elapsed time: 0.822 sec.
@I [HLS-100] Command "source /opt/Xilinx/Vivado_HLS/2016.1/common/technology/xilinx/common/dsp48.gen "
@I [HLS-100] Command 'ap_source' returned 0; elapsed 0.00018Total elapsed time: 0.824 sec.
@I [HLS-100] Command 'ap_source' returned 0; elapsed 0.202429Total elapsed time: 0.824 sec.
@I [HLS-100] Command 'ap_source' returned 0; elapsed 0.20269Total elapsed time: 0.825 sec.
@I [HLS-100] Command "source /opt/Xilinx/Vivado_HLS/2016.1/common/technology/xilinx/zynq/zynq_fpv6.gen "
@I [HLS-100] Command "source /opt/Xilinx/Vivado_HLS/2016.1/common/technology/xilinx/common/xilinx_fpv6.gen "
@I [HLS-100] Command 'ap_source' returned 0; elapsed 0.002053Total elapsed time: 0.827 sec.
@I [HLS-100] Command 'ap_source' returned 0; elapsed 0.002323Total elapsed time: 0.827 sec.
@I [HLS-100] Command "source /home/darkin/Workspace/Vivado_HLS/convolution_2D/solution1/.autopilot/db/global.setting.tcl "
@I [HLS-100] Command 'ap_source' returned 0; elapsed 0.000252Total elapsed time: 0.828 sec.
@I [IMPL-8] Exporting RTL as an IP in IP-XACT.
@I [HLS-100] Command "source /home/darkin/Workspace/Vivado_HLS/convolution_2D/solution1/.autopilot/db/global.setting.tcl "
@I [HLS-100] Command 'ap_source' returned 0; elapsed 0.000242Total elapsed time: 0.831 sec.
@I [HLS-100] Command "source /home/darkin/Workspace/Vivado_HLS/convolution_2D/solution1/.autopilot/db/global.setting.tcl "
@I [HLS-100] Command 'ap_source' returned 0; elapsed 0.000249Total elapsed time: 0.837 sec.
@I [HLS-100] Command "source /opt/Xilinx/Vivado_HLS/2016.1/common/technology/generic/autopilot/common.gen "
@I [HLS-100] Command "source /opt/Xilinx/Vivado_HLS/2016.1/common/technology/generic/autopilot/APCoreGen.gen "
@I [HLS-100] Command 'ap_source' returned 0; elapsed 0.000639Total elapsed time: 0.838 sec.
@I [HLS-100] Command 'ap_source' returned 0; elapsed 0.001492Total elapsed time: 0.839 sec.
@I [HLS-100] Command "source /opt/Xilinx/Vivado_HLS/2016.1/common/technology/generic/autopilot/op.gen "
@I [HLS-100] Command 'ap_source' returned 0; elapsed 0.000383Total elapsed time: 0.839 sec.
@I [HLS-100] Command "source /opt/Xilinx/Vivado_HLS/2016.1/common/technology/generic/autopilot/op_simcore.gen "
@I [HLS-100] Command 'ap_source' returned 0; elapsed 0.001096Total elapsed time: 0.841 sec.
@I [HLS-100] Command "source /opt/Xilinx/Vivado_HLS/2016.1/common/technology/generic/autopilot/interface.gen "
@I [HLS-100] Command 'ap_source' returned 0; elapsed 0.000102Total elapsed time: 0.841 sec.
@I [HLS-100] Command "source /home/darkin/Workspace/Vivado_HLS/convolution_2D/solution1/.autopilot/db/global.setting.tcl "
@I [HLS-100] Command 'ap_source' returned 0; elapsed 0.000232Total elapsed time: 0.841 sec.
@I [HLS-100] Command "source /opt/Xilinx/Vivado_HLS/2016.1/common/technology/xilinx/zynq/zynq.gen "
@I [HLS-100] Command "source /opt/Xilinx/Vivado_HLS/2016.1/common/technology/xilinx/common/virtex.gen "
@I [HLS-100] Command "source /opt/Xilinx/Vivado_HLS/2016.1/common/technology/xilinx/common/xilinx.gen "
@I [HLS-100] Command "source /opt/Xilinx/Vivado_HLS/2016.1/common/technology/xilinx/interface/plb46.gen "
@I [HLS-100] Command 'ap_source' returned 0; elapsed 0.001153Total elapsed time: 0.843 sec.
@I [HLS-100] Command "source /opt/Xilinx/Vivado_HLS/2016.1/common/technology/xilinx/interface/fsl.gen "
@I [HLS-100] Command 'ap_source' returned 0; elapsed 0.000557Total elapsed time: 0.844 sec.
@I [HLS-100] Command "source /opt/Xilinx/Vivado_HLS/2016.1/common/technology/xilinx/interface/axi4.gen "
@I [HLS-100] Command 'ap_source' returned 0; elapsed 0.002461Total elapsed time: 0.847 sec.
@I [HLS-100] Command "source /opt/Xilinx/Vivado_HLS/2016.1/common/technology/xilinx/interface/nativeAXI4.gen "
@I [HLS-100] Command "source /opt/Xilinx/Vivado_HLS/2016.1/common/technology/xilinx/interface/saxilite.gen "
@I [HLS-100] Command 'ap_source' returned 0; elapsed 0.004173Total elapsed time: 0.851 sec.
@I [HLS-100] Command "source /opt/Xilinx/Vivado_HLS/2016.1/common/technology/xilinx/interface/maxi.gen "
@I [HLS-100] Command 'ap_source' returned 0; elapsed 0.009116Total elapsed time: 0.861 sec.
@I [HLS-100] Command 'ap_source' returned 0; elapsed 0.013848Total elapsed time: 0.861 sec.
@I [HLS-100] Command "source /opt/Xilinx/Vivado_HLS/2016.1/common/technology/xilinx/scripts/xilinxcoregen.gen "
@I [HLS-100] Command 'ap_source' returned 0; elapsed 0.011774Total elapsed time: 0.873 sec.
@I [HLS-100] Command "source /opt/Xilinx/Vivado_HLS/2016.1/common/technology/xilinx/interface/XilEDKCoreGen.gen "
@I [HLS-100] Command 'ap_source' returned 0; elapsed 0.00992Total elapsed time: 0.883 sec.
@I [HLS-100] Command "source /opt/Xilinx/Vivado_HLS/2016.1/common/technology/xilinx/ip/xfft.gen "
@I [HLS-100] Command 'ap_source' returned 0; elapsed 0.125834Total elapsed time: 1.11 sec.
@I [HLS-100] Command "source /opt/Xilinx/Vivado_HLS/2016.1/common/technology/xilinx/ip/xfir.gen "
@I [HLS-100] Command 'ap_source' returned 0; elapsed 0.000697Total elapsed time: 1.11 sec.
@I [HLS-100] Command "source /opt/Xilinx/Vivado_HLS/2016.1/common/technology/xilinx/ip/util.gen "
@I [HLS-100] Command 'ap_source' returned 0; elapsed 0.000138Total elapsed time: 1.12 sec.
@I [HLS-100] Command "source /opt/Xilinx/Vivado_HLS/2016.1/common/technology/xilinx/ip/dds_compiler.gen "
@I [HLS-100] Command 'ap_source' returned 0; elapsed 0.0039Total elapsed time: 1.16 sec.
@I [HLS-100] Command 'ap_source' returned 0; elapsed 0.172528Total elapsed time: 1.16 sec.
@I [HLS-100] Command "source /opt/Xilinx/Vivado_HLS/2016.1/common/technology/xilinx/common/dsp48.gen "
@I [HLS-100] Command 'ap_source' returned 0; elapsed 0.00015Total elapsed time: 1.18 sec.
@I [HLS-100] Command 'ap_source' returned 0; elapsed 0.174908Total elapsed time: 1.18 sec.
@I [HLS-100] Command 'ap_source' returned 0; elapsed 0.17511Total elapsed time: 1.18 sec.
@I [HLS-100] Command "source /opt/Xilinx/Vivado_HLS/2016.1/common/technology/xilinx/zynq/zynq_fpv6.gen "
@I [HLS-100] Command "source /opt/Xilinx/Vivado_HLS/2016.1/common/technology/xilinx/common/xilinx_fpv6.gen "
@I [HLS-100] Command 'ap_source' returned 0; elapsed 0.001646Total elapsed time: 1.20 sec.
@I [HLS-100] Command 'ap_source' returned 0; elapsed 0.001873Total elapsed time: 1.20 sec.
@I [HLS-100] Command "source /home/darkin/Workspace/Vivado_HLS/convolution_2D/solution1/.autopilot/db/global.setting.tcl "
@I [HLS-100] Command 'ap_source' returned 0; elapsed 0.000155Total elapsed time: 1.21 sec.
@I [HLS-100] Command "source /home/darkin/Workspace/Vivado_HLS/convolution_2D/solution1/.autopilot/db/global.setting.tcl "
@I [HLS-100] Command 'ap_source' returned 0; elapsed 0.000136Total elapsed time: 1.21 sec.
@I [HLS-100] Command "source /home/darkin/Workspace/Vivado_HLS/convolution_2D/solution1/.autopilot/db/doImgProc.compgen.tcl "
@I [HLS-100] Command 'ap_source' returned 0; elapsed 0.000264Total elapsed time: 1.22 sec.
@I [HLS-100] Command "source /home/darkin/Workspace/Vivado_HLS/convolution_2D/solution1/.autopilot/db/global.setting.tcl "
@I [HLS-100] Command 'ap_source' returned 0; elapsed 0.000142Total elapsed time: 1.25 sec.
@I [HLS-100] Command "source /home/darkin/Workspace/Vivado_HLS/convolution_2D/solution1/.autopilot/db/global.setting.tcl "
@I [HLS-100] Command 'ap_source' returned 0; elapsed 0.000129Total elapsed time: 1.25 sec.
@I [HLS-100] Command "source /home/darkin/Workspace/Vivado_HLS/convolution_2D/solution1/.autopilot/db/doImgProc.compgen.tcl "
@I [HLS-100] Command "source /home/darkin/Workspace/Vivado_HLS/convolution_2D/solution1/.autopilot/db/doImgProc.rtl_wrap.cfg.tcl "
@I [HLS-100] Command 'ap_source' returned 0; elapsed 0.000647Total elapsed time: 1.27 sec.
@I [HLS-100] Command "source /home/darkin/Workspace/Vivado_HLS/convolution_2D/solution1/.autopilot/db/doImgProc.rtl_wrap.cfg.tcl "
@I [HLS-100] Command 'ap_source' returned 0; elapsed 0.00061Total elapsed time: 1.28 sec.
@I [HLS-100] Command "source /home/darkin/Workspace/Vivado_HLS/convolution_2D/solution1/.autopilot/db/doImgProc.rtl_wrap.cfg.tcl "
@I [HLS-100] Command 'ap_source' returned 0; elapsed 0.000659Total elapsed time: 1.29 sec.
@I [HLS-100] Command "source /home/darkin/Workspace/Vivado_HLS/convolution_2D/solution1/.autopilot/db/doImgProc.tbgen.tcl "
@I [HLS-100] Command 'ap_source' returned 0; elapsed 0.00026Total elapsed time: 1.29 sec.
@I [HLS-100] Command "source /home/darkin/Workspace/Vivado_HLS/convolution_2D/solution1/.autopilot/db/doImgProc.tbgen.tcl "
@I [HLS-100] Command 'ap_source' returned 0; elapsed 0.000234Total elapsed time: 1.29 sec.
@I [HLS-100] Command 'ap_source' returned 0; elapsed 0.093324Total elapsed time: 1.119 sec.
@I [HLS-100] Command "source /home/darkin/Workspace/Vivado_HLS/convolution_2D/solution1/.autopilot/db/global.setting.tcl "
@I [HLS-100] Command 'ap_source' returned 0; elapsed 0.000147Total elapsed time: 1.126 sec.
@I [HLS-100] Command "source /home/darkin/Workspace/Vivado_HLS/convolution_2D/solution1/.autopilot/db/global.setting.tcl "
@I [HLS-100] Command 'ap_source' returned 0; elapsed 0.000132Total elapsed time: 1.127 sec.
@I [HLS-100] Command "source /home/darkin/Workspace/Vivado_HLS/convolution_2D/solution1/.autopilot/db/doImgProc.compgen.tcl "
@I [HLS-100] Command 'ap_source' returned 0; elapsed 0.000265Total elapsed time: 1.127 sec.
@I [HLS-100] Command "source /home/darkin/Workspace/Vivado_HLS/convolution_2D/solution1/.autopilot/db/global.setting.tcl "
@I [HLS-100] Command 'ap_source' returned 0; elapsed 0.000151Total elapsed time: 1.156 sec.
@I [HLS-100] Command "source /home/darkin/Workspace/Vivado_HLS/convolution_2D/solution1/.autopilot/db/doImgProc.constraint.tcl "
@I [HLS-100] Command 'ap_source' returned 0; elapsed 7.3e-05Total elapsed time: 1.158 sec.
@I [HLS-100] Command "source /home/darkin/Workspace/Vivado_HLS/convolution_2D/solution1/.autopilot/db/doImgProc.rtl_wrap.cfg.tcl "
@I [HLS-100] Command 'ap_source' returned 0; elapsed 0.000654Total elapsed time: 1.165 sec.
@I [HLS-100] Command "source /home/darkin/Workspace/Vivado_HLS/convolution_2D/solution1/.autopilot/db/doImgProc.rtl_wrap.cfg.tcl "
@I [HLS-100] Command 'ap_source' returned 0; elapsed 0.000618Total elapsed time: 1.166 sec.
@I [HLS-100] Command "source /home/darkin/Workspace/Vivado_HLS/convolution_2D/solution1/.autopilot/db/doImgProc.rtl_wrap.cfg.tcl "
@I [HLS-100] Command 'ap_source' returned 0; elapsed 0.000626Total elapsed time: 1.166 sec.
@I [HLS-100] Command "source /home/darkin/Workspace/Vivado_HLS/convolution_2D/solution1/.autopilot/db/doImgProc.tbgen.tcl "
@I [HLS-100] Command 'ap_source' returned 0; elapsed 0.000249Total elapsed time: 1.167 sec.
@I [HLS-100] Command "source /home/darkin/Workspace/Vivado_HLS/convolution_2D/solution1/.autopilot/db/doImgProc.tbgen.tcl "
@I [HLS-100] Command 'ap_source' returned 0; elapsed 0.000242Total elapsed time: 1.167 sec.
@I [HLS-100] Command "source /home/darkin/Workspace/Vivado_HLS/convolution_2D/solution1/.autopilot/db/global.setting.tcl "
@I [HLS-100] Command 'ap_source' returned 0; elapsed 0.00016Total elapsed time: 1.254 sec.
@I [HLS-100] Command "source /home/darkin/Workspace/Vivado_HLS/convolution_2D/solution1/.autopilot/db/global.setting.tcl "
@I [HLS-100] Command 'ap_source' returned 0; elapsed 0.000144Total elapsed time: 1.268 sec.
@I [HLS-100] Command "source /home/darkin/Workspace/Vivado_HLS/convolution_2D/solution1/.autopilot/db/global.setting.tcl "
@I [HLS-100] Command 'ap_source' returned 0; elapsed 0.000142Total elapsed time: 1.271 sec.
@I [HLS-100] Command "source /home/darkin/Workspace/Vivado_HLS/convolution_2D/solution1/.autopilot/db/doImgProc.rtl_wrap.cfg.tcl "
@I [HLS-100] Command 'ap_source' returned 0; elapsed 0.000639Total elapsed time: 1.273 sec.
@I [HLS-100] Command "source /home/darkin/Workspace/Vivado_HLS/convolution_2D/solution1/.autopilot/db/doImgProc.rtl_wrap.cfg.tcl "
@I [HLS-100] Command 'ap_source' returned 0; elapsed 0.00063Total elapsed time: 1.274 sec.
@I [HLS-100] Command "source /home/darkin/Workspace/Vivado_HLS/convolution_2D/solution1/.autopilot/db/doImgProc.tbgen.tcl "
@I [HLS-100] Command 'ap_source' returned 0; elapsed 0.000248Total elapsed time: 1.274 sec.
@I [HLS-100] Command "source /home/darkin/Workspace/Vivado_HLS/convolution_2D/solution1/.autopilot/db/doImgProc.tbgen.tcl "
@I [HLS-100] Command 'ap_source' returned 0; elapsed 0.000228Total elapsed time: 1.275 sec.
@I [HLS-100] Command "source /home/darkin/Workspace/Vivado_HLS/convolution_2D/solution1/.autopilot/db/doImgProc.rtl_wrap.cfg.tcl "
@I [HLS-100] Command 'ap_source' returned 0; elapsed 0.000661Total elapsed time: 1.356 sec.
@I [HLS-100] Command "source /home/darkin/Workspace/Vivado_HLS/convolution_2D/solution1/.autopilot/db/doImgProc.rtl_wrap.cfg.tcl "
@I [HLS-100] Command 'ap_source' returned 0; elapsed 0.000678Total elapsed time: 1.357 sec.
@I [HLS-100] Command "source /home/darkin/Workspace/Vivado_HLS/convolution_2D/solution1/.autopilot/db/doImgProc.tbgen.tcl "
@I [HLS-100] Command 'ap_source' returned 0; elapsed 0.000267Total elapsed time: 1.357 sec.
@I [HLS-100] Command "source /home/darkin/Workspace/Vivado_HLS/convolution_2D/solution1/.autopilot/db/doImgProc.tbgen.tcl "
@I [HLS-100] Command 'ap_source' returned 0; elapsed 0.000234Total elapsed time: 1.358 sec.
@I [HLS-100] Command "source /home/darkin/Workspace/Vivado_HLS/convolution_2D/solution1/.autopilot/db/global.setting.tcl "
@I [HLS-100] Command 'ap_source' returned 0; elapsed 0.00018Total elapsed time: 1.433 sec.
@I [HLS-100] Command "source /home/darkin/Workspace/Vivado_HLS/convolution_2D/solution1/.autopilot/db/doImgProc.rtl_wrap.cfg.tcl "
@I [HLS-100] Command 'ap_source' returned 0; elapsed 0.00066Total elapsed time: 1.435 sec.
@I [HLS-100] Command "source /home/darkin/Workspace/Vivado_HLS/convolution_2D/solution1/.autopilot/db/doImgProc.rtl_wrap.cfg.tcl "
@I [HLS-100] Command 'ap_source' returned 0; elapsed 0.001118Total elapsed time: 1.436 sec.
@I [HLS-100] Command "source /home/darkin/Workspace/Vivado_HLS/convolution_2D/solution1/.autopilot/db/doImgProc.tbgen.tcl "
@I [HLS-100] Command 'ap_source' returned 0; elapsed 0.000263Total elapsed time: 1.437 sec.
@I [HLS-100] Command "source /home/darkin/Workspace/Vivado_HLS/convolution_2D/solution1/.autopilot/db/doImgProc.tbgen.tcl "
@I [HLS-100] Command 'ap_source' returned 0; elapsed 0.000247Total elapsed time: 1.437 sec.
@I [HLS-100] Command "source /home/darkin/Workspace/Vivado_HLS/convolution_2D/solution1/.autopilot/db/global.setting.tcl "
@I [HLS-100] Command 'ap_source' returned 0; elapsed 0.00017Total elapsed time: 1.515 sec.
@I [HLS-100] Command "source /home/darkin/Workspace/Vivado_HLS/convolution_2D/solution1/.autopilot/db/global.setting.tcl "
@I [HLS-100] Command 'ap_source' returned 0; elapsed 0.000133Total elapsed time: 1.515 sec.
@I [HLS-100] Command "source /home/darkin/Workspace/Vivado_HLS/convolution_2D/solution1/.autopilot/db/doImgProc.constraint.tcl "
@I [HLS-100] Command 'ap_source' returned 0; elapsed 6.2e-05Total elapsed time: 1.517 sec.
@I [HLS-100] Command "source /home/darkin/Workspace/Vivado_HLS/convolution_2D/solution1/.autopilot/db/global.setting.tcl "
@I [HLS-100] Command 'ap_source' returned 0; elapsed 0.000172Total elapsed time: 1.534 sec.
@I [HLS-100] Command "source /home/darkin/Workspace/Vivado_HLS/convolution_2D/solution1/.autopilot/db/global.setting.tcl "
@I [HLS-100] Command 'ap_source' returned 0; elapsed 0.000156Total elapsed time: 1.548 sec.
@I [HLS-100] Command "source /home/darkin/Workspace/Vivado_HLS/convolution_2D/solution1/.autopilot/db/doImgProc.constraint.tcl "
@I [HLS-100] Command 'ap_source' returned 0; elapsed 6.4e-05Total elapsed time: 1.549 sec.
@I [HLS-100] Command "source /home/darkin/Workspace/Vivado_HLS/convolution_2D/solution1/.autopilot/db/doImgProc.constraint.tcl "
@I [HLS-100] Command 'ap_source' returned 0; elapsed 8.2e-05Total elapsed time: 1.549 sec.
@I [HLS-100] Command "source /opt/Xilinx/Vivado_HLS/2016.1/common/technology/generic/autopilot/common.gen "
@I [HLS-100] Command "source /opt/Xilinx/Vivado_HLS/2016.1/common/technology/generic/autopilot/APCoreGen.gen "
@I [HLS-100] Command 'ap_source' returned 0; elapsed 0.000481Total elapsed time: 1.552 sec.
@I [HLS-100] Command 'ap_source' returned 0; elapsed 0.001111Total elapsed time: 1.552 sec.
@I [HLS-100] Command "source /opt/Xilinx/Vivado_HLS/2016.1/common/technology/generic/autopilot/op.gen "
@I [HLS-100] Command 'ap_source' returned 0; elapsed 0.000266Total elapsed time: 1.552 sec.
@I [HLS-100] Command "source /opt/Xilinx/Vivado_HLS/2016.1/common/technology/generic/autopilot/op_simcore.gen "
@I [HLS-100] Command 'ap_source' returned 0; elapsed 0.00079Total elapsed time: 1.553 sec.
@I [HLS-100] Command "source /opt/Xilinx/Vivado_HLS/2016.1/common/technology/generic/autopilot/interface.gen "
@I [HLS-100] Command 'ap_source' returned 0; elapsed 8.4e-05Total elapsed time: 1.554 sec.
@I [HLS-100] Command "source /home/darkin/Workspace/Vivado_HLS/convolution_2D/solution1/.autopilot/db/global.setting.tcl "
@I [HLS-100] Command 'ap_source' returned 0; elapsed 0.00014Total elapsed time: 1.554 sec.
@I [HLS-100] Command "source /opt/Xilinx/Vivado_HLS/2016.1/common/technology/xilinx/zynq/zynq.gen "
@I [HLS-100] Command "source /opt/Xilinx/Vivado_HLS/2016.1/common/technology/xilinx/common/virtex.gen "
@I [HLS-100] Command "source /opt/Xilinx/Vivado_HLS/2016.1/common/technology/xilinx/common/xilinx.gen "
@I [HLS-100] Command "source /opt/Xilinx/Vivado_HLS/2016.1/common/technology/xilinx/interface/plb46.gen "
@I [HLS-100] Command 'ap_source' returned 0; elapsed 0.000876Total elapsed time: 1.555 sec.
@I [HLS-100] Command "source /opt/Xilinx/Vivado_HLS/2016.1/common/technology/xilinx/interface/fsl.gen "
@I [HLS-100] Command 'ap_source' returned 0; elapsed 0.000415Total elapsed time: 1.556 sec.
@I [HLS-100] Command "source /opt/Xilinx/Vivado_HLS/2016.1/common/technology/xilinx/interface/axi4.gen "
@I [HLS-100] Command 'ap_source' returned 0; elapsed 0.002126Total elapsed time: 1.558 sec.
@I [HLS-100] Command "source /opt/Xilinx/Vivado_HLS/2016.1/common/technology/xilinx/interface/nativeAXI4.gen "
@I [HLS-100] Command "source /opt/Xilinx/Vivado_HLS/2016.1/common/technology/xilinx/interface/saxilite.gen "
@I [HLS-100] Command 'ap_source' returned 0; elapsed 0.003194Total elapsed time: 1.561 sec.
@I [HLS-100] Command "source /opt/Xilinx/Vivado_HLS/2016.1/common/technology/xilinx/interface/maxi.gen "
@I [HLS-100] Command 'ap_source' returned 0; elapsed 0.006604Total elapsed time: 1.568 sec.
@I [HLS-100] Command 'ap_source' returned 0; elapsed 0.010247Total elapsed time: 1.568 sec.
@I [HLS-100] Command "source /opt/Xilinx/Vivado_HLS/2016.1/common/technology/xilinx/scripts/xilinxcoregen.gen "
@I [HLS-100] Command 'ap_source' returned 0; elapsed 0.011175Total elapsed time: 1.580 sec.
@I [HLS-100] Command "source /opt/Xilinx/Vivado_HLS/2016.1/common/technology/xilinx/interface/XilEDKCoreGen.gen "
@I [HLS-100] Command 'ap_source' returned 0; elapsed 0.008098Total elapsed time: 1.588 sec.
@I [HLS-100] Command "source /opt/Xilinx/Vivado_HLS/2016.1/common/technology/xilinx/ip/xfft.gen "
@I [HLS-100] Command 'ap_source' returned 0; elapsed 0.093957Total elapsed time: 1.683 sec.
@I [HLS-100] Command "source /opt/Xilinx/Vivado_HLS/2016.1/common/technology/xilinx/ip/xfir.gen "
@I [HLS-100] Command 'ap_source' returned 0; elapsed 0.000757Total elapsed time: 1.684 sec.
@I [HLS-100] Command "source /opt/Xilinx/Vivado_HLS/2016.1/common/technology/xilinx/ip/util.gen "
@I [HLS-100] Command 'ap_source' returned 0; elapsed 0.000148Total elapsed time: 1.684 sec.
@I [HLS-100] Command "source /opt/Xilinx/Vivado_HLS/2016.1/common/technology/xilinx/ip/dds_compiler.gen "
@I [HLS-100] Command 'ap_source' returned 0; elapsed 0.003242Total elapsed time: 1.687 sec.
@I [HLS-100] Command 'ap_source' returned 0; elapsed 0.133285Total elapsed time: 1.688 sec.
@I [HLS-100] Command "source /opt/Xilinx/Vivado_HLS/2016.1/common/technology/xilinx/common/dsp48.gen "
@I [HLS-100] Command 'ap_source' returned 0; elapsed 0.000141Total elapsed time: 1.689 sec.
@I [HLS-100] Command 'ap_source' returned 0; elapsed 0.135452Total elapsed time: 1.690 sec.
@I [HLS-100] Command 'ap_source' returned 0; elapsed 0.135634Total elapsed time: 1.690 sec.
@I [HLS-100] Command "source /opt/Xilinx/Vivado_HLS/2016.1/common/technology/xilinx/zynq/zynq_fpv6.gen "
@I [HLS-100] Command "source /opt/Xilinx/Vivado_HLS/2016.1/common/technology/xilinx/common/xilinx_fpv6.gen "
@I [HLS-100] Command 'ap_source' returned 0; elapsed 0.001403Total elapsed time: 1.691 sec.
@I [HLS-100] Command 'ap_source' returned 0; elapsed 0.001608Total elapsed time: 1.691 sec.
@I [HLS-100] Command "source /home/darkin/Workspace/Vivado_HLS/convolution_2D/solution1/.autopilot/db/global.setting.tcl "
@I [HLS-100] Command 'ap_source' returned 0; elapsed 0.000187Total elapsed time: 11.360 sec.
@I [HLS-100] Command "source /opt/Xilinx/Vivado_HLS/2016.1/common/technology/generic/autopilot/common.gen "
@I [HLS-100] Command "source /opt/Xilinx/Vivado_HLS/2016.1/common/technology/generic/autopilot/APCoreGen.gen "
@I [HLS-100] Command 'ap_source' returned 0; elapsed 0.000508Total elapsed time: 11.364 sec.
@I [HLS-100] Command 'ap_source' returned 0; elapsed 0.001183Total elapsed time: 11.364 sec.
@I [HLS-100] Command "source /opt/Xilinx/Vivado_HLS/2016.1/common/technology/generic/autopilot/op.gen "
@I [HLS-100] Command 'ap_source' returned 0; elapsed 0.000292Total elapsed time: 11.365 sec.
@I [HLS-100] Command "source /opt/Xilinx/Vivado_HLS/2016.1/common/technology/generic/autopilot/op_simcore.gen "
@I [HLS-100] Command 'ap_source' returned 0; elapsed 0.000893Total elapsed time: 11.366 sec.
@I [HLS-100] Command "source /opt/Xilinx/Vivado_HLS/2016.1/common/technology/generic/autopilot/interface.gen "
@I [HLS-100] Command 'ap_source' returned 0; elapsed 8.8e-05Total elapsed time: 11.366 sec.
@I [HLS-100] Command "source /home/darkin/Workspace/Vivado_HLS/convolution_2D/solution1/.autopilot/db/global.setting.tcl "
@I [HLS-100] Command 'ap_source' returned 0; elapsed 0.000147Total elapsed time: 11.366 sec.
@I [HLS-100] Command "source /opt/Xilinx/Vivado_HLS/2016.1/common/technology/xilinx/zynq/zynq.gen "
@I [HLS-100] Command "source /opt/Xilinx/Vivado_HLS/2016.1/common/technology/xilinx/common/virtex.gen "
@I [HLS-100] Command "source /opt/Xilinx/Vivado_HLS/2016.1/common/technology/xilinx/common/xilinx.gen "
@I [HLS-100] Command "source /opt/Xilinx/Vivado_HLS/2016.1/common/technology/xilinx/interface/plb46.gen "
@I [HLS-100] Command 'ap_source' returned 0; elapsed 0.000945Total elapsed time: 11.368 sec.
@I [HLS-100] Command "source /opt/Xilinx/Vivado_HLS/2016.1/common/technology/xilinx/interface/fsl.gen "
@I [HLS-100] Command 'ap_source' returned 0; elapsed 0.000431Total elapsed time: 11.368 sec.
@I [HLS-100] Command "source /opt/Xilinx/Vivado_HLS/2016.1/common/technology/xilinx/interface/axi4.gen "
@I [HLS-100] Command 'ap_source' returned 0; elapsed 0.001971Total elapsed time: 11.370 sec.
@I [HLS-100] Command "source /opt/Xilinx/Vivado_HLS/2016.1/common/technology/xilinx/interface/nativeAXI4.gen "
@I [HLS-100] Command "source /opt/Xilinx/Vivado_HLS/2016.1/common/technology/xilinx/interface/saxilite.gen "
@I [HLS-100] Command 'ap_source' returned 0; elapsed 0.003237Total elapsed time: 11.374 sec.
@I [HLS-100] Command "source /opt/Xilinx/Vivado_HLS/2016.1/common/technology/xilinx/interface/maxi.gen "
@I [HLS-100] Command 'ap_source' returned 0; elapsed 0.006573Total elapsed time: 11.381 sec.
@I [HLS-100] Command 'ap_source' returned 0; elapsed 0.010265Total elapsed time: 11.381 sec.
@I [HLS-100] Command "source /opt/Xilinx/Vivado_HLS/2016.1/common/technology/xilinx/scripts/xilinxcoregen.gen "
@I [HLS-100] Command 'ap_source' returned 0; elapsed 0.009391Total elapsed time: 11.390 sec.
@I [HLS-100] Command "source /opt/Xilinx/Vivado_HLS/2016.1/common/technology/xilinx/interface/XilEDKCoreGen.gen "
@I [HLS-100] Command 'ap_source' returned 0; elapsed 0.00779Total elapsed time: 11.398 sec.
@I [HLS-100] Command "source /opt/Xilinx/Vivado_HLS/2016.1/common/technology/xilinx/ip/xfft.gen "
@I [HLS-100] Command 'ap_source' returned 0; elapsed 0.093331Total elapsed time: 11.493 sec.
@I [HLS-100] Command "source /opt/Xilinx/Vivado_HLS/2016.1/common/technology/xilinx/ip/xfir.gen "
@I [HLS-100] Command 'ap_source' returned 0; elapsed 0.000893Total elapsed time: 11.494 sec.
@I [HLS-100] Command "source /opt/Xilinx/Vivado_HLS/2016.1/common/technology/xilinx/ip/util.gen "
@I [HLS-100] Command 'ap_source' returned 0; elapsed 0.000224Total elapsed time: 11.495 sec.
@I [HLS-100] Command "source /opt/Xilinx/Vivado_HLS/2016.1/common/technology/xilinx/ip/dds_compiler.gen "
@I [HLS-100] Command 'ap_source' returned 0; elapsed 0.003376Total elapsed time: 11.498 sec.
@I [HLS-100] Command 'ap_source' returned 0; elapsed 0.130819Total elapsed time: 11.498 sec.
@I [HLS-100] Command "source /opt/Xilinx/Vivado_HLS/2016.1/common/technology/xilinx/common/dsp48.gen "
@I [HLS-100] Command 'ap_source' returned 0; elapsed 0.000146Total elapsed time: 11.500 sec.
@I [HLS-100] Command 'ap_source' returned 0; elapsed 0.132944Total elapsed time: 11.500 sec.
@I [HLS-100] Command 'ap_source' returned 0; elapsed 0.133122Total elapsed time: 11.500 sec.
@I [HLS-100] Command "source /opt/Xilinx/Vivado_HLS/2016.1/common/technology/xilinx/zynq/zynq_fpv6.gen "
@I [HLS-100] Command "source /opt/Xilinx/Vivado_HLS/2016.1/common/technology/xilinx/common/xilinx_fpv6.gen "
@I [HLS-100] Command 'ap_source' returned 0; elapsed 0.001466Total elapsed time: 11.502 sec.
@I [HLS-100] Command 'ap_source' returned 0; elapsed 0.001739Total elapsed time: 11.502 sec.
@I [HLS-100] Command "source /home/darkin/Workspace/Vivado_HLS/convolution_2D/solution1/.autopilot/db/global.setting.tcl "
@I [HLS-100] Command 'ap_source' returned 0; elapsed 0.000272Total elapsed time: 11.503 sec.
@I [IMPL-8] Starting RTL evaluation using Vivado ...
@I [HLS-100] Command "source /home/darkin/Workspace/Vivado_HLS/convolution_2D/solution1/.autopilot/db/global.setting.tcl "
@I [HLS-100] Command 'ap_source' returned 0; elapsed 0.000235Total elapsed time: 11.504 sec.
@I [HLS-100] Command "source /home/darkin/Workspace/Vivado_HLS/convolution_2D/solution1/.autopilot/db/global.setting.tcl "
@I [HLS-100] Command 'ap_source' returned 0; elapsed 0.000161Total elapsed time: 11.507 sec.
@I [HLS-100] Command "source /opt/Xilinx/Vivado_HLS/2016.1/common/technology/generic/autopilot/common.gen "
@I [HLS-100] Command "source /opt/Xilinx/Vivado_HLS/2016.1/common/technology/generic/autopilot/APCoreGen.gen "
@I [HLS-100] Command 'ap_source' returned 0; elapsed 0.000447Total elapsed time: 11.508 sec.
@I [HLS-100] Command 'ap_source' returned 0; elapsed 0.001031Total elapsed time: 11.508 sec.
@I [HLS-100] Command "source /opt/Xilinx/Vivado_HLS/2016.1/common/technology/generic/autopilot/op.gen "
@I [HLS-100] Command 'ap_source' returned 0; elapsed 0.000278Total elapsed time: 11.508 sec.
@I [HLS-100] Command "source /opt/Xilinx/Vivado_HLS/2016.1/common/technology/generic/autopilot/op_simcore.gen "
@I [HLS-100] Command 'ap_source' returned 0; elapsed 0.000804Total elapsed time: 11.509 sec.
@I [HLS-100] Command "source /opt/Xilinx/Vivado_HLS/2016.1/common/technology/generic/autopilot/interface.gen "
@I [HLS-100] Command 'ap_source' returned 0; elapsed 8.1e-05Total elapsed time: 11.510 sec.
@I [HLS-100] Command "source /home/darkin/Workspace/Vivado_HLS/convolution_2D/solution1/.autopilot/db/global.setting.tcl "
@I [HLS-100] Command 'ap_source' returned 0; elapsed 0.000139Total elapsed time: 11.510 sec.
@I [HLS-100] Command "source /opt/Xilinx/Vivado_HLS/2016.1/common/technology/xilinx/zynq/zynq.gen "
@I [HLS-100] Command "source /opt/Xilinx/Vivado_HLS/2016.1/common/technology/xilinx/common/virtex.gen "
@I [HLS-100] Command "source /opt/Xilinx/Vivado_HLS/2016.1/common/technology/xilinx/common/xilinx.gen "
@I [HLS-100] Command "source /opt/Xilinx/Vivado_HLS/2016.1/common/technology/xilinx/interface/plb46.gen "
@I [HLS-100] Command 'ap_source' returned 0; elapsed 0.000872Total elapsed time: 11.511 sec.
@I [HLS-100] Command "source /opt/Xilinx/Vivado_HLS/2016.1/common/technology/xilinx/interface/fsl.gen "
@I [HLS-100] Command 'ap_source' returned 0; elapsed 0.00047Total elapsed time: 11.512 sec.
@I [HLS-100] Command "source /opt/Xilinx/Vivado_HLS/2016.1/common/technology/xilinx/interface/axi4.gen "
@I [HLS-100] Command 'ap_source' returned 0; elapsed 0.00196Total elapsed time: 11.514 sec.
@I [HLS-100] Command "source /opt/Xilinx/Vivado_HLS/2016.1/common/technology/xilinx/interface/nativeAXI4.gen "
@I [HLS-100] Command "source /opt/Xilinx/Vivado_HLS/2016.1/common/technology/xilinx/interface/saxilite.gen "
@I [HLS-100] Command 'ap_source' returned 0; elapsed 0.003253Total elapsed time: 11.518 sec.
@I [HLS-100] Command "source /opt/Xilinx/Vivado_HLS/2016.1/common/technology/xilinx/interface/maxi.gen "
@I [HLS-100] Command 'ap_source' returned 0; elapsed 0.006496Total elapsed time: 11.524 sec.
@I [HLS-100] Command 'ap_source' returned 0; elapsed 0.010223Total elapsed time: 11.524 sec.
@I [HLS-100] Command "source /opt/Xilinx/Vivado_HLS/2016.1/common/technology/xilinx/scripts/xilinxcoregen.gen "
@I [HLS-100] Command 'ap_source' returned 0; elapsed 0.008872Total elapsed time: 11.533 sec.
@I [HLS-100] Command "source /opt/Xilinx/Vivado_HLS/2016.1/common/technology/xilinx/interface/XilEDKCoreGen.gen "
@I [HLS-100] Command 'ap_source' returned 0; elapsed 0.007654Total elapsed time: 11.541 sec.
@I [HLS-100] Command "source /opt/Xilinx/Vivado_HLS/2016.1/common/technology/xilinx/ip/xfft.gen "
@I [HLS-100] Command 'ap_source' returned 0; elapsed 0.095133Total elapsed time: 11.637 sec.
@I [HLS-100] Command "source /opt/Xilinx/Vivado_HLS/2016.1/common/technology/xilinx/ip/xfir.gen "
@I [HLS-100] Command 'ap_source' returned 0; elapsed 0.000704Total elapsed time: 11.638 sec.
@I [HLS-100] Command "source /opt/Xilinx/Vivado_HLS/2016.1/common/technology/xilinx/ip/util.gen "
@I [HLS-100] Command 'ap_source' returned 0; elapsed 0.000141Total elapsed time: 11.638 sec.
@I [HLS-100] Command "source /opt/Xilinx/Vivado_HLS/2016.1/common/technology/xilinx/ip/dds_compiler.gen "
@I [HLS-100] Command 'ap_source' returned 0; elapsed 0.003364Total elapsed time: 11.641 sec.
@I [HLS-100] Command 'ap_source' returned 0; elapsed 0.13126Total elapsed time: 11.642 sec.
@I [HLS-100] Command "source /opt/Xilinx/Vivado_HLS/2016.1/common/technology/xilinx/common/dsp48.gen "
@I [HLS-100] Command 'ap_source' returned 0; elapsed 0.000148Total elapsed time: 11.643 sec.
@I [HLS-100] Command 'ap_source' returned 0; elapsed 0.133424Total elapsed time: 11.644 sec.
@I [HLS-100] Command 'ap_source' returned 0; elapsed 0.133621Total elapsed time: 11.644 sec.
@I [HLS-100] Command "source /opt/Xilinx/Vivado_HLS/2016.1/common/technology/xilinx/zynq/zynq_fpv6.gen "
@I [HLS-100] Command "source /opt/Xilinx/Vivado_HLS/2016.1/common/technology/xilinx/common/xilinx_fpv6.gen "
@I [HLS-100] Command 'ap_source' returned 0; elapsed 0.001394Total elapsed time: 11.645 sec.
@I [HLS-100] Command 'ap_source' returned 0; elapsed 0.001599Total elapsed time: 11.645 sec.
@I [HLS-100] Command "source /home/darkin/Workspace/Vivado_HLS/convolution_2D/solution1/.autopilot/db/global.setting.tcl "
@I [HLS-100] Command 'ap_source' returned 0; elapsed 0.000144Total elapsed time: 11.646 sec.
@I [HLS-100] Command "source /home/darkin/Workspace/Vivado_HLS/convolution_2D/solution1/.autopilot/db/global.setting.tcl "
@I [HLS-100] Command 'ap_source' returned 0; elapsed 0.000134Total elapsed time: 11.646 sec.
@I [HLS-100] Command "source /home/darkin/Workspace/Vivado_HLS/convolution_2D/solution1/.autopilot/db/doImgProc.compgen.tcl "
@I [HLS-100] Command 'ap_source' returned 0; elapsed 0.000266Total elapsed time: 11.647 sec.
@I [HLS-100] Command "source /home/darkin/Workspace/Vivado_HLS/convolution_2D/solution1/.autopilot/db/global.setting.tcl "
@I [HLS-100] Command 'ap_source' returned 0; elapsed 0.000155Total elapsed time: 11.661 sec.
@I [HLS-100] Command "source /home/darkin/Workspace/Vivado_HLS/convolution_2D/solution1/.autopilot/db/doImgProc.constraint.tcl "
@I [HLS-100] Command 'ap_source' returned 0; elapsed 6.1e-05Total elapsed time: 11.662 sec.
@I [HLS-100] Command "source /opt/Xilinx/Vivado_HLS/2016.1/common/technology/generic/autopilot/common.gen "
@I [HLS-100] Command "source /opt/Xilinx/Vivado_HLS/2016.1/common/technology/generic/autopilot/APCoreGen.gen "
@I [HLS-100] Command 'ap_source' returned 0; elapsed 0.000467Total elapsed time: 11.663 sec.
@I [HLS-100] Command 'ap_source' returned 0; elapsed 0.001091Total elapsed time: 11.664 sec.
@I [HLS-100] Command "source /opt/Xilinx/Vivado_HLS/2016.1/common/technology/generic/autopilot/op.gen "
@I [HLS-100] Command 'ap_source' returned 0; elapsed 0.000264Total elapsed time: 11.664 sec.
@I [HLS-100] Command "source /opt/Xilinx/Vivado_HLS/2016.1/common/technology/generic/autopilot/op_simcore.gen "
@I [HLS-100] Command 'ap_source' returned 0; elapsed 0.000809Total elapsed time: 11.665 sec.
@I [HLS-100] Command "source /opt/Xilinx/Vivado_HLS/2016.1/common/technology/generic/autopilot/interface.gen "
@I [HLS-100] Command 'ap_source' returned 0; elapsed 8.4e-05Total elapsed time: 11.665 sec.
@I [HLS-100] Command "source /home/darkin/Workspace/Vivado_HLS/convolution_2D/solution1/.autopilot/db/global.setting.tcl "
@I [HLS-100] Command 'ap_source' returned 0; elapsed 0.000146Total elapsed time: 11.666 sec.
@I [HLS-100] Command "source /opt/Xilinx/Vivado_HLS/2016.1/common/technology/xilinx/zynq/zynq.gen "
@I [HLS-100] Command "source /opt/Xilinx/Vivado_HLS/2016.1/common/technology/xilinx/common/virtex.gen "
@I [HLS-100] Command "source /opt/Xilinx/Vivado_HLS/2016.1/common/technology/xilinx/common/xilinx.gen "
@I [HLS-100] Command "source /opt/Xilinx/Vivado_HLS/2016.1/common/technology/xilinx/interface/plb46.gen "
@I [HLS-100] Command 'ap_source' returned 0; elapsed 0.00088Total elapsed time: 11.667 sec.
@I [HLS-100] Command "source /opt/Xilinx/Vivado_HLS/2016.1/common/technology/xilinx/interface/fsl.gen "
@I [HLS-100] Command 'ap_source' returned 0; elapsed 0.000416Total elapsed time: 11.668 sec.
@I [HLS-100] Command "source /opt/Xilinx/Vivado_HLS/2016.1/common/technology/xilinx/interface/axi4.gen "
@I [HLS-100] Command 'ap_source' returned 0; elapsed 0.001856Total elapsed time: 11.670 sec.
@I [HLS-100] Command "source /opt/Xilinx/Vivado_HLS/2016.1/common/technology/xilinx/interface/nativeAXI4.gen "
@I [HLS-100] Command "source /opt/Xilinx/Vivado_HLS/2016.1/common/technology/xilinx/interface/saxilite.gen "
@I [HLS-100] Command 'ap_source' returned 0; elapsed 0.003039Total elapsed time: 11.673 sec.
@I [HLS-100] Command "source /opt/Xilinx/Vivado_HLS/2016.1/common/technology/xilinx/interface/maxi.gen "
@I [HLS-100] Command 'ap_source' returned 0; elapsed 0.006546Total elapsed time: 11.680 sec.
@I [HLS-100] Command 'ap_source' returned 0; elapsed 0.010081Total elapsed time: 11.680 sec.
@I [HLS-100] Command "source /opt/Xilinx/Vivado_HLS/2016.1/common/technology/xilinx/scripts/xilinxcoregen.gen "
@I [HLS-100] Command 'ap_source' returned 0; elapsed 0.008778Total elapsed time: 11.689 sec.
@I [HLS-100] Command "source /opt/Xilinx/Vivado_HLS/2016.1/common/technology/xilinx/interface/XilEDKCoreGen.gen "
@I [HLS-100] Command 'ap_source' returned 0; elapsed 0.007677Total elapsed time: 11.697 sec.
@I [HLS-100] Command "source /opt/Xilinx/Vivado_HLS/2016.1/common/technology/xilinx/ip/xfft.gen "
@I [HLS-100] Command 'ap_source' returned 0; elapsed 0.09467Total elapsed time: 11.792 sec.
@I [HLS-100] Command "source /opt/Xilinx/Vivado_HLS/2016.1/common/technology/xilinx/ip/xfir.gen "
@I [HLS-100] Command 'ap_source' returned 0; elapsed 0.000711Total elapsed time: 11.793 sec.
@I [HLS-100] Command "source /opt/Xilinx/Vivado_HLS/2016.1/common/technology/xilinx/ip/util.gen "
@I [HLS-100] Command 'ap_source' returned 0; elapsed 0.000138Total elapsed time: 11.793 sec.
@I [HLS-100] Command "source /opt/Xilinx/Vivado_HLS/2016.1/common/technology/xilinx/ip/dds_compiler.gen "
@I [HLS-100] Command 'ap_source' returned 0; elapsed 0.003167Total elapsed time: 11.796 sec.
@I [HLS-100] Command 'ap_source' returned 0; elapsed 0.130281Total elapsed time: 11.796 sec.
@I [HLS-100] Command "source /opt/Xilinx/Vivado_HLS/2016.1/common/technology/xilinx/common/dsp48.gen "
@I [HLS-100] Command 'ap_source' returned 0; elapsed 0.000149Total elapsed time: 11.798 sec.
@I [HLS-100] Command 'ap_source' returned 0; elapsed 0.132841Total elapsed time: 11.799 sec.
@I [HLS-100] Command 'ap_source' returned 0; elapsed 0.133029Total elapsed time: 11.799 sec.
@I [HLS-100] Command "source /opt/Xilinx/Vivado_HLS/2016.1/common/technology/xilinx/zynq/zynq_fpv6.gen "
@I [HLS-100] Command "source /opt/Xilinx/Vivado_HLS/2016.1/common/technology/xilinx/common/xilinx_fpv6.gen "
@I [HLS-100] Command 'ap_source' returned 0; elapsed 0.001405Total elapsed time: 11.800 sec.
@I [HLS-100] Command 'ap_source' returned 0; elapsed 0.001612Total elapsed time: 11.801 sec.
@I [HLS-100] Command "source /home/darkin/Workspace/Vivado_HLS/convolution_2D/solution1/.autopilot/db/global.setting.tcl "
@I [HLS-100] Command 'ap_source' returned 0; elapsed 0.000222Total elapsed time: 11.808 sec.
@I [HLS-100] Command 'export_design' returned 0; elapsed 1.55383Total elapsed time: 175.904 sec.
@I [HLS-100] Command 'ap_source' returned 0; elapsed 1.79491Total elapsed time: 175.910 sec.
@I [HLS-100] Command "cleanup_all "
@I [HLS-100] Command 'cleanup_all' returned 0; elapsed 0.001018Total elapsed time: 175.937 sec.
