@I [HLS-0] Workspace /home/darkin/Workspace/Vivado_HLS/image_contrast_adj/solution1 opened at Tue Jun 21 00:26:17 CEST 2016
@I [HLS-100] Command "config_clock -quiet -name default -period 10 -default=false "
@I [SYN-201] Setting up clock 'default' with a period of 10ns.
@I [HLS-100] Command 'config_clock' returned 0; elapsed 0.000132Total elapsed time: 0.475 sec.
@I [HLS-100] Command "open_platform DefaultPlatform "
@I [HLS-100] Command 'open_platform' returned 0; elapsed 4.4e-05Total elapsed time: 0.476 sec.
@I [HLS-100] Command "import_lib /opt/Xilinx/Vivado_HLS/2016.1/common/technology/xilinx/zynq/zynq "
@I [HLS-100] Command "source /opt/Xilinx/Vivado_HLS/2016.1/common/technology/xilinx/common/xilinx.lib "
@I [HLS-100] Command "source /opt/Xilinx/Vivado_HLS/2016.1/common/technology/xilinx/interface/xilinx_interface.lib "
@I [HLS-100] Command "source /opt/Xilinx/Vivado_HLS/2016.1/common/technology/xilinx/interface/plb46.lib "
@I [HLS-100] Command 'ap_source' returned 0; elapsed 0.000427Total elapsed time: 0.478 sec.
@I [HLS-100] Command "source /opt/Xilinx/Vivado_HLS/2016.1/common/technology/xilinx/interface/fsl.lib "
@I [HLS-100] Command 'ap_source' returned 0; elapsed 0.000222Total elapsed time: 0.479 sec.
@I [HLS-100] Command "source /opt/Xilinx/Vivado_HLS/2016.1/common/technology/xilinx/interface/axi4.lib "
@I [HLS-100] Command 'ap_source' returned 0; elapsed 0.000295Total elapsed time: 0.479 sec.
@I [HLS-100] Command "source /opt/Xilinx/Vivado_HLS/2016.1/common/technology/xilinx/interface/maxi.lib "
@I [HLS-100] Command 'ap_source' returned 0; elapsed 0.000264Total elapsed time: 0.480 sec.
@I [HLS-100] Command "source /opt/Xilinx/Vivado_HLS/2016.1/common/technology/xilinx/interface/saxilite.lib "
@I [HLS-100] Command 'ap_source' returned 0; elapsed 0.000187Total elapsed time: 0.480 sec.
@I [HLS-100] Command 'ap_source' returned 0; elapsed 0.00246Total elapsed time: 0.480 sec.
@I [HLS-100] Command "source /opt/Xilinx/Vivado_HLS/2016.1/common/technology/xilinx/common/dsp48.lib "
@I [HLS-100] Command 'ap_source' returned 0; elapsed 0.000183Total elapsed time: 0.481 sec.
@I [HLS-100] Command "source /opt/Xilinx/Vivado_HLS/2016.1/common/technology/xilinx/ip/xfft.lib "
@I [HLS-100] Command 'ap_source' returned 0; elapsed 0.000136Total elapsed time: 0.482 sec.
@I [HLS-100] Command "source /opt/Xilinx/Vivado_HLS/2016.1/common/technology/xilinx/ip/xfir.lib "
@I [HLS-100] Command 'ap_source' returned 0; elapsed 0.000199Total elapsed time: 0.482 sec.
@I [HLS-100] Command "source /opt/Xilinx/Vivado_HLS/2016.1/common/technology/xilinx/ip/dds_compiler.lib "
@I [HLS-100] Command 'ap_source' returned 0; elapsed 0.000135Total elapsed time: 0.482 sec.
@I [HLS-100] Command 'ap_source' returned 0; elapsed 0.006791Total elapsed time: 0.485 sec.
@I [HLS-100] Command "source /opt/Xilinx/Vivado_HLS/2016.1/common/technology/xilinx/common/xilinx_old.lib "
@I [HLS-100] Command 'ap_source' returned 0; elapsed 0.000809Total elapsed time: 0.488 sec.
@I [HLS-100] Command "source /opt/Xilinx/Vivado_HLS/2016.1/common/technology/xilinx/common/xilinx_vivado.lib "
@I [HLS-100] Command 'ap_source' returned 0; elapsed 0.000849Total elapsed time: 0.489 sec.
@I [HLS-100] Command "source /opt/Xilinx/Vivado_HLS/2016.1/common/technology/xilinx/common/xilinx.hlp "
@I [HLS-100] Command "source /opt/Xilinx/Vivado_HLS/2016.1/common/technology/xilinx/common/target_info.tcl "
@I [HLS-100] Command 'ap_source' returned 0; elapsed 0.000129Total elapsed time: 0.493 sec.
@I [HLS-100] Command "source /opt/Xilinx/Vivado_HLS/2016.1/common/technology/xilinx/interface/xilinx_interface.hlp "
@I [HLS-100] Command "source /opt/Xilinx/Vivado_HLS/2016.1/common/technology/xilinx/interface/maxi.hlp "
@I [HLS-100] Command 'ap_source' returned 0; elapsed 0.000179Total elapsed time: 0.494 sec.
@I [HLS-100] Command "source /opt/Xilinx/Vivado_HLS/2016.1/common/technology/xilinx/interface/saxilite.hlp "
@I [HLS-100] Command 'ap_source' returned 0; elapsed 0.000151Total elapsed time: 0.494 sec.
@I [HLS-100] Command 'ap_source' returned 0; elapsed 0.000806Total elapsed time: 0.494 sec.
@I [HLS-100] Command "source /opt/Xilinx/Vivado_HLS/2016.1/common/technology/xilinx/common/dsp48.hlp "
@I [HLS-100] Command 'ap_source' returned 0; elapsed 0.000789Total elapsed time: 0.496 sec.
@I [HLS-100] Command 'ap_source' returned 0; elapsed 0.003409Total elapsed time: 0.496 sec.
@I [HLS-100] Command "source /opt/Xilinx/Vivado_HLS/2016.1/common/technology/xilinx/zynq/dsp48e1.hlp "
@I [HLS-100] Command 'ap_source' returned 0; elapsed 0.000137Total elapsed time: 0.497 sec.
@I [HLS-100] Command "get_default_platform "
@I [HLS-100] Command 'get_default_platform' returned 0; elapsed 7e-06Total elapsed time: 0.497 sec.
@I [HLS-100] Command "config_chip_info -quiet -resource  {SLICE 13300}  {LUT 53200}     {FF 106400} {DSP48E 220}   {BRAM 280}  "
@I [HLS-100] Command 'config_chip_info' returned 0; elapsed 2e-05Total elapsed time: 0.497 sec.
@I [HLS-100] Command "config_chip_info -quiet -speed medium "
@I [HLS-100] Command 'config_chip_info' returned 0; elapsed 7e-06Total elapsed time: 0.498 sec.
@I [HLS-100] Command 'import_lib' returned 0; elapsed 0.018772Total elapsed time: 0.499 sec.
@I [HLS-100] Command "source /opt/Xilinx/Vivado_HLS/2016.1/common/technology/xilinx/zynq/zynq.gen "
@I [HLS-100] Command "source /opt/Xilinx/Vivado_HLS/2016.1/common/technology/xilinx/common/virtex.gen "
@I [HLS-100] Command "source /opt/Xilinx/Vivado_HLS/2016.1/common/technology/xilinx/common/xilinx.gen "
@I [HLS-100] Command "source /opt/Xilinx/Vivado_HLS/2016.1/common/technology/xilinx/interface/plb46.gen "
@I [HLS-100] Command 'ap_source' returned 0; elapsed 0.001511Total elapsed time: 0.502 sec.
@I [HLS-100] Command "source /opt/Xilinx/Vivado_HLS/2016.1/common/technology/xilinx/interface/fsl.gen "
@I [HLS-100] Command 'ap_source' returned 0; elapsed 0.000514Total elapsed time: 0.503 sec.
@I [HLS-100] Command "source /opt/Xilinx/Vivado_HLS/2016.1/common/technology/xilinx/interface/axi4.gen "
@I [HLS-100] Command 'ap_source' returned 0; elapsed 0.002271Total elapsed time: 0.506 sec.
@I [HLS-100] Command "source /opt/Xilinx/Vivado_HLS/2016.1/common/technology/xilinx/interface/nativeAXI4.gen "
@I [HLS-100] Command "source /opt/Xilinx/Vivado_HLS/2016.1/common/technology/xilinx/interface/saxilite.gen "
@I [HLS-100] Command 'ap_source' returned 0; elapsed 0.003779Total elapsed time: 0.511 sec.
@I [HLS-100] Command "source /opt/Xilinx/Vivado_HLS/2016.1/common/technology/xilinx/interface/maxi.gen "
@I [HLS-100] Command 'ap_source' returned 0; elapsed 0.006999Total elapsed time: 0.519 sec.
@I [HLS-100] Command 'ap_source' returned 0; elapsed 0.011273Total elapsed time: 0.519 sec.
@I [HLS-100] Command "source /opt/Xilinx/Vivado_HLS/2016.1/common/technology/xilinx/scripts/xilinxcoregen.gen "
@I [HLS-100] Command 'ap_source' returned 0; elapsed 0.008725Total elapsed time: 0.528 sec.
@I [HLS-100] Command "source /opt/Xilinx/Vivado_HLS/2016.1/common/technology/xilinx/interface/XilEDKCoreGen.gen "
@I [HLS-100] Command 'ap_source' returned 0; elapsed 0.007769Total elapsed time: 0.537 sec.
@I [HLS-100] Command "source /opt/Xilinx/Vivado_HLS/2016.1/common/technology/xilinx/ip/xfft.gen "
@I [HLS-100] Command 'ap_source' returned 0; elapsed 0.09297Total elapsed time: 0.631 sec.
@I [HLS-100] Command "source /opt/Xilinx/Vivado_HLS/2016.1/common/technology/xilinx/ip/xfir.gen "
@I [HLS-100] Command 'ap_source' returned 0; elapsed 0.001137Total elapsed time: 0.632 sec.
@I [HLS-100] Command "source /opt/Xilinx/Vivado_HLS/2016.1/common/technology/xilinx/ip/util.gen "
@I [HLS-100] Command 'ap_source' returned 0; elapsed 0.000279Total elapsed time: 0.633 sec.
@I [HLS-100] Command "source /opt/Xilinx/Vivado_HLS/2016.1/common/technology/xilinx/ip/dds_compiler.gen "
@I [HLS-100] Command 'ap_source' returned 0; elapsed 0.003673Total elapsed time: 0.637 sec.
@I [HLS-100] Command 'ap_source' returned 0; elapsed 0.132668Total elapsed time: 0.638 sec.
@I [HLS-100] Command "source /opt/Xilinx/Vivado_HLS/2016.1/common/technology/xilinx/common/dsp48.gen "
@I [HLS-100] Command 'ap_source' returned 0; elapsed 0.00018Total elapsed time: 0.640 sec.
@I [HLS-100] Command 'ap_source' returned 0; elapsed 0.135337Total elapsed time: 0.641 sec.
@I [HLS-100] Command 'ap_source' returned 0; elapsed 0.135631Total elapsed time: 0.641 sec.
@I [HLS-100] Command "open_platform DefaultPlatform "
@I [HLS-100] Command 'open_platform' returned 0; elapsed 8e-06Total elapsed time: 0.641 sec.
@I [HLS-100] Command "import_lib /opt/Xilinx/Vivado_HLS/2016.1/common/technology/xilinx/zynq/zynq_fpv6 "
@I [HLS-100] Command "source /opt/Xilinx/Vivado_HLS/2016.1/common/technology/xilinx/common/xilinx_fpv7.lib "
@I [HLS-100] Command "source /opt/Xilinx/Vivado_HLS/2016.1/common/technology/xilinx/common/xilinx_hp.lib "
@I [HLS-100] Command 'ap_source' returned 0; elapsed 0.000858Total elapsed time: 0.647 sec.
@I [HLS-100] Command 'ap_source' returned 0; elapsed 0.004096Total elapsed time: 0.650 sec.
@I [HLS-100] Command "source /opt/Xilinx/Vivado_HLS/2016.1/common/technology/xilinx/common/xilinx_fpv.hlp "
@I [HLS-100] Command "source /opt/Xilinx/Vivado_HLS/2016.1/common/technology/xilinx/common/xilinx.hlp "
@I [HLS-100] Command "source /opt/Xilinx/Vivado_HLS/2016.1/common/technology/xilinx/common/target_info.tcl "
@I [HLS-100] Command 'ap_source' returned 0; elapsed 0.000211Total elapsed time: 0.664 sec.
@I [HLS-100] Command "source /opt/Xilinx/Vivado_HLS/2016.1/common/technology/xilinx/interface/xilinx_interface.hlp "
@I [HLS-100] Command "source /opt/Xilinx/Vivado_HLS/2016.1/common/technology/xilinx/interface/maxi.hlp "
@I [HLS-100] Command 'ap_source' returned 0; elapsed 0.000123Total elapsed time: 0.665 sec.
@I [HLS-100] Command "source /opt/Xilinx/Vivado_HLS/2016.1/common/technology/xilinx/interface/saxilite.hlp "
@I [HLS-100] Command 'ap_source' returned 0; elapsed 9.9e-05Total elapsed time: 0.665 sec.
@I [HLS-100] Command 'ap_source' returned 0; elapsed 0.000555Total elapsed time: 0.665 sec.
@I [HLS-100] Command "source /opt/Xilinx/Vivado_HLS/2016.1/common/technology/xilinx/common/dsp48.hlp "
@I [HLS-100] Command 'ap_source' returned 0; elapsed 0.000509Total elapsed time: 0.666 sec.
@I [HLS-100] Command 'ap_source' returned 0; elapsed 0.002972Total elapsed time: 0.666 sec.
@I [HLS-100] Command 'ap_source' returned 0; elapsed 0.003809Total elapsed time: 0.667 sec.
@I [HLS-100] Command "source /opt/Xilinx/Vivado_HLS/2016.1/common/technology/xilinx/zynq/zynq_hp.hlp "
@I [HLS-100] Command 'ap_source' returned 0; elapsed 0.001097Total elapsed time: 0.671 sec.
@I [HLS-100] Command 'import_lib' returned 0; elapsed 0.019715Total elapsed time: 0.675 sec.
@I [HLS-100] Command "source /opt/Xilinx/Vivado_HLS/2016.1/common/technology/xilinx/zynq/zynq_fpv6.gen "
@I [HLS-100] Command "source /opt/Xilinx/Vivado_HLS/2016.1/common/technology/xilinx/common/xilinx_fpv6.gen "
@I [HLS-100] Command 'ap_source' returned 0; elapsed 0.002101Total elapsed time: 0.683 sec.
@I [HLS-100] Command 'ap_source' returned 0; elapsed 0.002587Total elapsed time: 0.683 sec.
@I [HLS-100] Command "set_part xc7z020clg484-1 "
@I [HLS-100] Command "add_library xilinx/zynq/zynq:xc7z020:clg484:-1 "
@I [HLS-100] Command "get_default_platform "
@I [HLS-100] Command 'get_default_platform' returned 0; elapsed 4e-06Total elapsed time: 0.689 sec.
@I [HLS-100] Command "license_isbetapart xc7z020 "
@I [HLS-100] Command 'license_isbetapart' returned 1; elapsed 0.008045Total elapsed time: 0.709 sec.
@I [HLS-100] Command "get_default_platform "
@I [HLS-100] Command 'get_default_platform' returned 0; elapsed 6e-06Total elapsed time: 0.710 sec.
@I [HLS-100] Command "config_chip_info -quiet -resource  {SLICE 13300}  {LUT 53200}     {FF 106400} {DSP48E 220}   {BRAM 280}  "
@I [HLS-100] Command 'config_chip_info' returned 0; elapsed 1.3e-05Total elapsed time: 0.710 sec.
@I [HLS-100] Command "config_chip_info -quiet -speed slow "
@I [HLS-100] Command 'config_chip_info' returned 0; elapsed 5e-06Total elapsed time: 0.710 sec.
@I [HLS-100] Command 'add_library' returned 0; elapsed 0.011554Total elapsed time: 0.711 sec.
@I [HLS-100] Command "add_library xilinx/zynq/zynq_fpv6 "
@I [HLS-100] Command "get_default_platform "
@I [HLS-100] Command 'get_default_platform' returned 0; elapsed 3e-06Total elapsed time: 0.712 sec.
@I [HLS-100] Command 'add_library' returned 0; elapsed 0.001274Total elapsed time: 0.713 sec.
@I [HLS-10] Setting target device to 'xc7z020clg484-1'
@I [HLS-100] Command 'set_part' returned 0; elapsed 0.016768Total elapsed time: 0.713 sec.
@I [HLS-100] Command "get_default_platform "
@I [HLS-100] Command 'get_default_platform' returned 0; elapsed 4e-06Total elapsed time: 0.713 sec.
@I [HLS-100] Command "config_chip_info -quiet -resource  {SLICE 13300}  {LUT 53200}     {FF 106400} {DSP48E 220}   {BRAM 280}  "
@I [HLS-100] Command 'config_chip_info' returned 0; elapsed 1.1e-05Total elapsed time: 0.713 sec.
@I [HLS-100] Command "config_chip_info -quiet -speed slow "
@I [HLS-100] Command 'config_chip_info' returned 0; elapsed 4e-06Total elapsed time: 0.713 sec.
@I [HLS-100] Command 'open_solution' returned 0; elapsed 0.201773Total elapsed time: 0.714 sec.
@I [HLS-100] Command "export_design -evaluate vhdl -format ip_catalog -description Image normalization -vendor utt.fr -library hls -version 1.0 "
@I [HLS-100] Command "source /home/darkin/Workspace/Vivado_HLS/image_contrast_adj/solution1/.autopilot/db/global.setting.tcl "
@I [HLS-100] Command 'ap_source' returned 0; elapsed 0.000185Total elapsed time: 0.718 sec.
@I [HLS-100] Command "source /opt/Xilinx/Vivado_HLS/2016.1/common/technology/generic/autopilot/common.gen "
@I [HLS-100] Command "source /opt/Xilinx/Vivado_HLS/2016.1/common/technology/generic/autopilot/APCoreGen.gen "
@I [HLS-100] Command 'ap_source' returned 0; elapsed 0.000562Total elapsed time: 0.723 sec.
@I [HLS-100] Command 'ap_source' returned 0; elapsed 0.001293Total elapsed time: 0.723 sec.
@I [HLS-100] Command "source /opt/Xilinx/Vivado_HLS/2016.1/common/technology/generic/autopilot/op.gen "
@I [HLS-100] Command 'ap_source' returned 0; elapsed 0.000342Total elapsed time: 0.724 sec.
@I [HLS-100] Command "source /opt/Xilinx/Vivado_HLS/2016.1/common/technology/generic/autopilot/op_simcore.gen "
@I [HLS-100] Command 'ap_source' returned 0; elapsed 0.000973Total elapsed time: 0.726 sec.
@I [HLS-100] Command "source /opt/Xilinx/Vivado_HLS/2016.1/common/technology/generic/autopilot/interface.gen "
@I [HLS-100] Command 'ap_source' returned 0; elapsed 0.000121Total elapsed time: 0.726 sec.
@I [HLS-100] Command "source /home/darkin/Workspace/Vivado_HLS/image_contrast_adj/solution1/.autopilot/db/global.setting.tcl "
@I [HLS-100] Command 'ap_source' returned 0; elapsed 0.00012Total elapsed time: 0.726 sec.
@I [HLS-100] Command "source /opt/Xilinx/Vivado_HLS/2016.1/common/technology/xilinx/zynq/zynq.gen "
@I [HLS-100] Command "source /opt/Xilinx/Vivado_HLS/2016.1/common/technology/xilinx/common/virtex.gen "
@I [HLS-100] Command "source /opt/Xilinx/Vivado_HLS/2016.1/common/technology/xilinx/common/xilinx.gen "
@I [HLS-100] Command "source /opt/Xilinx/Vivado_HLS/2016.1/common/technology/xilinx/interface/plb46.gen "
@I [HLS-100] Command 'ap_source' returned 0; elapsed 0.000946Total elapsed time: 0.728 sec.
@I [HLS-100] Command "source /opt/Xilinx/Vivado_HLS/2016.1/common/technology/xilinx/interface/fsl.gen "
@I [HLS-100] Command 'ap_source' returned 0; elapsed 0.000387Total elapsed time: 0.728 sec.
@I [HLS-100] Command "source /opt/Xilinx/Vivado_HLS/2016.1/common/technology/xilinx/interface/axi4.gen "
@I [HLS-100] Command 'ap_source' returned 0; elapsed 0.001853Total elapsed time: 0.730 sec.
@I [HLS-100] Command "source /opt/Xilinx/Vivado_HLS/2016.1/common/technology/xilinx/interface/nativeAXI4.gen "
@I [HLS-100] Command "source /opt/Xilinx/Vivado_HLS/2016.1/common/technology/xilinx/interface/saxilite.gen "
@I [HLS-100] Command 'ap_source' returned 0; elapsed 0.003034Total elapsed time: 0.734 sec.
@I [HLS-100] Command "source /opt/Xilinx/Vivado_HLS/2016.1/common/technology/xilinx/interface/maxi.gen "
@I [HLS-100] Command 'ap_source' returned 0; elapsed 0.006476Total elapsed time: 0.740 sec.
@I [HLS-100] Command 'ap_source' returned 0; elapsed 0.009991Total elapsed time: 0.741 sec.
@I [HLS-100] Command "source /opt/Xilinx/Vivado_HLS/2016.1/common/technology/xilinx/scripts/xilinxcoregen.gen "
@I [HLS-100] Command 'ap_source' returned 0; elapsed 0.008114Total elapsed time: 0.749 sec.
@I [HLS-100] Command "source /opt/Xilinx/Vivado_HLS/2016.1/common/technology/xilinx/interface/XilEDKCoreGen.gen "
@I [HLS-100] Command 'ap_source' returned 0; elapsed 0.007486Total elapsed time: 0.757 sec.
@I [HLS-100] Command "source /opt/Xilinx/Vivado_HLS/2016.1/common/technology/xilinx/ip/xfft.gen "
@I [HLS-100] Command 'ap_source' returned 0; elapsed 0.089223Total elapsed time: 0.846 sec.
@I [HLS-100] Command "source /opt/Xilinx/Vivado_HLS/2016.1/common/technology/xilinx/ip/xfir.gen "
@I [HLS-100] Command 'ap_source' returned 0; elapsed 0.000698Total elapsed time: 0.847 sec.
@I [HLS-100] Command "source /opt/Xilinx/Vivado_HLS/2016.1/common/technology/xilinx/ip/util.gen "
@I [HLS-100] Command 'ap_source' returned 0; elapsed 0.000128Total elapsed time: 0.847 sec.
@I [HLS-100] Command "source /opt/Xilinx/Vivado_HLS/2016.1/common/technology/xilinx/ip/dds_compiler.gen "
@I [HLS-100] Command 'ap_source' returned 0; elapsed 0.002968Total elapsed time: 0.850 sec.
@I [HLS-100] Command 'ap_source' returned 0; elapsed 0.123684Total elapsed time: 0.851 sec.
@I [HLS-100] Command "source /opt/Xilinx/Vivado_HLS/2016.1/common/technology/xilinx/common/dsp48.gen "
@I [HLS-100] Command 'ap_source' returned 0; elapsed 0.000154Total elapsed time: 0.853 sec.
@I [HLS-100] Command 'ap_source' returned 0; elapsed 0.12633Total elapsed time: 0.853 sec.
@I [HLS-100] Command 'ap_source' returned 0; elapsed 0.126498Total elapsed time: 0.853 sec.
@I [HLS-100] Command "source /opt/Xilinx/Vivado_HLS/2016.1/common/technology/xilinx/zynq/zynq_fpv6.gen "
@I [HLS-100] Command "source /opt/Xilinx/Vivado_HLS/2016.1/common/technology/xilinx/common/xilinx_fpv6.gen "
@I [HLS-100] Command 'ap_source' returned 0; elapsed 0.001528Total elapsed time: 0.855 sec.
@I [HLS-100] Command 'ap_source' returned 0; elapsed 0.001738Total elapsed time: 0.855 sec.
@I [HLS-100] Command "source /home/darkin/Workspace/Vivado_HLS/image_contrast_adj/solution1/.autopilot/db/global.setting.tcl "
@I [HLS-100] Command 'ap_source' returned 0; elapsed 0.000162Total elapsed time: 0.855 sec.
@I [IMPL-8] Exporting RTL as an IP in IP-XACT.
@I [HLS-100] Command "source /home/darkin/Workspace/Vivado_HLS/image_contrast_adj/solution1/.autopilot/db/global.setting.tcl "
@I [HLS-100] Command 'ap_source' returned 0; elapsed 0.00015Total elapsed time: 0.857 sec.
@I [HLS-100] Command "source /home/darkin/Workspace/Vivado_HLS/image_contrast_adj/solution1/.autopilot/db/global.setting.tcl "
@I [HLS-100] Command 'ap_source' returned 0; elapsed 0.000178Total elapsed time: 0.862 sec.
@I [HLS-100] Command "source /opt/Xilinx/Vivado_HLS/2016.1/common/technology/generic/autopilot/common.gen "
@I [HLS-100] Command "source /opt/Xilinx/Vivado_HLS/2016.1/common/technology/generic/autopilot/APCoreGen.gen "
@I [HLS-100] Command 'ap_source' returned 0; elapsed 0.000452Total elapsed time: 0.863 sec.
@I [HLS-100] Command 'ap_source' returned 0; elapsed 0.001096Total elapsed time: 0.863 sec.
@I [HLS-100] Command "source /opt/Xilinx/Vivado_HLS/2016.1/common/technology/generic/autopilot/op.gen "
@I [HLS-100] Command 'ap_source' returned 0; elapsed 0.000256Total elapsed time: 0.864 sec.
@I [HLS-100] Command "source /opt/Xilinx/Vivado_HLS/2016.1/common/technology/generic/autopilot/op_simcore.gen "
@I [HLS-100] Command 'ap_source' returned 0; elapsed 0.000915Total elapsed time: 0.865 sec.
@I [HLS-100] Command "source /opt/Xilinx/Vivado_HLS/2016.1/common/technology/generic/autopilot/interface.gen "
@I [HLS-100] Command 'ap_source' returned 0; elapsed 8.3e-05Total elapsed time: 0.865 sec.
@I [HLS-100] Command "source /home/darkin/Workspace/Vivado_HLS/image_contrast_adj/solution1/.autopilot/db/global.setting.tcl "
@I [HLS-100] Command 'ap_source' returned 0; elapsed 0.000143Total elapsed time: 0.866 sec.
@I [HLS-100] Command "source /opt/Xilinx/Vivado_HLS/2016.1/common/technology/xilinx/zynq/zynq.gen "
@I [HLS-100] Command "source /opt/Xilinx/Vivado_HLS/2016.1/common/technology/xilinx/common/virtex.gen "
@I [HLS-100] Command "source /opt/Xilinx/Vivado_HLS/2016.1/common/technology/xilinx/common/xilinx.gen "
@I [HLS-100] Command "source /opt/Xilinx/Vivado_HLS/2016.1/common/technology/xilinx/interface/plb46.gen "
@I [HLS-100] Command 'ap_source' returned 0; elapsed 0.000874Total elapsed time: 0.867 sec.
@I [HLS-100] Command "source /opt/Xilinx/Vivado_HLS/2016.1/common/technology/xilinx/interface/fsl.gen "
@I [HLS-100] Command 'ap_source' returned 0; elapsed 0.000486Total elapsed time: 0.868 sec.
@I [HLS-100] Command "source /opt/Xilinx/Vivado_HLS/2016.1/common/technology/xilinx/interface/axi4.gen "
@I [HLS-100] Command 'ap_source' returned 0; elapsed 0.001832Total elapsed time: 0.870 sec.
@I [HLS-100] Command "source /opt/Xilinx/Vivado_HLS/2016.1/common/technology/xilinx/interface/nativeAXI4.gen "
@I [HLS-100] Command "source /opt/Xilinx/Vivado_HLS/2016.1/common/technology/xilinx/interface/saxilite.gen "
@I [HLS-100] Command 'ap_source' returned 0; elapsed 0.002876Total elapsed time: 0.873 sec.
@I [HLS-100] Command "source /opt/Xilinx/Vivado_HLS/2016.1/common/technology/xilinx/interface/maxi.gen "
@I [HLS-100] Command 'ap_source' returned 0; elapsed 0.006221Total elapsed time: 0.879 sec.
@I [HLS-100] Command 'ap_source' returned 0; elapsed 0.009527Total elapsed time: 0.879 sec.
@I [HLS-100] Command "source /opt/Xilinx/Vivado_HLS/2016.1/common/technology/xilinx/scripts/xilinxcoregen.gen "
@I [HLS-100] Command 'ap_source' returned 0; elapsed 0.008235Total elapsed time: 0.888 sec.
@I [HLS-100] Command "source /opt/Xilinx/Vivado_HLS/2016.1/common/technology/xilinx/interface/XilEDKCoreGen.gen "
@I [HLS-100] Command 'ap_source' returned 0; elapsed 0.007002Total elapsed time: 0.895 sec.
@I [HLS-100] Command "source /opt/Xilinx/Vivado_HLS/2016.1/common/technology/xilinx/ip/xfft.gen "
@I [HLS-100] Command 'ap_source' returned 0; elapsed 0.09172Total elapsed time: 0.987 sec.
@I [HLS-100] Command "source /opt/Xilinx/Vivado_HLS/2016.1/common/technology/xilinx/ip/xfir.gen "
@I [HLS-100] Command 'ap_source' returned 0; elapsed 0.000726Total elapsed time: 0.988 sec.
@I [HLS-100] Command "source /opt/Xilinx/Vivado_HLS/2016.1/common/technology/xilinx/ip/util.gen "
@I [HLS-100] Command 'ap_source' returned 0; elapsed 0.000132Total elapsed time: 0.988 sec.
@I [HLS-100] Command "source /opt/Xilinx/Vivado_HLS/2016.1/common/technology/xilinx/ip/dds_compiler.gen "
@I [HLS-100] Command 'ap_source' returned 0; elapsed 0.003001Total elapsed time: 0.991 sec.
@I [HLS-100] Command 'ap_source' returned 0; elapsed 0.12537Total elapsed time: 0.991 sec.
@I [HLS-100] Command "source /opt/Xilinx/Vivado_HLS/2016.1/common/technology/xilinx/common/dsp48.gen "
@I [HLS-100] Command 'ap_source' returned 0; elapsed 0.000121Total elapsed time: 0.993 sec.
@I [HLS-100] Command 'ap_source' returned 0; elapsed 0.127278Total elapsed time: 0.993 sec.
@I [HLS-100] Command 'ap_source' returned 0; elapsed 0.127449Total elapsed time: 0.993 sec.
@I [HLS-100] Command "source /opt/Xilinx/Vivado_HLS/2016.1/common/technology/xilinx/zynq/zynq_fpv6.gen "
@I [HLS-100] Command "source /opt/Xilinx/Vivado_HLS/2016.1/common/technology/xilinx/common/xilinx_fpv6.gen "
@I [HLS-100] Command 'ap_source' returned 0; elapsed 0.001304Total elapsed time: 0.995 sec.
@I [HLS-100] Command 'ap_source' returned 0; elapsed 0.001499Total elapsed time: 0.995 sec.
@I [HLS-100] Command "source /home/darkin/Workspace/Vivado_HLS/image_contrast_adj/solution1/.autopilot/db/global.setting.tcl "
@I [HLS-100] Command 'ap_source' returned 0; elapsed 0.000149Total elapsed time: 0.995 sec.
@I [HLS-100] Command "source /home/darkin/Workspace/Vivado_HLS/image_contrast_adj/solution1/.autopilot/db/global.setting.tcl "
@I [HLS-100] Command 'ap_source' returned 0; elapsed 0.000118Total elapsed time: 0.996 sec.
@I [HLS-100] Command "source /home/darkin/Workspace/Vivado_HLS/image_contrast_adj/solution1/.autopilot/db/doHistStretch.compgen.tcl "
@I [HLS-100] Command 'ap_source' returned 0; elapsed 0.013776Total elapsed time: 1.10 sec.
@I [HLS-100] Command "source /home/darkin/Workspace/Vivado_HLS/image_contrast_adj/solution1/.autopilot/db/global.setting.tcl "
@I [HLS-100] Command 'ap_source' returned 0; elapsed 0.000173Total elapsed time: 1.16 sec.
@I [HLS-100] Command "source /home/darkin/Workspace/Vivado_HLS/image_contrast_adj/solution1/.autopilot/db/global.setting.tcl "
@I [HLS-100] Command 'ap_source' returned 0; elapsed 0.000115Total elapsed time: 1.17 sec.
@I [HLS-100] Command "source /home/darkin/Workspace/Vivado_HLS/image_contrast_adj/solution1/.autopilot/db/doHistStretch.compgen.tcl "
@I [HLS-100] Command "source /home/darkin/Workspace/Vivado_HLS/image_contrast_adj/solution1/.autopilot/db/doHistStretch.rtl_wrap.cfg.tcl "
@I [HLS-100] Command 'ap_source' returned 0; elapsed 0.000677Total elapsed time: 1.18 sec.
@I [HLS-100] Command "source /home/darkin/Workspace/Vivado_HLS/image_contrast_adj/solution1/.autopilot/db/doHistStretch.rtl_wrap.cfg.tcl "
@I [HLS-100] Command 'ap_source' returned 0; elapsed 0.000541Total elapsed time: 1.19 sec.
@I [HLS-100] Command "source /home/darkin/Workspace/Vivado_HLS/image_contrast_adj/solution1/.autopilot/db/doHistStretch.rtl_wrap.cfg.tcl "
@I [HLS-100] Command 'ap_source' returned 0; elapsed 0.000582Total elapsed time: 1.20 sec.
@I [HLS-100] Command "source /home/darkin/Workspace/Vivado_HLS/image_contrast_adj/solution1/.autopilot/db/doHistStretch.tbgen.tcl "
@I [HLS-100] Command 'ap_source' returned 0; elapsed 0.000278Total elapsed time: 1.21 sec.
@I [HLS-100] Command "source /home/darkin/Workspace/Vivado_HLS/image_contrast_adj/solution1/.autopilot/db/doHistStretch.tbgen.tcl "
@I [HLS-100] Command 'ap_source' returned 0; elapsed 0.000186Total elapsed time: 1.21 sec.
@I [HLS-100] Command 'ap_source' returned 0; elapsed 0.075818Total elapsed time: 1.93 sec.
@I [HLS-100] Command "source /home/darkin/Workspace/Vivado_HLS/image_contrast_adj/solution1/.autopilot/db/global.setting.tcl "
@I [HLS-100] Command 'ap_source' returned 0; elapsed 0.00013Total elapsed time: 1.100 sec.
@I [HLS-100] Command "source /home/darkin/Workspace/Vivado_HLS/image_contrast_adj/solution1/.autopilot/db/global.setting.tcl "
@I [HLS-100] Command 'ap_source' returned 0; elapsed 0.000113Total elapsed time: 1.101 sec.
@I [HLS-100] Command "source /home/darkin/Workspace/Vivado_HLS/image_contrast_adj/solution1/.autopilot/db/doHistStretch.compgen.tcl "
@I [HLS-100] Command 'ap_source' returned 0; elapsed 0.002042Total elapsed time: 1.103 sec.
@I [HLS-100] Command "source /home/darkin/Workspace/Vivado_HLS/image_contrast_adj/solution1/.autopilot/db/global.setting.tcl "
@I [HLS-100] Command 'ap_source' returned 0; elapsed 0.000169Total elapsed time: 1.134 sec.
@I [HLS-100] Command "source /home/darkin/Workspace/Vivado_HLS/image_contrast_adj/solution1/.autopilot/db/doHistStretch.constraint.tcl "
@I [HLS-100] Command 'ap_source' returned 0; elapsed 0.000102Total elapsed time: 1.135 sec.
@I [HLS-100] Command "source /home/darkin/Workspace/Vivado_HLS/image_contrast_adj/solution1/.autopilot/db/doHistStretch.rtl_wrap.cfg.tcl "
@I [HLS-100] Command 'ap_source' returned 0; elapsed 0.000683Total elapsed time: 1.155 sec.
@I [HLS-100] Command "source /home/darkin/Workspace/Vivado_HLS/image_contrast_adj/solution1/.autopilot/db/doHistStretch.rtl_wrap.cfg.tcl "
@I [HLS-100] Command 'ap_source' returned 0; elapsed 0.000602Total elapsed time: 1.156 sec.
@I [HLS-100] Command "source /home/darkin/Workspace/Vivado_HLS/image_contrast_adj/solution1/.autopilot/db/doHistStretch.rtl_wrap.cfg.tcl "
@I [HLS-100] Command 'ap_source' returned 0; elapsed 0.000625Total elapsed time: 1.157 sec.
@I [HLS-100] Command "source /home/darkin/Workspace/Vivado_HLS/image_contrast_adj/solution1/.autopilot/db/doHistStretch.tbgen.tcl "
@I [HLS-100] Command 'ap_source' returned 0; elapsed 0.000228Total elapsed time: 1.157 sec.
@I [HLS-100] Command "source /home/darkin/Workspace/Vivado_HLS/image_contrast_adj/solution1/.autopilot/db/doHistStretch.tbgen.tcl "
@I [HLS-100] Command 'ap_source' returned 0; elapsed 0.000234Total elapsed time: 1.158 sec.
@I [HLS-100] Command "source /home/darkin/Workspace/Vivado_HLS/image_contrast_adj/solution1/.autopilot/db/global.setting.tcl "
@I [HLS-100] Command 'ap_source' returned 0; elapsed 0.000141Total elapsed time: 1.225 sec.
@I [HLS-100] Command "source /home/darkin/Workspace/Vivado_HLS/image_contrast_adj/solution1/.autopilot/db/global.setting.tcl "
@I [HLS-100] Command 'ap_source' returned 0; elapsed 0.000166Total elapsed time: 1.239 sec.
@I [HLS-100] Command "source /home/darkin/Workspace/Vivado_HLS/image_contrast_adj/solution1/.autopilot/db/global.setting.tcl "
@I [HLS-100] Command 'ap_source' returned 0; elapsed 0.00015Total elapsed time: 1.241 sec.
@I [HLS-100] Command "source /home/darkin/Workspace/Vivado_HLS/image_contrast_adj/solution1/.autopilot/db/doHistStretch.rtl_wrap.cfg.tcl "
@I [HLS-100] Command 'ap_source' returned 0; elapsed 0.000691Total elapsed time: 1.244 sec.
@I [HLS-100] Command "source /home/darkin/Workspace/Vivado_HLS/image_contrast_adj/solution1/.autopilot/db/doHistStretch.rtl_wrap.cfg.tcl "
@I [HLS-100] Command 'ap_source' returned 0; elapsed 0.000652Total elapsed time: 1.245 sec.
@I [HLS-100] Command "source /home/darkin/Workspace/Vivado_HLS/image_contrast_adj/solution1/.autopilot/db/doHistStretch.tbgen.tcl "
@I [HLS-100] Command 'ap_source' returned 0; elapsed 0.0002Total elapsed time: 1.245 sec.
@I [HLS-100] Command "source /home/darkin/Workspace/Vivado_HLS/image_contrast_adj/solution1/.autopilot/db/doHistStretch.tbgen.tcl "
@I [HLS-100] Command 'ap_source' returned 0; elapsed 0.000183Total elapsed time: 1.245 sec.
@I [HLS-100] Command "source /home/darkin/Workspace/Vivado_HLS/image_contrast_adj/solution1/.autopilot/db/doHistStretch.rtl_wrap.cfg.tcl "
@I [HLS-100] Command 'ap_source' returned 0; elapsed 0.000665Total elapsed time: 1.310 sec.
@I [HLS-100] Command "source /home/darkin/Workspace/Vivado_HLS/image_contrast_adj/solution1/.autopilot/db/doHistStretch.rtl_wrap.cfg.tcl "
@I [HLS-100] Command 'ap_source' returned 0; elapsed 0.000639Total elapsed time: 1.311 sec.
@I [HLS-100] Command "source /home/darkin/Workspace/Vivado_HLS/image_contrast_adj/solution1/.autopilot/db/doHistStretch.tbgen.tcl "
@I [HLS-100] Command 'ap_source' returned 0; elapsed 0.000199Total elapsed time: 1.311 sec.
@I [HLS-100] Command "source /home/darkin/Workspace/Vivado_HLS/image_contrast_adj/solution1/.autopilot/db/doHistStretch.tbgen.tcl "
@I [HLS-100] Command 'ap_source' returned 0; elapsed 0.000199Total elapsed time: 1.311 sec.
@I [HLS-100] Command "source /home/darkin/Workspace/Vivado_HLS/image_contrast_adj/solution1/.autopilot/db/global.setting.tcl "
@I [HLS-100] Command 'ap_source' returned 0; elapsed 0.00018Total elapsed time: 1.370 sec.
@I [HLS-100] Command "source /home/darkin/Workspace/Vivado_HLS/image_contrast_adj/solution1/.autopilot/db/doHistStretch.rtl_wrap.cfg.tcl "
@I [HLS-100] Command 'ap_source' returned 0; elapsed 0.000627Total elapsed time: 1.372 sec.
@I [HLS-100] Command "source /home/darkin/Workspace/Vivado_HLS/image_contrast_adj/solution1/.autopilot/db/doHistStretch.rtl_wrap.cfg.tcl "
@I [HLS-100] Command 'ap_source' returned 0; elapsed 0.000584Total elapsed time: 1.372 sec.
@I [HLS-100] Command "source /home/darkin/Workspace/Vivado_HLS/image_contrast_adj/solution1/.autopilot/db/doHistStretch.tbgen.tcl "
@I [HLS-100] Command 'ap_source' returned 0; elapsed 0.000206Total elapsed time: 1.373 sec.
@I [HLS-100] Command "source /home/darkin/Workspace/Vivado_HLS/image_contrast_adj/solution1/.autopilot/db/doHistStretch.tbgen.tcl "
@I [HLS-100] Command 'ap_source' returned 0; elapsed 0.000212Total elapsed time: 1.373 sec.
@I [HLS-100] Command "source /home/darkin/Workspace/Vivado_HLS/image_contrast_adj/solution1/.autopilot/db/global.setting.tcl "
@I [HLS-100] Command 'ap_source' returned 0; elapsed 0.000155Total elapsed time: 1.431 sec.
@I [HLS-100] Command "source /home/darkin/Workspace/Vivado_HLS/image_contrast_adj/solution1/.autopilot/db/global.setting.tcl "
@I [HLS-100] Command 'ap_source' returned 0; elapsed 0.00013Total elapsed time: 1.431 sec.
@I [HLS-100] Command "source /home/darkin/Workspace/Vivado_HLS/image_contrast_adj/solution1/.autopilot/db/doHistStretch.constraint.tcl "
@I [HLS-100] Command 'ap_source' returned 0; elapsed 5.6e-05Total elapsed time: 1.432 sec.
@I [HLS-100] Command "source /home/darkin/Workspace/Vivado_HLS/image_contrast_adj/solution1/.autopilot/db/global.setting.tcl "
@I [HLS-100] Command 'ap_source' returned 0; elapsed 0.00015Total elapsed time: 1.449 sec.
@I [HLS-100] Command "source /home/darkin/Workspace/Vivado_HLS/image_contrast_adj/solution1/.autopilot/db/global.setting.tcl "
@I [HLS-100] Command 'ap_source' returned 0; elapsed 0.000182Total elapsed time: 1.462 sec.
@I [HLS-100] Command "source /home/darkin/Workspace/Vivado_HLS/image_contrast_adj/solution1/.autopilot/db/doHistStretch.constraint.tcl "
@I [HLS-100] Command 'ap_source' returned 0; elapsed 5.6e-05Total elapsed time: 1.463 sec.
@I [HLS-100] Command "source /home/darkin/Workspace/Vivado_HLS/image_contrast_adj/solution1/.autopilot/db/doHistStretch.constraint.tcl "
@I [HLS-100] Command 'ap_source' returned 0; elapsed 5.1e-05Total elapsed time: 1.463 sec.
@I [HLS-100] Command "source /opt/Xilinx/Vivado_HLS/2016.1/common/technology/generic/autopilot/common.gen "
@I [HLS-100] Command "source /opt/Xilinx/Vivado_HLS/2016.1/common/technology/generic/autopilot/APCoreGen.gen "
@I [HLS-100] Command 'ap_source' returned 0; elapsed 0.000503Total elapsed time: 1.466 sec.
@I [HLS-100] Command 'ap_source' returned 0; elapsed 0.001134Total elapsed time: 1.467 sec.
@I [HLS-100] Command "source /opt/Xilinx/Vivado_HLS/2016.1/common/technology/generic/autopilot/op.gen "
@I [HLS-100] Command 'ap_source' returned 0; elapsed 0.000241Total elapsed time: 1.467 sec.
@I [HLS-100] Command "source /opt/Xilinx/Vivado_HLS/2016.1/common/technology/generic/autopilot/op_simcore.gen "
@I [HLS-100] Command 'ap_source' returned 0; elapsed 0.000733Total elapsed time: 1.468 sec.
@I [HLS-100] Command "source /opt/Xilinx/Vivado_HLS/2016.1/common/technology/generic/autopilot/interface.gen "
@I [HLS-100] Command 'ap_source' returned 0; elapsed 7.5e-05Total elapsed time: 1.468 sec.
@I [HLS-100] Command "source /home/darkin/Workspace/Vivado_HLS/image_contrast_adj/solution1/.autopilot/db/global.setting.tcl "
@I [HLS-100] Command 'ap_source' returned 0; elapsed 0.000152Total elapsed time: 1.468 sec.
@I [HLS-100] Command "source /opt/Xilinx/Vivado_HLS/2016.1/common/technology/xilinx/zynq/zynq.gen "
@I [HLS-100] Command "source /opt/Xilinx/Vivado_HLS/2016.1/common/technology/xilinx/common/virtex.gen "
@I [HLS-100] Command "source /opt/Xilinx/Vivado_HLS/2016.1/common/technology/xilinx/common/xilinx.gen "
@I [HLS-100] Command "source /opt/Xilinx/Vivado_HLS/2016.1/common/technology/xilinx/interface/plb46.gen "
@I [HLS-100] Command 'ap_source' returned 0; elapsed 0.000844Total elapsed time: 1.470 sec.
@I [HLS-100] Command "source /opt/Xilinx/Vivado_HLS/2016.1/common/technology/xilinx/interface/fsl.gen "
@I [HLS-100] Command 'ap_source' returned 0; elapsed 0.00041Total elapsed time: 1.470 sec.
@I [HLS-100] Command "source /opt/Xilinx/Vivado_HLS/2016.1/common/technology/xilinx/interface/axi4.gen "
@I [HLS-100] Command 'ap_source' returned 0; elapsed 0.002035Total elapsed time: 1.472 sec.
@I [HLS-100] Command "source /opt/Xilinx/Vivado_HLS/2016.1/common/technology/xilinx/interface/nativeAXI4.gen "
@I [HLS-100] Command "source /opt/Xilinx/Vivado_HLS/2016.1/common/technology/xilinx/interface/saxilite.gen "
@I [HLS-100] Command 'ap_source' returned 0; elapsed 0.003058Total elapsed time: 1.476 sec.
@I [HLS-100] Command "source /opt/Xilinx/Vivado_HLS/2016.1/common/technology/xilinx/interface/maxi.gen "
@I [HLS-100] Command 'ap_source' returned 0; elapsed 0.00629Total elapsed time: 1.482 sec.
@I [HLS-100] Command 'ap_source' returned 0; elapsed 0.009788Total elapsed time: 1.482 sec.
@I [HLS-100] Command "source /opt/Xilinx/Vivado_HLS/2016.1/common/technology/xilinx/scripts/xilinxcoregen.gen "
@I [HLS-100] Command 'ap_source' returned 0; elapsed 0.008202Total elapsed time: 1.491 sec.
@I [HLS-100] Command "source /opt/Xilinx/Vivado_HLS/2016.1/common/technology/xilinx/interface/XilEDKCoreGen.gen "
@I [HLS-100] Command 'ap_source' returned 0; elapsed 0.007513Total elapsed time: 1.498 sec.
@I [HLS-100] Command "source /opt/Xilinx/Vivado_HLS/2016.1/common/technology/xilinx/ip/xfft.gen "
@I [HLS-100] Command 'ap_source' returned 0; elapsed 0.087725Total elapsed time: 1.586 sec.
@I [HLS-100] Command "source /opt/Xilinx/Vivado_HLS/2016.1/common/technology/xilinx/ip/xfir.gen "
@I [HLS-100] Command 'ap_source' returned 0; elapsed 0.000683Total elapsed time: 1.587 sec.
@I [HLS-100] Command "source /opt/Xilinx/Vivado_HLS/2016.1/common/technology/xilinx/ip/util.gen "
@I [HLS-100] Command 'ap_source' returned 0; elapsed 0.000122Total elapsed time: 1.588 sec.
@I [HLS-100] Command "source /opt/Xilinx/Vivado_HLS/2016.1/common/technology/xilinx/ip/dds_compiler.gen "
@I [HLS-100] Command 'ap_source' returned 0; elapsed 0.003125Total elapsed time: 1.591 sec.
@I [HLS-100] Command 'ap_source' returned 0; elapsed 0.122247Total elapsed time: 1.591 sec.
@I [HLS-100] Command "source /opt/Xilinx/Vivado_HLS/2016.1/common/technology/xilinx/common/dsp48.gen "
@I [HLS-100] Command 'ap_source' returned 0; elapsed 0.00013Total elapsed time: 1.592 sec.
@I [HLS-100] Command 'ap_source' returned 0; elapsed 0.124204Total elapsed time: 1.593 sec.
@I [HLS-100] Command 'ap_source' returned 0; elapsed 0.124389Total elapsed time: 1.593 sec.
@I [HLS-100] Command "source /opt/Xilinx/Vivado_HLS/2016.1/common/technology/xilinx/zynq/zynq_fpv6.gen "
@I [HLS-100] Command "source /opt/Xilinx/Vivado_HLS/2016.1/common/technology/xilinx/common/xilinx_fpv6.gen "
@I [HLS-100] Command 'ap_source' returned 0; elapsed 0.001853Total elapsed time: 1.595 sec.
@I [HLS-100] Command 'ap_source' returned 0; elapsed 0.00212Total elapsed time: 1.595 sec.
@I [HLS-100] Command "source /home/darkin/Workspace/Vivado_HLS/image_contrast_adj/solution1/.autopilot/db/global.setting.tcl "
@I [HLS-100] Command 'ap_source' returned 0; elapsed 0.000182Total elapsed time: 16.300 sec.
@I [HLS-100] Command "source /opt/Xilinx/Vivado_HLS/2016.1/common/technology/generic/autopilot/common.gen "
@I [HLS-100] Command "source /opt/Xilinx/Vivado_HLS/2016.1/common/technology/generic/autopilot/APCoreGen.gen "
@I [HLS-100] Command 'ap_source' returned 0; elapsed 0.000457Total elapsed time: 16.304 sec.
@I [HLS-100] Command 'ap_source' returned 0; elapsed 0.001119Total elapsed time: 16.304 sec.
@I [HLS-100] Command "source /opt/Xilinx/Vivado_HLS/2016.1/common/technology/generic/autopilot/op.gen "
@I [HLS-100] Command 'ap_source' returned 0; elapsed 0.000263Total elapsed time: 16.304 sec.
@I [HLS-100] Command "source /opt/Xilinx/Vivado_HLS/2016.1/common/technology/generic/autopilot/op_simcore.gen "
@I [HLS-100] Command 'ap_source' returned 0; elapsed 0.000798Total elapsed time: 16.305 sec.
@I [HLS-100] Command "source /opt/Xilinx/Vivado_HLS/2016.1/common/technology/generic/autopilot/interface.gen "
@I [HLS-100] Command 'ap_source' returned 0; elapsed 7.1e-05Total elapsed time: 16.306 sec.
@I [HLS-100] Command "source /home/darkin/Workspace/Vivado_HLS/image_contrast_adj/solution1/.autopilot/db/global.setting.tcl "
@I [HLS-100] Command 'ap_source' returned 0; elapsed 0.000128Total elapsed time: 16.306 sec.
@I [HLS-100] Command "source /opt/Xilinx/Vivado_HLS/2016.1/common/technology/xilinx/zynq/zynq.gen "
@I [HLS-100] Command "source /opt/Xilinx/Vivado_HLS/2016.1/common/technology/xilinx/common/virtex.gen "
@I [HLS-100] Command "source /opt/Xilinx/Vivado_HLS/2016.1/common/technology/xilinx/common/xilinx.gen "
@I [HLS-100] Command "source /opt/Xilinx/Vivado_HLS/2016.1/common/technology/xilinx/interface/plb46.gen "
@I [HLS-100] Command 'ap_source' returned 0; elapsed 0.000876Total elapsed time: 16.307 sec.
@I [HLS-100] Command "source /opt/Xilinx/Vivado_HLS/2016.1/common/technology/xilinx/interface/fsl.gen "
@I [HLS-100] Command 'ap_source' returned 0; elapsed 0.000424Total elapsed time: 16.308 sec.
@I [HLS-100] Command "source /opt/Xilinx/Vivado_HLS/2016.1/common/technology/xilinx/interface/axi4.gen "
@I [HLS-100] Command 'ap_source' returned 0; elapsed 0.001901Total elapsed time: 16.310 sec.
@I [HLS-100] Command "source /opt/Xilinx/Vivado_HLS/2016.1/common/technology/xilinx/interface/nativeAXI4.gen "
@I [HLS-100] Command "source /opt/Xilinx/Vivado_HLS/2016.1/common/technology/xilinx/interface/saxilite.gen "
@I [HLS-100] Command 'ap_source' returned 0; elapsed 0.003024Total elapsed time: 16.313 sec.
@I [HLS-100] Command "source /opt/Xilinx/Vivado_HLS/2016.1/common/technology/xilinx/interface/maxi.gen "
@I [HLS-100] Command 'ap_source' returned 0; elapsed 0.006364Total elapsed time: 16.320 sec.
@I [HLS-100] Command 'ap_source' returned 0; elapsed 0.009871Total elapsed time: 16.320 sec.
@I [HLS-100] Command "source /opt/Xilinx/Vivado_HLS/2016.1/common/technology/xilinx/scripts/xilinxcoregen.gen "
@I [HLS-100] Command 'ap_source' returned 0; elapsed 0.0086Total elapsed time: 16.329 sec.
@I [HLS-100] Command "source /opt/Xilinx/Vivado_HLS/2016.1/common/technology/xilinx/interface/XilEDKCoreGen.gen "
@I [HLS-100] Command 'ap_source' returned 0; elapsed 0.007229Total elapsed time: 16.336 sec.
@I [HLS-100] Command "source /opt/Xilinx/Vivado_HLS/2016.1/common/technology/xilinx/ip/xfft.gen "
@I [HLS-100] Command 'ap_source' returned 0; elapsed 0.091195Total elapsed time: 16.428 sec.
@I [HLS-100] Command "source /opt/Xilinx/Vivado_HLS/2016.1/common/technology/xilinx/ip/xfir.gen "
@I [HLS-100] Command 'ap_source' returned 0; elapsed 0.000699Total elapsed time: 16.429 sec.
@I [HLS-100] Command "source /opt/Xilinx/Vivado_HLS/2016.1/common/technology/xilinx/ip/util.gen "
@I [HLS-100] Command 'ap_source' returned 0; elapsed 0.000128Total elapsed time: 16.429 sec.
@I [HLS-100] Command "source /opt/Xilinx/Vivado_HLS/2016.1/common/technology/xilinx/ip/dds_compiler.gen "
@I [HLS-100] Command 'ap_source' returned 0; elapsed 0.003162Total elapsed time: 16.432 sec.
@I [HLS-100] Command 'ap_source' returned 0; elapsed 0.125858Total elapsed time: 16.432 sec.
@I [HLS-100] Command "source /opt/Xilinx/Vivado_HLS/2016.1/common/technology/xilinx/common/dsp48.gen "
@I [HLS-100] Command 'ap_source' returned 0; elapsed 0.000129Total elapsed time: 16.434 sec.
@I [HLS-100] Command 'ap_source' returned 0; elapsed 0.127939Total elapsed time: 16.434 sec.
@I [HLS-100] Command 'ap_source' returned 0; elapsed 0.128101Total elapsed time: 16.434 sec.
@I [HLS-100] Command "source /opt/Xilinx/Vivado_HLS/2016.1/common/technology/xilinx/zynq/zynq_fpv6.gen "
@I [HLS-100] Command "source /opt/Xilinx/Vivado_HLS/2016.1/common/technology/xilinx/common/xilinx_fpv6.gen "
@I [HLS-100] Command 'ap_source' returned 0; elapsed 0.001438Total elapsed time: 16.436 sec.
@I [HLS-100] Command 'ap_source' returned 0; elapsed 0.001665Total elapsed time: 16.436 sec.
@I [HLS-100] Command "source /home/darkin/Workspace/Vivado_HLS/image_contrast_adj/solution1/.autopilot/db/global.setting.tcl "
@I [HLS-100] Command 'ap_source' returned 0; elapsed 0.000156Total elapsed time: 16.436 sec.
@I [IMPL-8] Starting RTL evaluation using Vivado ...
@I [HLS-100] Command "source /home/darkin/Workspace/Vivado_HLS/image_contrast_adj/solution1/.autopilot/db/global.setting.tcl "
@I [HLS-100] Command 'ap_source' returned 0; elapsed 0.000213Total elapsed time: 16.437 sec.
@I [HLS-100] Command "source /home/darkin/Workspace/Vivado_HLS/image_contrast_adj/solution1/.autopilot/db/global.setting.tcl "
@I [HLS-100] Command 'ap_source' returned 0; elapsed 0.000232Total elapsed time: 16.440 sec.
@I [HLS-100] Command "source /opt/Xilinx/Vivado_HLS/2016.1/common/technology/generic/autopilot/common.gen "
@I [HLS-100] Command "source /opt/Xilinx/Vivado_HLS/2016.1/common/technology/generic/autopilot/APCoreGen.gen "
@I [HLS-100] Command 'ap_source' returned 0; elapsed 0.000456Total elapsed time: 16.442 sec.
@I [HLS-100] Command 'ap_source' returned 0; elapsed 0.001078Total elapsed time: 16.442 sec.
@I [HLS-100] Command "source /opt/Xilinx/Vivado_HLS/2016.1/common/technology/generic/autopilot/op.gen "
@I [HLS-100] Command 'ap_source' returned 0; elapsed 0.000267Total elapsed time: 16.443 sec.
@I [HLS-100] Command "source /opt/Xilinx/Vivado_HLS/2016.1/common/technology/generic/autopilot/op_simcore.gen "
@I [HLS-100] Command 'ap_source' returned 0; elapsed 0.000781Total elapsed time: 16.443 sec.
@I [HLS-100] Command "source /opt/Xilinx/Vivado_HLS/2016.1/common/technology/generic/autopilot/interface.gen "
@I [HLS-100] Command 'ap_source' returned 0; elapsed 7.1e-05Total elapsed time: 16.444 sec.
@I [HLS-100] Command "source /home/darkin/Workspace/Vivado_HLS/image_contrast_adj/solution1/.autopilot/db/global.setting.tcl "
@I [HLS-100] Command 'ap_source' returned 0; elapsed 0.000149Total elapsed time: 16.444 sec.
@I [HLS-100] Command "source /opt/Xilinx/Vivado_HLS/2016.1/common/technology/xilinx/zynq/zynq.gen "
@I [HLS-100] Command "source /opt/Xilinx/Vivado_HLS/2016.1/common/technology/xilinx/common/virtex.gen "
@I [HLS-100] Command "source /opt/Xilinx/Vivado_HLS/2016.1/common/technology/xilinx/common/xilinx.gen "
@I [HLS-100] Command "source /opt/Xilinx/Vivado_HLS/2016.1/common/technology/xilinx/interface/plb46.gen "
@I [HLS-100] Command 'ap_source' returned 0; elapsed 0.001048Total elapsed time: 16.446 sec.
@I [HLS-100] Command "source /opt/Xilinx/Vivado_HLS/2016.1/common/technology/xilinx/interface/fsl.gen "
@I [HLS-100] Command 'ap_source' returned 0; elapsed 0.000512Total elapsed time: 16.446 sec.
@I [HLS-100] Command "source /opt/Xilinx/Vivado_HLS/2016.1/common/technology/xilinx/interface/axi4.gen "
@I [HLS-100] Command 'ap_source' returned 0; elapsed 0.001984Total elapsed time: 16.448 sec.
@I [HLS-100] Command "source /opt/Xilinx/Vivado_HLS/2016.1/common/technology/xilinx/interface/nativeAXI4.gen "
@I [HLS-100] Command "source /opt/Xilinx/Vivado_HLS/2016.1/common/technology/xilinx/interface/saxilite.gen "
@I [HLS-100] Command 'ap_source' returned 0; elapsed 0.003278Total elapsed time: 16.452 sec.
@I [HLS-100] Command "source /opt/Xilinx/Vivado_HLS/2016.1/common/technology/xilinx/interface/maxi.gen "
@I [HLS-100] Command 'ap_source' returned 0; elapsed 0.006808Total elapsed time: 16.459 sec.
@I [HLS-100] Command 'ap_source' returned 0; elapsed 0.010578Total elapsed time: 16.459 sec.
@I [HLS-100] Command "source /opt/Xilinx/Vivado_HLS/2016.1/common/technology/xilinx/scripts/xilinxcoregen.gen "
@I [HLS-100] Command 'ap_source' returned 0; elapsed 0.008309Total elapsed time: 16.468 sec.
@I [HLS-100] Command "source /opt/Xilinx/Vivado_HLS/2016.1/common/technology/xilinx/interface/XilEDKCoreGen.gen "
@I [HLS-100] Command 'ap_source' returned 0; elapsed 0.007157Total elapsed time: 16.475 sec.
@I [HLS-100] Command "source /opt/Xilinx/Vivado_HLS/2016.1/common/technology/xilinx/ip/xfft.gen "
@I [HLS-100] Command 'ap_source' returned 0; elapsed 0.090828Total elapsed time: 16.566 sec.
@I [HLS-100] Command "source /opt/Xilinx/Vivado_HLS/2016.1/common/technology/xilinx/ip/xfir.gen "
@I [HLS-100] Command 'ap_source' returned 0; elapsed 0.000696Total elapsed time: 16.567 sec.
@I [HLS-100] Command "source /opt/Xilinx/Vivado_HLS/2016.1/common/technology/xilinx/ip/util.gen "
@I [HLS-100] Command 'ap_source' returned 0; elapsed 0.000141Total elapsed time: 16.567 sec.
@I [HLS-100] Command "source /opt/Xilinx/Vivado_HLS/2016.1/common/technology/xilinx/ip/dds_compiler.gen "
@I [HLS-100] Command 'ap_source' returned 0; elapsed 0.003176Total elapsed time: 16.571 sec.
@I [HLS-100] Command 'ap_source' returned 0; elapsed 0.126309Total elapsed time: 16.571 sec.
@I [HLS-100] Command "source /opt/Xilinx/Vivado_HLS/2016.1/common/technology/xilinx/common/dsp48.gen "
@I [HLS-100] Command 'ap_source' returned 0; elapsed 0.000127Total elapsed time: 16.572 sec.
@I [HLS-100] Command 'ap_source' returned 0; elapsed 0.128293Total elapsed time: 16.572 sec.
@I [HLS-100] Command 'ap_source' returned 0; elapsed 0.128453Total elapsed time: 16.573 sec.
@I [HLS-100] Command "source /opt/Xilinx/Vivado_HLS/2016.1/common/technology/xilinx/zynq/zynq_fpv6.gen "
@I [HLS-100] Command "source /opt/Xilinx/Vivado_HLS/2016.1/common/technology/xilinx/common/xilinx_fpv6.gen "
@I [HLS-100] Command 'ap_source' returned 0; elapsed 0.001406Total elapsed time: 16.574 sec.
@I [HLS-100] Command 'ap_source' returned 0; elapsed 0.001643Total elapsed time: 16.574 sec.
@I [HLS-100] Command "source /home/darkin/Workspace/Vivado_HLS/image_contrast_adj/solution1/.autopilot/db/global.setting.tcl "
@I [HLS-100] Command 'ap_source' returned 0; elapsed 0.000135Total elapsed time: 16.575 sec.
@I [HLS-100] Command "source /home/darkin/Workspace/Vivado_HLS/image_contrast_adj/solution1/.autopilot/db/global.setting.tcl "
@I [HLS-100] Command 'ap_source' returned 0; elapsed 0.000115Total elapsed time: 16.575 sec.
@I [HLS-100] Command "source /home/darkin/Workspace/Vivado_HLS/image_contrast_adj/solution1/.autopilot/db/doHistStretch.compgen.tcl "
@I [HLS-100] Command 'ap_source' returned 0; elapsed 0.012771Total elapsed time: 16.588 sec.
@I [HLS-100] Command "source /home/darkin/Workspace/Vivado_HLS/image_contrast_adj/solution1/.autopilot/db/global.setting.tcl "
@I [HLS-100] Command 'ap_source' returned 0; elapsed 0.000174Total elapsed time: 16.603 sec.
@I [HLS-100] Command "source /home/darkin/Workspace/Vivado_HLS/image_contrast_adj/solution1/.autopilot/db/doHistStretch.constraint.tcl "
@I [HLS-100] Command 'ap_source' returned 0; elapsed 5.5e-05Total elapsed time: 16.604 sec.
@I [HLS-100] Command "source /opt/Xilinx/Vivado_HLS/2016.1/common/technology/generic/autopilot/common.gen "
@I [HLS-100] Command "source /opt/Xilinx/Vivado_HLS/2016.1/common/technology/generic/autopilot/APCoreGen.gen "
@I [HLS-100] Command 'ap_source' returned 0; elapsed 0.000398Total elapsed time: 16.605 sec.
@I [HLS-100] Command 'ap_source' returned 0; elapsed 0.000999Total elapsed time: 16.606 sec.
@I [HLS-100] Command "source /opt/Xilinx/Vivado_HLS/2016.1/common/technology/generic/autopilot/op.gen "
@I [HLS-100] Command 'ap_source' returned 0; elapsed 0.000296Total elapsed time: 16.606 sec.
@I [HLS-100] Command "source /opt/Xilinx/Vivado_HLS/2016.1/common/technology/generic/autopilot/op_simcore.gen "
@I [HLS-100] Command 'ap_source' returned 0; elapsed 0.000734Total elapsed time: 16.607 sec.
@I [HLS-100] Command "source /opt/Xilinx/Vivado_HLS/2016.1/common/technology/generic/autopilot/interface.gen "
@I [HLS-100] Command 'ap_source' returned 0; elapsed 7e-05Total elapsed time: 16.607 sec.
@I [HLS-100] Command "source /home/darkin/Workspace/Vivado_HLS/image_contrast_adj/solution1/.autopilot/db/global.setting.tcl "
@I [HLS-100] Command 'ap_source' returned 0; elapsed 0.000127Total elapsed time: 16.607 sec.
@I [HLS-100] Command "source /opt/Xilinx/Vivado_HLS/2016.1/common/technology/xilinx/zynq/zynq.gen "
@I [HLS-100] Command "source /opt/Xilinx/Vivado_HLS/2016.1/common/technology/xilinx/common/virtex.gen "
@I [HLS-100] Command "source /opt/Xilinx/Vivado_HLS/2016.1/common/technology/xilinx/common/xilinx.gen "
@I [HLS-100] Command "source /opt/Xilinx/Vivado_HLS/2016.1/common/technology/xilinx/interface/plb46.gen "
@I [HLS-100] Command 'ap_source' returned 0; elapsed 0.00079Total elapsed time: 16.609 sec.
@I [HLS-100] Command "source /opt/Xilinx/Vivado_HLS/2016.1/common/technology/xilinx/interface/fsl.gen "
@I [HLS-100] Command 'ap_source' returned 0; elapsed 0.000425Total elapsed time: 16.609 sec.
@I [HLS-100] Command "source /opt/Xilinx/Vivado_HLS/2016.1/common/technology/xilinx/interface/axi4.gen "
@I [HLS-100] Command 'ap_source' returned 0; elapsed 0.001747Total elapsed time: 16.611 sec.
@I [HLS-100] Command "source /opt/Xilinx/Vivado_HLS/2016.1/common/technology/xilinx/interface/nativeAXI4.gen "
@I [HLS-100] Command "source /opt/Xilinx/Vivado_HLS/2016.1/common/technology/xilinx/interface/saxilite.gen "
@I [HLS-100] Command 'ap_source' returned 0; elapsed 0.0032Total elapsed time: 16.615 sec.
@I [HLS-100] Command "source /opt/Xilinx/Vivado_HLS/2016.1/common/technology/xilinx/interface/maxi.gen "
@I [HLS-100] Command 'ap_source' returned 0; elapsed 0.006662Total elapsed time: 16.622 sec.
@I [HLS-100] Command 'ap_source' returned 0; elapsed 0.010431Total elapsed time: 16.622 sec.
@I [HLS-100] Command "source /opt/Xilinx/Vivado_HLS/2016.1/common/technology/xilinx/scripts/xilinxcoregen.gen "
@I [HLS-100] Command 'ap_source' returned 0; elapsed 0.008527Total elapsed time: 16.631 sec.
@I [HLS-100] Command "source /opt/Xilinx/Vivado_HLS/2016.1/common/technology/xilinx/interface/XilEDKCoreGen.gen "
@I [HLS-100] Command 'ap_source' returned 0; elapsed 0.007117Total elapsed time: 16.638 sec.
@I [HLS-100] Command "source /opt/Xilinx/Vivado_HLS/2016.1/common/technology/xilinx/ip/xfft.gen "
@I [HLS-100] Command 'ap_source' returned 0; elapsed 0.088797Total elapsed time: 16.727 sec.
@I [HLS-100] Command "source /opt/Xilinx/Vivado_HLS/2016.1/common/technology/xilinx/ip/xfir.gen "
@I [HLS-100] Command 'ap_source' returned 0; elapsed 0.000737Total elapsed time: 16.728 sec.
@I [HLS-100] Command "source /opt/Xilinx/Vivado_HLS/2016.1/common/technology/xilinx/ip/util.gen "
@I [HLS-100] Command 'ap_source' returned 0; elapsed 0.000144Total elapsed time: 16.729 sec.
@I [HLS-100] Command "source /opt/Xilinx/Vivado_HLS/2016.1/common/technology/xilinx/ip/dds_compiler.gen "
@I [HLS-100] Command 'ap_source' returned 0; elapsed 0.003157Total elapsed time: 16.732 sec.
@I [HLS-100] Command 'ap_source' returned 0; elapsed 0.12408Total elapsed time: 16.732 sec.
@I [HLS-100] Command "source /opt/Xilinx/Vivado_HLS/2016.1/common/technology/xilinx/common/dsp48.gen "
@I [HLS-100] Command 'ap_source' returned 0; elapsed 0.00014Total elapsed time: 16.734 sec.
@I [HLS-100] Command 'ap_source' returned 0; elapsed 0.126176Total elapsed time: 16.734 sec.
@I [HLS-100] Command 'ap_source' returned 0; elapsed 0.126387Total elapsed time: 16.734 sec.
@I [HLS-100] Command "source /opt/Xilinx/Vivado_HLS/2016.1/common/technology/xilinx/zynq/zynq_fpv6.gen "
@I [HLS-100] Command "source /opt/Xilinx/Vivado_HLS/2016.1/common/technology/xilinx/common/xilinx_fpv6.gen "
@I [HLS-100] Command 'ap_source' returned 0; elapsed 0.001888Total elapsed time: 16.736 sec.
@I [HLS-100] Command 'ap_source' returned 0; elapsed 0.002108Total elapsed time: 16.736 sec.
@I [HLS-100] Command "source /home/darkin/Workspace/Vivado_HLS/image_contrast_adj/solution1/.autopilot/db/global.setting.tcl "
@I [HLS-100] Command 'ap_source' returned 0; elapsed 0.000222Total elapsed time: 16.743 sec.
@I [HLS-100] Command 'export_design' returned 0; elapsed 1.33824Total elapsed time: 206.897 sec.
@I [HLS-100] Command 'ap_source' returned 0; elapsed 1.54393Total elapsed time: 206.902 sec.
@I [HLS-100] Command "cleanup_all "
@I [HLS-100] Command 'cleanup_all' returned 0; elapsed 0.00151Total elapsed time: 206.932 sec.
