Copyright 1986-2016 Xilinx, Inc. All Rights Reserved.
---------------------------------------------------------------------------------------------------------------------------
| Tool Version : Vivado v.2016.1 (lin64) Build 1538259 Fri Apr  8 15:45:23 MDT 2016
| Date         : Thu Jun 23 02:03:41 2016
| Host         : darkin-UX303LN running 64-bit elementary OS Freya
| Command      : report_utilization -file design_1_wrapper_utilization_synth.rpt -pb design_1_wrapper_utilization_synth.pb
| Design       : design_1_wrapper
| Device       : 7z020clg484-1
| Design State : Synthesized
---------------------------------------------------------------------------------------------------------------------------

Utilization Design Information

Table of Contents
-----------------
1. Slice Logic
1.1 Summary of Registers by Type
2. Memory
3. DSP
4. IO and GT Specific
5. Clocking
6. Specific Feature
7. Primitives
8. Black Boxes
9. Instantiated Netlists

1. Slice Logic
--------------

+----------------------------+------+-------+-----------+-------+
|          Site Type         | Used | Fixed | Available | Util% |
+----------------------------+------+-------+-----------+-------+
| Slice LUTs*                | 7172 |     0 |     53200 | 13.48 |
|   LUT as Logic             | 6557 |     0 |     53200 | 12.33 |
|   LUT as Memory            |  615 |     0 |     17400 |  3.53 |
|     LUT as Distributed RAM |   18 |     0 |           |       |
|     LUT as Shift Register  |  597 |     0 |           |       |
| Slice Registers            | 8847 |     0 |    106400 |  8.31 |
|   Register as Flip Flop    | 8847 |     0 |    106400 |  8.31 |
|   Register as Latch        |    0 |     0 |    106400 |  0.00 |
| F7 Muxes                   |   85 |     0 |     26600 |  0.32 |
| F8 Muxes                   |    0 |     0 |     13300 |  0.00 |
+----------------------------+------+-------+-----------+-------+
* Warning! The Final LUT count, after physical optimizations and full implementation, is typically lower. Run opt_design after synthesis, if not already completed, for a more realistic count.


1.1 Summary of Registers by Type
--------------------------------

+-------+--------------+-------------+--------------+
| Total | Clock Enable | Synchronous | Asynchronous |
+-------+--------------+-------------+--------------+
| 0     |            _ |           - |            - |
| 0     |            _ |           - |          Set |
| 0     |            _ |           - |        Reset |
| 0     |            _ |         Set |            - |
| 0     |            _ |       Reset |            - |
| 0     |          Yes |           - |            - |
| 45    |          Yes |           - |          Set |
| 66    |          Yes |           - |        Reset |
| 308   |          Yes |         Set |            - |
| 8428  |          Yes |       Reset |            - |
+-------+--------------+-------------+--------------+


2. Memory
---------

+-------------------+------+-------+-----------+-------+
|     Site Type     | Used | Fixed | Available | Util% |
+-------------------+------+-------+-----------+-------+
| Block RAM Tile    |    4 |     0 |       140 |  2.86 |
|   RAMB36/FIFO*    |    4 |     0 |       140 |  2.86 |
|     RAMB36E1 only |    4 |       |           |       |
|   RAMB18          |    0 |     0 |       280 |  0.00 |
+-------------------+------+-------+-----------+-------+
* Note: Each Block RAM Tile only has one FIFO logic available and therefore can accommodate only one FIFO36E1 or one FIFO18E1. However, if a FIFO18E1 occupies a Block RAM Tile, that tile can still accommodate a RAMB18E1


3. DSP
------

+----------------+------+-------+-----------+-------+
|    Site Type   | Used | Fixed | Available | Util% |
+----------------+------+-------+-----------+-------+
| DSPs           |    3 |     0 |       220 |  1.36 |
|   DSP48E1 only |    3 |       |           |       |
+----------------+------+-------+-----------+-------+


4. IO and GT Specific
---------------------

+-----------------------------+------+-------+-----------+--------+
|          Site Type          | Used | Fixed | Available |  Util% |
+-----------------------------+------+-------+-----------+--------+
| Bonded IOB                  |    0 |     0 |       200 |   0.00 |
| Bonded IPADs                |    0 |     0 |         2 |   0.00 |
| Bonded IOPADs               |  130 |     0 |       130 | 100.00 |
| PHY_CONTROL                 |    0 |     0 |         4 |   0.00 |
| PHASER_REF                  |    0 |     0 |         4 |   0.00 |
| OUT_FIFO                    |    0 |     0 |        16 |   0.00 |
| IN_FIFO                     |    0 |     0 |        16 |   0.00 |
| IDELAYCTRL                  |    0 |     0 |         4 |   0.00 |
| IBUFDS                      |    0 |     0 |       192 |   0.00 |
| PHASER_OUT/PHASER_OUT_PHY   |    0 |     0 |        16 |   0.00 |
| PHASER_IN/PHASER_IN_PHY     |    0 |     0 |        16 |   0.00 |
| IDELAYE2/IDELAYE2_FINEDELAY |    0 |     0 |       200 |   0.00 |
| ILOGIC                      |    0 |     0 |       200 |   0.00 |
| OLOGIC                      |    0 |     0 |       200 |   0.00 |
+-----------------------------+------+-------+-----------+--------+


5. Clocking
-----------

+------------+------+-------+-----------+-------+
|  Site Type | Used | Fixed | Available | Util% |
+------------+------+-------+-----------+-------+
| BUFGCTRL   |    1 |     0 |        32 |  3.13 |
| BUFIO      |    0 |     0 |        16 |  0.00 |
| MMCME2_ADV |    0 |     0 |         4 |  0.00 |
| PLLE2_ADV  |    0 |     0 |         4 |  0.00 |
| BUFMRCE    |    0 |     0 |         8 |  0.00 |
| BUFHCE     |    0 |     0 |        72 |  0.00 |
| BUFR       |    0 |     0 |        16 |  0.00 |
+------------+------+-------+-----------+-------+


6. Specific Feature
-------------------

+-------------+------+-------+-----------+-------+
|  Site Type  | Used | Fixed | Available | Util% |
+-------------+------+-------+-----------+-------+
| BSCANE2     |    0 |     0 |         4 |  0.00 |
| CAPTUREE2   |    0 |     0 |         1 |  0.00 |
| DNA_PORT    |    0 |     0 |         1 |  0.00 |
| EFUSE_USR   |    0 |     0 |         1 |  0.00 |
| FRAME_ECCE2 |    0 |     0 |         1 |  0.00 |
| ICAPE2      |    0 |     0 |         2 |  0.00 |
| STARTUPE2   |    0 |     0 |         1 |  0.00 |
| XADC        |    0 |     0 |         1 |  0.00 |
+-------------+------+-------+-----------+-------+


7. Primitives
-------------

+----------+------+----------------------+
| Ref Name | Used |  Functional Category |
+----------+------+----------------------+
| FDRE     | 8428 |         Flop & Latch |
| LUT3     | 2744 |                  LUT |
| LUT6     | 1846 |                  LUT |
| LUT5     | 1186 |                  LUT |
| LUT2     | 1011 |                  LUT |
| LUT4     |  968 |                  LUT |
| CARRY4   |  463 |           CarryLogic |
| SRL16E   |  336 |   Distributed Memory |
| FDSE     |  308 |         Flop & Latch |
| SRLC32E  |  261 |   Distributed Memory |
| LUT1     |  252 |                  LUT |
| BIBUF    |  130 |                   IO |
| MUXF7    |   85 |                MuxFx |
| FDCE     |   66 |         Flop & Latch |
| FDPE     |   45 |         Flop & Latch |
| RAMD32   |   26 |   Distributed Memory |
| RAMS32   |    8 |   Distributed Memory |
| RAMB36E1 |    4 |         Block Memory |
| DSP48E1  |    3 |     Block Arithmetic |
| PS7      |    1 | Specialized Resource |
| BUFG     |    1 |                Clock |
+----------+------+----------------------+


8. Black Boxes
--------------

+----------+------+
| Ref Name | Used |
+----------+------+


9. Instantiated Netlists
------------------------

+----------+------+
| Ref Name | Used |
+----------+------+


