23:58:25 INFO  : Processing command line option -hwspec E:/ZynqTestLab10/ZynqTestLab10.sdk/design_1_wrapper.hdf.
23:58:32 INFO  : Launching XSDB server: xsdb.bat -s E:/Xilinx/SDK/2014.4/scripts/xsdb/xsdb/xsdb-server.tcl 2450
00:13:46 INFO  : Processing command line option -hwspec E:/ZynqTestLab10/ZynqTestLab10.sdk/design_1_wrapper.hdf.
00:13:48 INFO  : Checking for hwspec changes in the project design_1_wrapper_hw_platform_0.
00:13:48 INFO  : Launching XSDB server: xsdb.bat -s E:/Xilinx/SDK/2014.4/scripts/xsdb/xsdb/xsdb-server.tcl 2450
00:15:42 INFO  : Processing command line option -hwspec E:/ZynqTestLab10/ZynqTestLab10.sdk/design_1_wrapper.hdf.
00:15:43 INFO  : Checking for hwspec changes in the project design_1_wrapper_hw_platform_0.
00:15:44 INFO  : Launching XSDB server: xsdb.bat -s E:/Xilinx/SDK/2014.4/scripts/xsdb/xsdb/xsdb-server.tcl 2450
00:16:54 INFO  : Processing command line option -hwspec E:/ZynqTestLab10/ZynqTestLab10.sdk/design_1_wrapper.hdf.
00:16:55 INFO  : Checking for hwspec changes in the project design_1_wrapper_hw_platform_0.
00:16:56 INFO  : Launching XSDB server: xsdb.bat -s E:/Xilinx/SDK/2014.4/scripts/xsdb/xsdb/xsdb-server.tcl 2450
00:18:32 INFO  : Processing command line option -hwspec E:/ZynqTestLab10/ZynqTestLab10.sdk/design_1_wrapper.hdf.
00:18:33 INFO  : Checking for hwspec changes in the project design_1_wrapper_hw_platform_0.
00:18:34 INFO  : Launching XSDB server: xsdb.bat -s E:/Xilinx/SDK/2014.4/scripts/xsdb/xsdb/xsdb-server.tcl 2450
08:49:47 INFO  : Processing command line option -hwspec E:/ZynqTestLab10/ZynqTestLab10.sdk/design_1_wrapper.hdf.
08:49:48 WARN  : Unable to obtain port 2450 for use by XSDB Server, java.net.SocketException: Unrecognized Windows Sockets error: 0: JVM_Bind
08:49:48 INFO  : Checking for hwspec changes in the project design_1_wrapper_hw_platform_0.
08:49:49 INFO  : Launching XSDB server: xsdb.bat -s E:/Xilinx/SDK/2014.4/scripts/xsdb/xsdb/xsdb-server.tcl 2457
09:33:27 INFO  : ps7_init is completed.
09:33:27 INFO  : ps7_post_config is completed.
09:33:28 INFO  : Processor reset is completed for ps7_cortexa9_0
09:33:44 INFO  : Processor reset is completed for ps7_cortexa9_0
09:34:23 INFO  : Processor reset is completed for ps7_cortexa9_0
09:38:59 INFO  : Processor reset is completed for ps7_cortexa9_0
09:45:51 INFO  : Processor reset is completed for ps7_cortexa9_0
09:47:28 INFO  : Processor reset is completed for ps7_cortexa9_0
09:49:26 ERROR : Unexpected error while parsing XMD response ?: com.google.gson.JsonSyntaxException: com.google.gson.stream.MalformedJsonException: invalid number or unquoted string near 
10:34:22 INFO  : Launching XSDB server: xsdb.bat -s E:/Xilinx/SDK/2014.4/scripts/xsdb/xsdb/xsdb-server.tcl 2450
10:34:34 INFO  : Processing command line option -hwspec E:/ZynqTestLab10/ZynqTestLab10.sdk/design_1_wrapper.hdf.
10:34:36 INFO  : Checking for hwspec changes in the project design_1_wrapper_hw_platform_0.
10:34:50 INFO  : SDK has detected change in the last modified timestamps for source hardware specification file Source:1443946302532,  Project:1443909155915
10:34:50 INFO  : The hardware specification for project 'design_1_wrapper_hw_platform_0' is different from E:/ZynqTestLab10/ZynqTestLab10.sdk/design_1_wrapper.hdf.
10:34:50 INFO  : Copied contents of E:/ZynqTestLab10/ZynqTestLab10.sdk/design_1_wrapper.hdf into \design_1_wrapper_hw_platform_0\system.hdf.
10:34:51 INFO  : Synchronizing projects in the workspace with the hardware platform specification changes.
10:35:31 INFO  : 
10:35:32 INFO  : Updating hardware inferred compiler options for testImgProc.
10:35:32 INFO  : Clearing existing target manager status.
10:36:03 INFO  : ps7_init is completed.
10:36:03 INFO  : ps7_post_config is completed.
10:36:03 INFO  : Processor reset is completed for ps7_cortexa9_0
10:39:00 INFO  : Processor reset is completed for ps7_cortexa9_0
10:41:21 INFO  : Processor reset is completed for ps7_cortexa9_0
11:38:00 INFO  : Processor reset is completed for ps7_cortexa9_0
11:38:24 INFO  : Processor reset is completed for ps7_cortexa9_0
12:00:50 INFO  : ps7_init is completed.
12:00:50 INFO  : ps7_post_config is completed.
12:00:50 INFO  : Processor reset is completed for ps7_cortexa9_0
12:01:49 INFO  : Processor reset is completed for ps7_cortexa9_0
12:02:02 INFO  : Processor reset is completed for ps7_cortexa9_0
12:03:08 INFO  : Processor reset is completed for ps7_cortexa9_0
13:17:36 INFO  : ps7_init is completed.
13:17:36 INFO  : ps7_post_config is completed.
13:17:37 INFO  : Processor reset is completed for ps7_cortexa9_0
13:19:44 INFO  : Processor reset is completed for ps7_cortexa9_0
13:20:43 INFO  : Processor reset is completed for ps7_cortexa9_0
13:22:50 INFO  : Processor reset is completed for ps7_cortexa9_0
13:22:57 INFO  : Processor reset is completed for ps7_cortexa9_0
13:23:48 INFO  : Processor reset is completed for ps7_cortexa9_0
13:24:11 INFO  : Processor reset is completed for ps7_cortexa9_0
13:25:14 INFO  : Processor reset is completed for ps7_cortexa9_0
13:32:14 ERROR : Unexpected error while parsing XMD response ?: com.google.gson.JsonSyntaxException: com.google.gson.stream.MalformedJsonException: invalid number or unquoted string near 
19:18:54 INFO  : Processing command line option -hwspec E:/ZynqTestLab10/ZynqTestLab10.sdk/design_1_wrapper.hdf.
19:18:58 INFO  : Checking for hwspec changes in the project design_1_wrapper_hw_platform_0.
19:18:59 INFO  : Launching XSDB server: xsdb.bat -s E:/Xilinx/SDK/2014.4/scripts/xsdb/xsdb/xsdb-server.tcl 2450
19:19:13 INFO  : SDK has detected change in the last modified timestamps for source hardware specification file Source:1443978999975,  Project:1443946302532
19:19:13 INFO  : The hardware specification for project 'design_1_wrapper_hw_platform_0' is different from E:/ZynqTestLab10/ZynqTestLab10.sdk/design_1_wrapper.hdf.
19:19:14 INFO  : Copied contents of E:/ZynqTestLab10/ZynqTestLab10.sdk/design_1_wrapper.hdf into \design_1_wrapper_hw_platform_0\system.hdf.
19:19:36 INFO  : Synchronizing projects in the workspace with the hardware platform specification changes.
19:19:50 INFO  : 
19:19:53 INFO  : Updating hardware inferred compiler options for testImgProc.
19:19:53 INFO  : Clearing existing target manager status.
19:21:41 INFO  : ps7_init is completed.
19:21:41 INFO  : ps7_post_config is completed.
19:21:41 INFO  : Processor reset is completed for ps7_cortexa9_0
19:23:35 ERROR : Unexpected error while parsing XMD response ?: com.google.gson.JsonSyntaxException: com.google.gson.stream.MalformedJsonException: invalid number or unquoted string near 
20:19:30 INFO  : Launching XSDB server: xsdb.bat -s E:/Xilinx/SDK/2014.4/scripts/xsdb/xsdb/xsdb-server.tcl 2450
20:19:40 INFO  : Processing command line option -hwspec E:/ZynqTestLab10/ZynqTestLab10.sdk/design_1_wrapper.hdf.
20:19:45 INFO  : Checking for hwspec changes in the project design_1_wrapper_hw_platform_0.
20:19:58 INFO  : SDK has detected change in the last modified timestamps for source hardware specification file Source:1443982626378,  Project:1443978999975
20:19:58 INFO  : The hardware specification for project 'design_1_wrapper_hw_platform_0' is different from E:/ZynqTestLab10/ZynqTestLab10.sdk/design_1_wrapper.hdf.
20:19:59 INFO  : Copied contents of E:/ZynqTestLab10/ZynqTestLab10.sdk/design_1_wrapper.hdf into \design_1_wrapper_hw_platform_0\system.hdf.
20:20:23 INFO  : Synchronizing projects in the workspace with the hardware platform specification changes.
20:20:36 INFO  : 
20:20:40 INFO  : Updating hardware inferred compiler options for testImgProc.
20:20:40 INFO  : Clearing existing target manager status.
20:20:51 INFO  : ps7_init is completed.
20:20:52 INFO  : ps7_post_config is completed.
20:20:52 INFO  : Processor reset is completed for ps7_cortexa9_0
20:21:13 INFO  : Processor reset is completed for ps7_cortexa9_0
20:27:10 INFO  : Processor reset is completed for ps7_cortexa9_0
20:27:16 INFO  : Processor reset is completed for ps7_cortexa9_0
20:30:25 INFO  : Processor reset is completed for ps7_cortexa9_0
20:31:21 INFO  : Processor reset is completed for ps7_cortexa9_0
20:31:46 INFO  : Processor reset is completed for ps7_cortexa9_0
20:33:46 INFO  : Processor reset is completed for ps7_cortexa9_0
20:34:02 INFO  : Processor reset is completed for ps7_cortexa9_0
20:35:57 INFO  : Processor reset is completed for ps7_cortexa9_0
20:36:34 INFO  : Processor reset is completed for ps7_cortexa9_0
20:36:56 INFO  : Processor reset is completed for ps7_cortexa9_0
20:37:04 INFO  : Processor reset is completed for ps7_cortexa9_0
20:53:39 ERROR : Unexpected error while parsing XMD response ?: com.google.gson.JsonSyntaxException: com.google.gson.stream.MalformedJsonException: invalid number or unquoted string near 
21:19:56 INFO  : Processing command line option -hwspec E:/ZynqTestLab10/ZynqTestLab10.sdk/design_1_wrapper.hdf.
21:19:59 INFO  : Checking for hwspec changes in the project design_1_wrapper_hw_platform_0.
21:20:00 INFO  : Launching XSDB server: xsdb.bat -s E:/Xilinx/SDK/2014.4/scripts/xsdb/xsdb/xsdb-server.tcl 2450
21:20:10 INFO  : SDK has detected change in the last modified timestamps for source hardware specification file Source:1443986040474,  Project:1443982626378
21:20:10 INFO  : The hardware specification for project 'design_1_wrapper_hw_platform_0' is different from E:/ZynqTestLab10/ZynqTestLab10.sdk/design_1_wrapper.hdf.
21:20:10 INFO  : Copied contents of E:/ZynqTestLab10/ZynqTestLab10.sdk/design_1_wrapper.hdf into \design_1_wrapper_hw_platform_0\system.hdf.
21:20:11 INFO  : Synchronizing projects in the workspace with the hardware platform specification changes.
21:20:34 INFO  : 
21:20:35 INFO  : Updating hardware inferred compiler options for testImgProc.
21:20:35 INFO  : Clearing existing target manager status.
21:21:37 INFO  : ps7_init is completed.
21:21:37 INFO  : ps7_post_config is completed.
21:21:37 INFO  : Processor reset is completed for ps7_cortexa9_0
21:23:20 INFO  : Processor reset is completed for ps7_cortexa9_0
21:46:34 ERROR : Checking FPGA configuration failed..Connection to Board Failed


    Failed to open Cable Node jsn-Zed-210248471078 on TCP:127.0.0.1:3121


21:46:34 ERROR : Unexpected error while launching program.
com.xilinx.sdk.targetmanager.TMException: Connection to Board Failed


    Failed to open Cable Node jsn-Zed-210248471078 on TCP:127.0.0.1:3121


	at com.xilinx.sdk.targetmanager.internal.TM.isFPGAConfigured(TM.java:372)
	at com.xilinx.sdk.debug.core.XilinxAppLaunchConfigurationDelegate.isFpgaConfigured(XilinxAppLaunchConfigurationDelegate.java:378)
	at com.xilinx.sdk.debug.core.XilinxAppLaunchConfigurationDelegate.launch(XilinxAppLaunchConfigurationDelegate.java:287)
	at com.xilinx.sdk.debug.ui.XilinxAppLaunchDelegateWrapper.launch(XilinxAppLaunchDelegateWrapper.java:31)
	at org.eclipse.debug.internal.core.LaunchConfiguration.launch(LaunchConfiguration.java:858)
	at org.eclipse.debug.internal.core.LaunchConfiguration.launch(LaunchConfiguration.java:707)
	at org.eclipse.debug.internal.ui.DebugUIPlugin.buildAndLaunch(DebugUIPlugin.java:1018)
	at org.eclipse.debug.internal.ui.DebugUIPlugin$8.run(DebugUIPlugin.java:1222)
	at org.eclipse.core.internal.jobs.Worker.run(Worker.java:53)
21:47:01 INFO  : ps7_init is completed.
21:47:01 INFO  : ps7_post_config is completed.
21:47:01 INFO  : Processor reset is completed for ps7_cortexa9_0
21:50:04 ERROR : Unexpected error while parsing XMD response ?: com.google.gson.JsonSyntaxException: com.google.gson.stream.MalformedJsonException: invalid number or unquoted string near 
22:36:53 INFO  : Launching XSDB server: xsdb.bat -s E:/Xilinx/SDK/2014.4/scripts/xsdb/xsdb/xsdb-server.tcl 2450
22:37:03 INFO  : Processing command line option -hwspec E:/ZynqTestLab10/ZynqTestLab10.sdk/design_1_wrapper.hdf.
22:37:05 INFO  : Checking for hwspec changes in the project design_1_wrapper_hw_platform_0.
22:37:23 INFO  : SDK has detected change in the last modified timestamps for source hardware specification file Source:1443990040303,  Project:1443986040474
22:37:23 INFO  : The hardware specification for project 'design_1_wrapper_hw_platform_0' is different from E:/ZynqTestLab10/ZynqTestLab10.sdk/design_1_wrapper.hdf.
22:37:23 INFO  : Copied contents of E:/ZynqTestLab10/ZynqTestLab10.sdk/design_1_wrapper.hdf into \design_1_wrapper_hw_platform_0\system.hdf.
22:37:24 INFO  : Synchronizing projects in the workspace with the hardware platform specification changes.
22:38:05 INFO  : 
22:38:06 INFO  : Updating hardware inferred compiler options for testImgProc.
22:38:06 INFO  : Clearing existing target manager status.
22:39:33 INFO  : ps7_init is completed.
22:39:33 INFO  : ps7_post_config is completed.
22:39:33 INFO  : Processor reset is completed for ps7_cortexa9_0
22:41:45 INFO  : Processor reset is completed for ps7_cortexa9_0
22:45:30 INFO  : FPGA Cable Disconnected. All active launches will be terminated.
22:45:30 WARN  : Terminating existing sessions on processor ps7_cortexa9_0
23:00:55 ERROR : Checking FPGA configuration failed..Connection to Board Failed


    Failed to open Cable Node jsn-Zed-210248471078 on TCP:127.0.0.1:3121


23:00:55 ERROR : Unexpected error while launching program.
com.xilinx.sdk.targetmanager.TMException: Connection to Board Failed


    Failed to open Cable Node jsn-Zed-210248471078 on TCP:127.0.0.1:3121


	at com.xilinx.sdk.targetmanager.internal.TM.isFPGAConfigured(TM.java:372)
	at com.xilinx.sdk.debug.core.XilinxAppLaunchConfigurationDelegate.isFpgaConfigured(XilinxAppLaunchConfigurationDelegate.java:378)
	at com.xilinx.sdk.debug.core.XilinxAppLaunchConfigurationDelegate.launch(XilinxAppLaunchConfigurationDelegate.java:287)
	at com.xilinx.sdk.debug.ui.XilinxAppLaunchDelegateWrapper.launch(XilinxAppLaunchDelegateWrapper.java:31)
	at org.eclipse.debug.internal.core.LaunchConfiguration.launch(LaunchConfiguration.java:858)
	at org.eclipse.debug.internal.core.LaunchConfiguration.launch(LaunchConfiguration.java:707)
	at org.eclipse.debug.internal.ui.DebugUIPlugin.buildAndLaunch(DebugUIPlugin.java:1018)
	at org.eclipse.debug.internal.ui.DebugUIPlugin$8.run(DebugUIPlugin.java:1222)
	at org.eclipse.core.internal.jobs.Worker.run(Worker.java:53)
23:02:08 ERROR : Unexpected error while parsing XMD response ?: com.google.gson.JsonSyntaxException: com.google.gson.stream.MalformedJsonException: invalid number or unquoted string near 
23:07:50 INFO  : Processing command line option -hwspec E:/ZynqTestLab10/ZynqTestLab10.sdk/design_1_wrapper.hdf.
23:07:51 INFO  : Checking for hwspec changes in the project design_1_wrapper_hw_platform_0.
23:07:52 INFO  : Launching XSDB server: xsdb.bat -s E:/Xilinx/SDK/2014.4/scripts/xsdb/xsdb/xsdb-server.tcl 2450
23:08:14 INFO  : ps7_init is completed.
23:08:14 INFO  : ps7_post_config is completed.
23:08:15 INFO  : Processor reset is completed for ps7_cortexa9_0
23:10:35 INFO  : Processor reset is completed for ps7_cortexa9_0
23:11:25 INFO  : Processor reset is completed for ps7_cortexa9_0
23:12:44 INFO  : Processor reset is completed for ps7_cortexa9_0
23:32:51 INFO  : ps7_init is completed.
23:32:51 INFO  : ps7_post_config is completed.
23:32:51 INFO  : Processor reset is completed for ps7_cortexa9_0
17:40:33 INFO  : Launching XSDB server: xsdb -n -interactive /home/darkin/Downloads/Tx/Bob/ZynqTestLab10/ZynqTestLab10.sdk/temp_xsdb_launch_script.tcl
17:40:36 INFO  : XSDB server has started successfully.
17:40:36 INFO  : Processing command line option -hwspec /home/darkin/Downloads/Tx/Bob/ZynqTestLab10/ZynqTestLab10.sdk/design_1_wrapper.hdf.
17:47:28 INFO  : Launching XSDB server: xsdb -n -interactive /home/darkin/Workspace/Vivado/image_conv_2D/image_conv_2D.sdk/temp_xsdb_launch_script.tcl
17:47:29 INFO  : XSDB server has started successfully.
17:47:30 INFO  : Processing command line option -hwspec /home/darkin/Workspace/Vivado/image_conv_2D/image_conv_2D.sdk/design_1_wrapper.hdf.
17:58:44 ERROR : (XSDB Server)ERROR: [Hsi 55-1594] Core axidma of version 8.0 not found in repositories
ERROR: [Hsi 55-1594] Core doimgproc of version 1.0 not found in repositories

17:58:44 ERROR : (XSDB Server)ERROR: [Hsi 55-1594] Core devcfg of version 3.2 not found in repositories
ERROR: [Hsi 55-1594] Core qspips of version 3.1 not found in repositories
ERROR: [Hsi 55-1594] Core ttcps of version 2.0 not found in repositories
ERROR: [Hsi 55-1594] Core uartps of version 2.2 not found in repositories

17:58:44 ERROR : (XSDB Server)ERROR: [Hsi 55-1452] Error: running open_sw_design.

17:58:44 ERROR :  [Common 17-39] 'hsi::open_sw_design' failed due to earlier errors.
17:58:44 ERROR : (XSDB Server)ERROR: [Hsi 55-1594] Core axidma of version 8.0 not found in repositories

17:58:44 ERROR : (XSDB Server)ERROR: [Hsi 55-1594] Core doimgproc of version 1.0 not found in repositories
ERROR: [Hsi 55-1594] Core devcfg of version 3.2 not found in repositories
ERROR: [Hsi 55-1594] Core qspips of version 3.1 not found in repositories
ERROR: [Hsi 55-1594] Core ttcps of version 2.0 not found in repositories
ERROR: [Hsi 55-1594] Core uartps of version 2.2 not found in repositories
ERROR: [Hsi 55-1452] Error: running open_sw_design.

17:58:45 INFO  : Unable to read in MSS file /home/darkin/Workspace/Vivado/image_conv_2D/image_conv_2D.sdk/testImgProc_bsp/system.mss : null
17:58:45 ERROR : Failed to closesw "/home/darkin/Workspace/Vivado/image_conv_2D/image_conv_2D.sdk/testImgProc_bsp/system.mss"
Reason: Cannot close sw design '/home/darkin/Workspace/Vivado/image_conv_2D/image_conv_2D.sdk/testImgProc_bsp/system.mss'.
Design is not opened in the current session.


18:04:54 ERROR : Unexpected error while parsing XMD response ￿: com.google.gson.JsonSyntaxException: com.google.gson.stream.MalformedJsonException: invalid number or unquoted string near 
18:05:16 INFO  : Launching XSDB server: xsdb -n -interactive /home/darkin/Workspace/Vivado/image_conv_2D/image_conv_2D.sdk/temp_xsdb_launch_script.tcl
18:05:17 INFO  : XSDB server has started successfully.
18:05:18 INFO  : Processing command line option -hwspec /home/darkin/Workspace/Vivado/image_conv_2D/image_conv_2D.sdk/design_1_wrapper.hdf.
18:07:59 INFO  : ps7_init is completed.
18:07:59 INFO  : ps7_post_config is completed.
18:07:59 INFO  : Processor reset is completed for ps7_cortexa9_0
18:10:19 INFO  : Processor reset is completed for ps7_cortexa9_0
18:11:44 INFO  : Processor reset is completed for ps7_cortexa9_0
18:15:25 INFO  : Processor reset is completed for ps7_cortexa9_0
18:15:57 INFO  : Processor reset is completed for ps7_cortexa9_0
18:16:21 INFO  : Processor reset is completed for ps7_cortexa9_0
18:19:12 INFO  : Processor reset is completed for ps7_cortexa9_0
18:23:00 ERROR : (XSDB Server)can't read "logifle": no such variable

18:23:08 ERROR : (XSDB Server)Invalid target. Use "targets" command to select a target

18:23:58 ERROR : (XSDB Server)Invalid target. Use "targets" command to select a target

18:24:14 ERROR : (XSDB Server)Invalid target. Use "targets" command to select a target

18:25:55 INFO  : Processor reset is completed for ps7_cortexa9_0
18:26:39 INFO  : Processor reset is completed for ps7_cortexa9_0
18:27:35 INFO  : Processor reset is completed for ps7_cortexa9_0
18:28:17 INFO  : Processor reset is completed for ps7_cortexa9_0
18:29:57 INFO  : Processor reset is completed for ps7_cortexa9_0
18:32:51 INFO  : Processor reset is completed for ps7_cortexa9_0
18:33:41 ERROR : (XSDB Server)child process exited abnormally

18:33:45 ERROR : (XSDB Server)child process exited abnormally

18:34:01 ERROR : (XSDB Server)invalid command name "ttargets"

18:34:26 ERROR : (XSDB Server)can not find channel named "logfile"

18:43:09 INFO  : Processor reset is completed for ps7_cortexa9_0
18:47:26 INFO  : Processor reset is completed for ps7_cortexa9_0
19:07:02 ERROR : Unexpected error while parsing XMD response ￿: com.google.gson.JsonSyntaxException: com.google.gson.stream.MalformedJsonException: invalid number or unquoted string near 
00:12:28 INFO  : Launching XSDB server: xsdb -n -interactive /home/darkin/Workspace/Vivado/image_conv_2D/image_conv_2D.sdk/temp_xsdb_launch_script.tcl
00:12:29 INFO  : XSDB server has started successfully.
00:12:30 INFO  : Processing command line option -hwspec /home/darkin/Workspace/Vivado/image_conv_2D/image_conv_2D.sdk/design_1_wrapper.hdf.
00:12:33 INFO  : Checking for hwspec changes in the project design_1_wrapper_hw_platform_0.
02:39:17 INFO  : Launching XSDB server: xsdb -n -interactive /home/darkin/Workspace/Vivado/image_conv_2D/image_conv_2D.sdk/temp_xsdb_launch_script.tcl
02:39:18 INFO  : XSDB server has started successfully.
02:39:19 INFO  : Processing command line option -hwspec /home/darkin/Workspace/Vivado/image_conv_2D/image_conv_2D.sdk/design_1_wrapper.hdf.
02:39:22 INFO  : Checking for hwspec changes in the project design_1_wrapper_hw_platform_0.
02:39:28 INFO  : SDK has detected change in the last modified timestamps for source hardware specification file Source:1466554535000,  Project:1466523374000
02:39:28 INFO  : The hardware specification for project 'design_1_wrapper_hw_platform_0' is different from /home/darkin/Workspace/Vivado/image_conv_2D/image_conv_2D.sdk/design_1_wrapper.hdf.
02:39:28 INFO  : Copied contents of /home/darkin/Workspace/Vivado/image_conv_2D/image_conv_2D.sdk/design_1_wrapper.hdf into /design_1_wrapper_hw_platform_0/system.hdf.
02:39:49 INFO  : Synchronizing projects in the workspace with the hardware platform specification changes.
02:39:52 INFO  : 
02:39:53 INFO  : Updating hardware inferred compiler options for testImgProc.
02:39:54 INFO  : Clearing existing target manager status.
02:43:52 INFO  : ps7_init is completed.
02:43:52 INFO  : ps7_post_config is completed.
02:43:52 INFO  : Processor reset is completed for ps7_cortexa9_0
02:44:01 INFO  : ps7_cortexa9_0 Processor is in use. Please stop existing Run or Debug sessions before launching.
02:44:06 INFO  : Processor reset is completed for ps7_cortexa9_0
02:45:33 INFO  : Processor reset is completed for ps7_cortexa9_0
02:46:36 INFO  : Time out for XMD transaction is 60000
If you want to increase the timeout value, goto Windows-> Preferences -> Xilinx SDK -> XMD Startup
02:46:36 ERROR : Timeout occured while waiting to get reply for command "xdisconnect 64"
02:46:36 ERROR : Disconnect target failed.
02:48:40 ERROR : Unexpected error while launching program.
java.lang.RuntimeException: Error while running ps7_init method.
No Target with ID 64 in the System


	at com.xilinx.sdk.targetmanager.internal.TM.run_ps7_init(TM.java:1089)
	at com.xilinx.sdk.debug.core.XilinxAppLaunchConfigurationDelegate.runTargetSetup(XilinxAppLaunchConfigurationDelegate.java:514)
	at com.xilinx.sdk.debug.core.XilinxAppLaunchConfigurationDelegate.runApplication(XilinxAppLaunchConfigurationDelegate.java:616)
	at com.xilinx.sdk.debug.core.XilinxAppLaunchConfigurationDelegate.launch(XilinxAppLaunchConfigurationDelegate.java:309)
	at com.xilinx.sdk.debug.ui.XilinxAppLaunchDelegateWrapper.launch(XilinxAppLaunchDelegateWrapper.java:31)
	at org.eclipse.debug.internal.core.LaunchConfiguration.launch(LaunchConfiguration.java:885)
	at org.eclipse.debug.internal.core.LaunchConfiguration.launch(LaunchConfiguration.java:739)
	at org.eclipse.debug.internal.ui.DebugUIPlugin.buildAndLaunch(DebugUIPlugin.java:1039)
	at org.eclipse.debug.internal.ui.DebugUIPlugin$8.run(DebugUIPlugin.java:1256)
	at org.eclipse.core.internal.jobs.Worker.run(Worker.java:55)
02:48:40 ERROR : Disconnect target failed.No Target with ID 64 in the System


02:49:01 ERROR : Unexpected error while launching program.
java.lang.RuntimeException: Error while running ps7_init method.
No Target with ID 64 in the System


	at com.xilinx.sdk.targetmanager.internal.TM.run_ps7_init(TM.java:1089)
	at com.xilinx.sdk.debug.core.XilinxAppLaunchConfigurationDelegate.runTargetSetup(XilinxAppLaunchConfigurationDelegate.java:514)
	at com.xilinx.sdk.debug.core.XilinxAppLaunchConfigurationDelegate.runApplication(XilinxAppLaunchConfigurationDelegate.java:616)
	at com.xilinx.sdk.debug.core.XilinxAppLaunchConfigurationDelegate.launch(XilinxAppLaunchConfigurationDelegate.java:309)
	at com.xilinx.sdk.debug.ui.XilinxAppLaunchDelegateWrapper.launch(XilinxAppLaunchDelegateWrapper.java:31)
	at org.eclipse.debug.internal.core.LaunchConfiguration.launch(LaunchConfiguration.java:885)
	at org.eclipse.debug.internal.core.LaunchConfiguration.launch(LaunchConfiguration.java:739)
	at org.eclipse.debug.internal.ui.DebugUIPlugin.buildAndLaunch(DebugUIPlugin.java:1039)
	at org.eclipse.debug.internal.ui.DebugUIPlugin$8.run(DebugUIPlugin.java:1256)
	at org.eclipse.core.internal.jobs.Worker.run(Worker.java:55)
02:49:01 ERROR : Disconnect target failed.No Target with ID 64 in the System


02:50:43 ERROR : Unexpected error while launching program.
java.lang.RuntimeException: Error while running ps7_init method.
No Target with ID 64 in the System


	at com.xilinx.sdk.targetmanager.internal.TM.run_ps7_init(TM.java:1089)
	at com.xilinx.sdk.debug.core.XilinxAppLaunchConfigurationDelegate.runTargetSetup(XilinxAppLaunchConfigurationDelegate.java:514)
	at com.xilinx.sdk.debug.core.XilinxAppLaunchConfigurationDelegate.runApplication(XilinxAppLaunchConfigurationDelegate.java:616)
	at com.xilinx.sdk.debug.core.XilinxAppLaunchConfigurationDelegate.launch(XilinxAppLaunchConfigurationDelegate.java:309)
	at com.xilinx.sdk.debug.ui.XilinxAppLaunchDelegateWrapper.launch(XilinxAppLaunchDelegateWrapper.java:31)
	at org.eclipse.debug.internal.core.LaunchConfiguration.launch(LaunchConfiguration.java:885)
	at org.eclipse.debug.internal.core.LaunchConfiguration.launch(LaunchConfiguration.java:739)
	at org.eclipse.debug.internal.ui.DebugUIPlugin.buildAndLaunch(DebugUIPlugin.java:1039)
	at org.eclipse.debug.internal.ui.DebugUIPlugin$8.run(DebugUIPlugin.java:1256)
	at org.eclipse.core.internal.jobs.Worker.run(Worker.java:55)
02:50:43 ERROR : Disconnect target failed.No Target with ID 64 in the System


02:51:21 ERROR : Unexpected error while launching program.
java.lang.RuntimeException: Error while running ps7_init method.
No Target with ID 64 in the System


	at com.xilinx.sdk.targetmanager.internal.TM.run_ps7_init(TM.java:1089)
	at com.xilinx.sdk.debug.core.XilinxAppLaunchConfigurationDelegate.runTargetSetup(XilinxAppLaunchConfigurationDelegate.java:514)
	at com.xilinx.sdk.debug.core.XilinxAppLaunchConfigurationDelegate.runApplication(XilinxAppLaunchConfigurationDelegate.java:616)
	at com.xilinx.sdk.debug.core.XilinxAppLaunchConfigurationDelegate.launch(XilinxAppLaunchConfigurationDelegate.java:309)
	at com.xilinx.sdk.debug.ui.XilinxAppLaunchDelegateWrapper.launch(XilinxAppLaunchDelegateWrapper.java:31)
	at org.eclipse.debug.internal.core.LaunchConfiguration.launch(LaunchConfiguration.java:885)
	at org.eclipse.debug.internal.core.LaunchConfiguration.launch(LaunchConfiguration.java:739)
	at org.eclipse.debug.internal.ui.DebugUIPlugin.buildAndLaunch(DebugUIPlugin.java:1039)
	at org.eclipse.debug.internal.ui.DebugUIPlugin$8.run(DebugUIPlugin.java:1256)
	at org.eclipse.core.internal.jobs.Worker.run(Worker.java:55)
02:51:21 ERROR : Disconnect target failed.No Target with ID 64 in the System


02:52:07 ERROR : Unexpected error while launching program.
java.lang.RuntimeException: Error while running ps7_init method.
No Target with ID 64 in the System


	at com.xilinx.sdk.targetmanager.internal.TM.run_ps7_init(TM.java:1089)
	at com.xilinx.sdk.debug.core.XilinxAppLaunchConfigurationDelegate.runTargetSetup(XilinxAppLaunchConfigurationDelegate.java:514)
	at com.xilinx.sdk.debug.core.XilinxAppLaunchConfigurationDelegate.runApplication(XilinxAppLaunchConfigurationDelegate.java:616)
	at com.xilinx.sdk.debug.core.XilinxAppLaunchConfigurationDelegate.launch(XilinxAppLaunchConfigurationDelegate.java:309)
	at com.xilinx.sdk.debug.ui.XilinxAppLaunchDelegateWrapper.launch(XilinxAppLaunchDelegateWrapper.java:31)
	at org.eclipse.debug.internal.core.LaunchConfiguration.launch(LaunchConfiguration.java:885)
	at org.eclipse.debug.internal.core.LaunchConfiguration.launch(LaunchConfiguration.java:739)
	at org.eclipse.debug.internal.ui.DebugUIPlugin.buildAndLaunch(DebugUIPlugin.java:1039)
	at org.eclipse.debug.internal.ui.DebugUIPlugin$8.run(DebugUIPlugin.java:1256)
	at org.eclipse.core.internal.jobs.Worker.run(Worker.java:55)
02:52:08 ERROR : Disconnect target failed.No Target with ID 64 in the System


02:52:49 ERROR : Unexpected error while launching program.
java.lang.RuntimeException: Error while running ps7_init method.
No Target with ID 64 in the System


	at com.xilinx.sdk.targetmanager.internal.TM.run_ps7_init(TM.java:1089)
	at com.xilinx.sdk.debug.core.XilinxAppLaunchConfigurationDelegate.runTargetSetup(XilinxAppLaunchConfigurationDelegate.java:514)
	at com.xilinx.sdk.debug.core.XilinxAppLaunchConfigurationDelegate.debugApplication(XilinxAppLaunchConfigurationDelegate.java:701)
	at com.xilinx.sdk.debug.core.XilinxAppLaunchConfigurationDelegate.launch(XilinxAppLaunchConfigurationDelegate.java:311)
	at com.xilinx.sdk.debug.ui.XilinxAppLaunchDelegateWrapper.launch(XilinxAppLaunchDelegateWrapper.java:31)
	at org.eclipse.debug.internal.core.LaunchConfiguration.launch(LaunchConfiguration.java:885)
	at org.eclipse.debug.internal.core.LaunchConfiguration.launch(LaunchConfiguration.java:739)
	at org.eclipse.debug.internal.ui.DebugUIPlugin.buildAndLaunch(DebugUIPlugin.java:1039)
	at org.eclipse.debug.internal.ui.DebugUIPlugin$8.run(DebugUIPlugin.java:1256)
	at org.eclipse.core.internal.jobs.Worker.run(Worker.java:55)
02:52:49 ERROR : Disconnect target failed.No Target with ID 64 in the System


02:53:02 INFO  : FPGA Cable Disconnected. All active launches will be terminated.
02:53:02 ERROR : Disconnect target failed.No Target with ID 64 in the System


02:53:42 ERROR : Checking FPGA configuration failed..Lost communication with jtag cable. Run "xdisconnect -cable"
                           and start over again


02:53:42 ERROR : Unexpected error while launching program.
com.xilinx.sdk.targetmanager.TMException: Lost communication with jtag cable. Run "xdisconnect -cable"
                           and start over again


	at com.xilinx.sdk.targetmanager.internal.TM.isFPGAConfigured(TM.java:374)
	at com.xilinx.sdk.debug.core.XilinxAppLaunchConfigurationDelegate.isFpgaConfigured(XilinxAppLaunchConfigurationDelegate.java:409)
	at com.xilinx.sdk.debug.core.XilinxAppLaunchConfigurationDelegate.launch(XilinxAppLaunchConfigurationDelegate.java:303)
	at com.xilinx.sdk.debug.ui.XilinxAppLaunchDelegateWrapper.launch(XilinxAppLaunchDelegateWrapper.java:31)
	at org.eclipse.debug.internal.core.LaunchConfiguration.launch(LaunchConfiguration.java:885)
	at org.eclipse.debug.internal.core.LaunchConfiguration.launch(LaunchConfiguration.java:739)
	at org.eclipse.debug.internal.ui.DebugUIPlugin.buildAndLaunch(DebugUIPlugin.java:1039)
	at org.eclipse.debug.internal.ui.DebugUIPlugin$8.run(DebugUIPlugin.java:1256)
	at org.eclipse.core.internal.jobs.Worker.run(Worker.java:55)
02:53:42 ERROR : Disconnect target failed.No Target with ID 64 in the System


02:53:47 ERROR : Disconnect target failed.No Target with ID 64 in the System


02:53:47 ERROR : Unable to disconnect from existing targets
java.lang.RuntimeException: No Target with ID 64 in the System


	at com.xilinx.sdk.targetmanager.internal.TM.disconnectTarget(TM.java:329)
	at com.xilinx.sdk.targetmanager.internal.TM.disconnectExistingTargets(TM.java:308)
	at com.xilinx.sdk.targetmanager.internal.TM.terminate(TM.java:212)
	at com.xilinx.sdk.targetmanager.TMPlugin.stop(TMPlugin.java:58)
	at org.eclipse.osgi.internal.framework.BundleContextImpl$4.run(BundleContextImpl.java:827)
	at org.eclipse.osgi.internal.framework.BundleContextImpl$4.run(BundleContextImpl.java:1)
	at java.security.AccessController.doPrivileged(Native Method)
	at org.eclipse.osgi.internal.framework.BundleContextImpl.stop(BundleContextImpl.java:820)
	at org.eclipse.osgi.internal.framework.EquinoxBundle.stopWorker0(EquinoxBundle.java:955)
	at org.eclipse.osgi.internal.framework.EquinoxBundle$EquinoxModule.stopWorker(EquinoxBundle.java:323)
	at org.eclipse.osgi.container.Module.doStop(Module.java:626)
	at org.eclipse.osgi.container.Module.stop(Module.java:488)
	at org.eclipse.osgi.container.ModuleContainer$ContainerStartLevel.decStartLevel(ModuleContainer.java:1623)
	at org.eclipse.osgi.container.ModuleContainer$ContainerStartLevel.doContainerStartLevel(ModuleContainer.java:1542)
	at org.eclipse.osgi.container.SystemModule.stopWorker(SystemModule.java:248)
	at org.eclipse.osgi.internal.framework.EquinoxBundle$SystemBundle$EquinoxSystemModule.stopWorker(EquinoxBundle.java:144)
	at org.eclipse.osgi.container.Module.doStop(Module.java:626)
	at org.eclipse.osgi.container.Module.stop(Module.java:488)
	at org.eclipse.osgi.container.SystemModule.stop(SystemModule.java:186)
	at org.eclipse.osgi.internal.framework.EquinoxBundle$SystemBundle$EquinoxSystemModule$1.run(EquinoxBundle.java:159)
	at java.lang.Thread.run(Thread.java:745)
02:53:47 ERROR : Unexpected error while parsing XMD response ￿: com.google.gson.JsonSyntaxException: com.google.gson.stream.MalformedJsonException: invalid number or unquoted string near 
02:54:07 INFO  : Launching XSDB server: xsdb -n -interactive /home/darkin/Workspace/Vivado/image_conv_2D/image_conv_2D.sdk/temp_xsdb_launch_script.tcl
02:54:08 INFO  : XSDB server has started successfully.
02:54:10 INFO  : Processing command line option -hwspec /home/darkin/Workspace/Vivado/image_conv_2D/image_conv_2D.sdk/design_1_wrapper.hdf.
02:54:13 INFO  : Checking for hwspec changes in the project design_1_wrapper_hw_platform_0.
02:54:45 INFO  : ps7_init is completed.
02:54:45 INFO  : ps7_post_config is completed.
02:54:46 INFO  : Processor reset is completed for ps7_cortexa9_0
02:55:28 INFO  : Processor reset is completed for ps7_cortexa9_0
09:37:23 ERROR : Unexpected error while parsing XMD response ￿: com.google.gson.JsonSyntaxException: com.google.gson.stream.MalformedJsonException: invalid number or unquoted string near 
22:56:28 INFO  : Launching XSDB server: xsdb -n -interactive /home/darkin/Workspace/Vivado/image_conv_2D/image_conv_2D.sdk/temp_xsdb_launch_script.tcl
22:56:30 INFO  : XSDB server has started successfully.
22:56:31 INFO  : Processing command line option -hwspec /home/darkin/Workspace/Vivado/image_conv_2D/image_conv_2D.sdk/design_1_wrapper.hdf.
22:56:33 INFO  : Checking for hwspec changes in the project design_1_wrapper_hw_platform_0.
23:12:48 INFO  : Processor reset is completed for ps7_cortexa9_0
23:12:54 INFO  : ps7_cortexa9_0 Processor is in use. Please stop existing Run or Debug sessions before launching.
23:13:03 INFO  : Processor reset is completed for ps7_cortexa9_0
23:13:23 INFO  : ps7_cortexa9_0 Processor is in use. Please stop existing Run or Debug sessions before launching.
23:13:26 INFO  : Processor reset is completed for ps7_cortexa9_0
23:15:05 INFO  : Processor reset is completed for ps7_cortexa9_0
23:17:03 INFO  : Processor reset is completed for ps7_cortexa9_0
23:22:39 INFO  : ps7_cortexa9_0 Processor is in use. Please stop existing Run or Debug sessions before launching.
23:22:42 INFO  : Processor reset is completed for ps7_cortexa9_0
23:23:28 INFO  : Processor reset is completed for ps7_cortexa9_0
23:28:03 INFO  : Processor reset is completed for ps7_cortexa9_0
23:44:11 INFO  : Processor reset is completed for ps7_cortexa9_0
23:44:18 INFO  : Processor reset is completed for ps7_cortexa9_0
23:52:42 INFO  : Processor reset is completed for ps7_cortexa9_0
23:53:11 INFO  : Processor reset is completed for ps7_cortexa9_0
23:54:14 INFO  : Processor reset is completed for ps7_cortexa9_0
23:59:06 INFO  : Processor reset is completed for ps7_cortexa9_0
00:04:22 INFO  : Processor reset is completed for ps7_cortexa9_0
00:05:07 INFO  : Processor reset is completed for ps7_cortexa9_0
00:13:38 INFO  : Processor reset is completed for ps7_cortexa9_0
00:16:28 INFO  : Processor reset is completed for ps7_cortexa9_0
00:17:24 INFO  : Processor reset is completed for ps7_cortexa9_0
00:17:57 INFO  : Processor reset is completed for ps7_cortexa9_0
00:18:15 INFO  : Processor reset is completed for ps7_cortexa9_0
00:19:22 INFO  : Processor reset is completed for ps7_cortexa9_0
00:19:37 INFO  : Processor reset is completed for ps7_cortexa9_0
00:19:57 INFO  : Processor reset is completed for ps7_cortexa9_0
00:20:04 INFO  : Processor reset is completed for ps7_cortexa9_0
00:20:16 INFO  : Processor reset is completed for ps7_cortexa9_0
00:25:02 INFO  : Processor reset is completed for ps7_cortexa9_0
00:25:14 INFO  : Processor reset is completed for ps7_cortexa9_0
00:25:40 INFO  : Processor reset is completed for ps7_cortexa9_0
00:26:22 INFO  : Processor reset is completed for ps7_cortexa9_0
00:26:36 INFO  : Processor reset is completed for ps7_cortexa9_0
00:26:52 INFO  : Processor reset is completed for ps7_cortexa9_0
01:18:19 ERROR : Unexpected error while parsing XMD response ￿: com.google.gson.JsonSyntaxException: com.google.gson.stream.MalformedJsonException: invalid number or unquoted string near 
02:12:50 INFO  : Launching XSDB server: xsdb -n -interactive /home/darkin/Workspace/Vivado/image_conv_2D/image_conv_2D.sdk/temp_xsdb_launch_script.tcl
02:12:51 INFO  : XSDB server has started successfully.
02:12:53 INFO  : Processing command line option -hwspec /home/darkin/Workspace/Vivado/image_conv_2D/image_conv_2D.sdk/design_1_wrapper.hdf.
02:12:55 INFO  : Checking for hwspec changes in the project design_1_wrapper_hw_platform_0.
02:14:06 INFO  : ps7_init is completed.
02:14:06 INFO  : ps7_post_config is completed.
02:14:06 INFO  : Processor reset is completed for ps7_cortexa9_0
02:49:10 INFO  : ps7_init is completed.
02:49:10 INFO  : ps7_post_config is completed.
02:49:11 INFO  : Processor reset is completed for ps7_cortexa9_0
02:49:40 INFO  : SDK has detected change in the last modified timestamps for source hardware specification file Source:1466641914000,  Project:1466554535000
02:49:40 INFO  : Project design_1_wrapper_hw_platform_0's source hardware specification located at /home/darkin/Workspace/Vivado/image_conv_2D/image_conv_2D.sdk/design_1_wrapper.hdf is now different from the local copy.
		 The local copy will be replaced with the source specification and your workspace will be updated.
02:49:44 INFO  : Copied contents of /home/darkin/Workspace/Vivado/image_conv_2D/image_conv_2D.sdk/design_1_wrapper.hdf into /design_1_wrapper_hw_platform_0/system.hdf.
02:49:53 INFO  : Synchronizing projects in the workspace with the hardware platform specification changes.
02:49:54 INFO  : 
02:49:55 INFO  : Updating hardware inferred compiler options for testImgProc.
02:49:55 INFO  : Clearing existing target manager status.
02:50:40 INFO  : ps7_init is completed.
02:50:40 INFO  : ps7_post_config is completed.
02:50:40 INFO  : Processor reset is completed for ps7_cortexa9_0
