#-----------------------------------------------------------
# Webtalk v2016.1 (64-bit)
# SW Build 1538259 on Fri Apr  8 15:45:23 MDT 2016
# 
# Start of session at: Tue Jun 21 17:46:00 2016
# Process ID: 31438
# Current directory: /home/darkin/Downloads/Tx/Bob/ZynqTestLab10/ZynqTestLab10.sdk/webtalk
# Command line: wbtcv -mode batch -source sdk_webtalk.tcl
# Log file: /home/darkin/Downloads/Tx/Bob/ZynqTestLab10/ZynqTestLab10.sdk/webtalk/webtalk.log
# Journal file: /home/darkin/Downloads/Tx/Bob/ZynqTestLab10/ZynqTestLab10.sdk/webtalk/webtalk.jou
#-----------------------------------------------------------
source sdk_webtalk.tcl
# webtalk_init -webtalk_dir /home/darkin/Downloads/Tx/Bob/ZynqTestLab10/ZynqTestLab10.sdk/webtalk
# webtalk_register_client -client project
# webtalk_add_data -client project -key date_generated -value "mar. juin 21 17:45:59 2016" -context "software_version_and_target_device"
# webtalk_add_data -client project -key product_version -value "SDK v2016.1" -context "software_version_and_target_device"
# webtalk_add_data -client project -key build_version -value "2016.1" -context "software_version_and_target_device"
# webtalk_add_data -client project -key os_platform -value "amd64" -context "software_version_and_target_device"
# webtalk_add_data -client project -key registration_id -value "" -context "software_version_and_target_device"
# webtalk_add_data -client project -key tool_flow -value "SDK" -context "software_version_and_target_device"
# webtalk_add_data -client project -key beta -value "false" -context "software_version_and_target_device"
# webtalk_add_data -client project -key route_design -value "NA" -context "software_version_and_target_device"
# webtalk_add_data -client project -key target_family -value "NA" -context "software_version_and_target_device"
# webtalk_add_data -client project -key target_device -value "NA" -context "software_version_and_target_device"
# webtalk_add_data -client project -key target_package -value "NA" -context "software_version_and_target_device"
# webtalk_add_data -client project -key target_speed -value "NA" -context "software_version_and_target_device"
# webtalk_add_data -client project -key random_id -value "snfgcgl80eo4c7v6b1pgffm9lm" -context "software_version_and_target_device"
# webtalk_add_data -client project -key project_id -value "2016.1_10" -context "software_version_and_target_device"
# webtalk_add_data -client project -key project_iteration -value "10" -context "software_version_and_target_device"
# webtalk_add_data -client project -key os_name -value "" -context "user_environment"
# webtalk_add_data -client project -key os_release -value "" -context "user_environment"
# webtalk_add_data -client project -key cpu_name -value "" -context "user_environment"
# webtalk_add_data -client project -key cpu_speed -value "" -context "user_environment"
# webtalk_add_data -client project -key total_processors -value "" -context "user_environment"
# webtalk_add_data -client project -key system_ram -value "" -context "user_environment"
# webtalk_register_client -client sdk
# webtalk_add_data -client sdk -key uid -value "1466523653000" -context "sdk\\\\hardware/1466523653000"
# webtalk_add_data -client sdk -key isZynq -value "true" -context "sdk\\\\hardware/1466523653000"
# webtalk_add_data -client sdk -key Processors -value "2" -context "sdk\\\\hardware/1466523653000"
# webtalk_add_data -client sdk -key VivadoVersion -value "2016.1" -context "sdk\\\\hardware/1466523653000"
# webtalk_add_data -client sdk -key Arch -value "zynq" -context "sdk\\\\hardware/1466523653000"
# webtalk_add_data -client sdk -key Device -value "7z020" -context "sdk\\\\hardware/1466523653000"
# webtalk_add_data -client sdk -key IsHandoff -value "true" -context "sdk\\\\hardware/1466523653000"
# webtalk_transmit -clientid 3215431135 -regid "" -xml /home/darkin/Downloads/Tx/Bob/ZynqTestLab10/ZynqTestLab10.sdk/webtalk/usage_statistics_ext_sdk.xml -html /home/darkin/Downloads/Tx/Bob/ZynqTestLab10/ZynqTestLab10.sdk/webtalk/usage_statistics_ext_sdk.html -wdm /home/darkin/Downloads/Tx/Bob/ZynqTestLab10/ZynqTestLab10.sdk/webtalk/sdk_webtalk.wdm -intro "<H3>SDK Usage Report</H3><BR>"
# webtalk_terminate
INFO: [Common 17-206] Exiting Webtalk at Tue Jun 21 17:46:00 2016...
