Copyright 1986-2016 Xilinx, Inc. All Rights Reserved.
-----------------------------------------------------------------------------------------------------------------------------------------------------
| Tool Version : Vivado v.2016.1 (lin64) Build 1538259 Fri Apr  8 15:45:23 MDT 2016
| Date         : Mon Jun 20 20:45:38 2016
| Host         : darkin-UX303LN running 64-bit elementary OS Freya
| Command      : report_timing_summary -warn_on_violation -max_paths 10 -file doHist_timing_summary_routed.rpt -rpx doHist_timing_summary_routed.rpx
| Design       : doHist
| Device       : 7z020-clg484
| Speed File   : -1  PRODUCTION 1.11 2014-09-11
-----------------------------------------------------------------------------------------------------------------------------------------------------

Timing Summary Report

------------------------------------------------------------------------------------------------
| Timer Settings
| --------------
------------------------------------------------------------------------------------------------

  Enable Multi Corner Analysis               :  Yes
  Enable Pessimism Removal                   :  Yes
  Pessimism Removal Resolution               :  Nearest Common Node
  Enable Input Delay Default Clock           :  No
  Enable Preset / Clear Arcs                 :  No
  Disable Flight Delays                      :  No
  Ignore I/O Paths                           :  No
  Timing Early Launch at Borrowing Latches   :  false

  Corner  Analyze    Analyze    
  Name    Max Paths  Min Paths  
  ------  ---------  ---------  
  Slow    Yes        Yes        
  Fast    Yes        Yes        



check_timing report

Table of Contents
-----------------
1. checking no_clock
2. checking constant_clock
3. checking pulse_width_clock
4. checking unconstrained_internal_endpoints
5. checking no_input_delay
6. checking no_output_delay
7. checking multiple_clock
8. checking generated_clocks
9. checking loops
10. checking partial_input_delay
11. checking partial_output_delay
12. checking latch_loops

1. checking no_clock
--------------------
 There are 0 register/latch pins with no clock.


2. checking constant_clock
--------------------------
 There are 0 register/latch pins with constant_clock.


3. checking pulse_width_clock
-----------------------------
 There are 0 register/latch pins which need pulse_width check


4. checking unconstrained_internal_endpoints
--------------------------------------------
 There are 0 pins that are not constrained for maximum delay.

 There are 0 pins that are not constrained for maximum delay due to constant clock.


5. checking no_input_delay
--------------------------
 There are 27 input ports with no input delay specified. (HIGH)

 There are 0 input ports with no input delay but user has a false path constraint.


6. checking no_output_delay
---------------------------
 There are 58 ports with no output delay specified. (HIGH)

 There are 0 ports with no output delay but user has a false path constraint

 There are 0 ports with no output delay but with a timing clock defined on it or propagating through it


7. checking multiple_clock
--------------------------
 There are 0 register/latch pins with multiple clocks.


8. checking generated_clocks
----------------------------
 There are 0 generated clocks that are not connected to a clock source.


9. checking loops
-----------------
 There are 0 combinational loops in the design.


10. checking partial_input_delay
--------------------------------
 There are 0 input ports with partial input delay specified.


11. checking partial_output_delay
---------------------------------
 There are 0 ports with partial output delay specified.


12. checking latch_loops
------------------------
 There are 0 combinational latch loops in the design through latch input



------------------------------------------------------------------------------------------------
| Design Timing Summary
| ---------------------
------------------------------------------------------------------------------------------------

    WNS(ns)      TNS(ns)  TNS Failing Endpoints  TNS Total Endpoints      WHS(ns)      THS(ns)  THS Failing Endpoints  THS Total Endpoints     WPWS(ns)     TPWS(ns)  TPWS Failing Endpoints  TPWS Total Endpoints  
    -------      -------  ---------------------  -------------------      -------      -------  ---------------------  -------------------     --------     --------  ----------------------  --------------------  
      5.716        0.000                      0                  160        0.170        0.000                      0                  160        4.500        0.000                       0                    80  


All user specified timing constraints are met.


------------------------------------------------------------------------------------------------
| Clock Summary
| -------------
------------------------------------------------------------------------------------------------

Clock   Waveform(ns)       Period(ns)      Frequency(MHz)
-----   ------------       ----------      --------------
ap_clk  {0.000 5.000}      10.000          100.000         


------------------------------------------------------------------------------------------------
| Intra Clock Table
| -----------------
------------------------------------------------------------------------------------------------

Clock             WNS(ns)      TNS(ns)  TNS Failing Endpoints  TNS Total Endpoints      WHS(ns)      THS(ns)  THS Failing Endpoints  THS Total Endpoints     WPWS(ns)     TPWS(ns)  TPWS Failing Endpoints  TPWS Total Endpoints  
-----             -------      -------  ---------------------  -------------------      -------      -------  ---------------------  -------------------     --------     --------  ----------------------  --------------------  
ap_clk              5.716        0.000                      0                  160        0.170        0.000                      0                  160        4.500        0.000                       0                    80  


------------------------------------------------------------------------------------------------
| Inter Clock Table
| -----------------
------------------------------------------------------------------------------------------------

From Clock    To Clock          WNS(ns)      TNS(ns)  TNS Failing Endpoints  TNS Total Endpoints      WHS(ns)      THS(ns)  THS Failing Endpoints  THS Total Endpoints  
----------    --------          -------      -------  ---------------------  -------------------      -------      -------  ---------------------  -------------------  


------------------------------------------------------------------------------------------------
| Other Path Groups Table
| -----------------------
------------------------------------------------------------------------------------------------

Path Group    From Clock    To Clock          WNS(ns)      TNS(ns)  TNS Failing Endpoints  TNS Total Endpoints      WHS(ns)      THS(ns)  THS Failing Endpoints  THS Total Endpoints  
----------    ----------    --------          -------      -------  ---------------------  -------------------      -------      -------  ---------------------  -------------------  


------------------------------------------------------------------------------------------------
| Timing Details
| --------------
------------------------------------------------------------------------------------------------


---------------------------------------------------------------------------------------------------
From Clock:  ap_clk
  To Clock:  ap_clk

Setup :            0  Failing Endpoints,  Worst Slack        5.716ns,  Total Violation        0.000ns
Hold  :            0  Failing Endpoints,  Worst Slack        0.170ns,  Total Violation        0.000ns
PW    :            0  Failing Endpoints,  Worst Slack        4.500ns,  Total Violation        0.000ns
---------------------------------------------------------------------------------------------------


Max Delay Paths
--------------------------------------------------------------------------------------
Slack (MET) :             5.716ns  (required time - arrival time)
  Source:                 idxHist_reg_109_reg[3]/C
                            (rising edge-triggered cell FDRE clocked by ap_clk  {rise@0.000ns fall@5.000ns period=10.000ns})
  Destination:            idxHist_reg_109_reg[0]/R
                            (rising edge-triggered cell FDRE clocked by ap_clk  {rise@0.000ns fall@5.000ns period=10.000ns})
  Path Group:             ap_clk
  Path Type:              Setup (Max at Slow Process Corner)
  Requirement:            10.000ns  (ap_clk rise@10.000ns - ap_clk rise@0.000ns)
  Data Path Delay:        3.702ns  (logic 1.142ns (30.852%)  route 2.560ns (69.148%))
  Logic Levels:           3  (LUT3=1 LUT5=1 LUT6=1)
  Clock Path Skew:        -0.023ns (DCD - SCD + CPR)
    Destination Clock Delay (DCD):    1.513ns = ( 11.513 - 10.000 ) 
    Source Clock Delay      (SCD):    1.686ns
    Clock Pessimism Removal (CPR):    0.150ns
  Clock Uncertainty:      0.035ns  ((TSJ^2 + TIJ^2)^1/2 + DJ) / 2 + PE
    Total System Jitter     (TSJ):    0.071ns
    Total Input Jitter      (TIJ):    0.000ns
    Discrete Jitter          (DJ):    0.000ns
    Phase Error              (PE):    0.000ns

    Location             Delay type                Incr(ns)  Path(ns)    Netlist Resource(s)
  -------------------------------------------------------------------    -------------------
                         (clock ap_clk rise edge)     0.000     0.000 r  
                                                      0.000     0.000 r  ap_clk (IN)
                         net (fo=79, unset)           1.686     1.686    ap_clk
    SLICE_X30Y79         FDRE                                         r  idxHist_reg_109_reg[3]/C
  -------------------------------------------------------------------    -------------------
    SLICE_X30Y79         FDRE (Prop_fdre_C_Q)         0.518     2.204 f  idxHist_reg_109_reg[3]/Q
                         net (fo=6, routed)           0.890     3.094    idxHist_reg_109_reg__0[3]
    SLICE_X31Y79         LUT6 (Prop_lut6_I0_O)        0.124     3.218 r  histo_WEN_A[0]_INST_0_i_2/O
                         net (fo=2, routed)           0.664     3.882    histo_WEN_A[0]_INST_0_i_2_n_0
    SLICE_X30Y79         LUT5 (Prop_lut5_I3_O)        0.152     4.034 f  histo_WEN_A[0]_INST_0_i_1/O
                         net (fo=12, routed)          0.474     4.508    doHist_CTRL_BUS_s_axi_U/idxHist_reg_109_reg[2]
    SLICE_X28Y79         LUT3 (Prop_lut3_I2_O)        0.348     4.856 r  doHist_CTRL_BUS_s_axi_U/idxHist_reg_109[8]_i_1/O
                         net (fo=9, routed)           0.532     5.388    idxHist_reg_109
    SLICE_X30Y79         FDRE                                         r  idxHist_reg_109_reg[0]/R
  -------------------------------------------------------------------    -------------------

                         (clock ap_clk rise edge)    10.000    10.000 r  
                                                      0.000    10.000 r  ap_clk (IN)
                         net (fo=79, unset)           1.513    11.513    ap_clk
    SLICE_X30Y79         FDRE                                         r  idxHist_reg_109_reg[0]/C
                         clock pessimism              0.150    11.663    
                         clock uncertainty           -0.035    11.628    
    SLICE_X30Y79         FDRE (Setup_fdre_C_R)       -0.524    11.104    idxHist_reg_109_reg[0]
  -------------------------------------------------------------------
                         required time                         11.104    
                         arrival time                          -5.388    
  -------------------------------------------------------------------
                         slack                                  5.716    

Slack (MET) :             5.716ns  (required time - arrival time)
  Source:                 idxHist_reg_109_reg[3]/C
                            (rising edge-triggered cell FDRE clocked by ap_clk  {rise@0.000ns fall@5.000ns period=10.000ns})
  Destination:            idxHist_reg_109_reg[1]/R
                            (rising edge-triggered cell FDRE clocked by ap_clk  {rise@0.000ns fall@5.000ns period=10.000ns})
  Path Group:             ap_clk
  Path Type:              Setup (Max at Slow Process Corner)
  Requirement:            10.000ns  (ap_clk rise@10.000ns - ap_clk rise@0.000ns)
  Data Path Delay:        3.702ns  (logic 1.142ns (30.852%)  route 2.560ns (69.148%))
  Logic Levels:           3  (LUT3=1 LUT5=1 LUT6=1)
  Clock Path Skew:        -0.023ns (DCD - SCD + CPR)
    Destination Clock Delay (DCD):    1.513ns = ( 11.513 - 10.000 ) 
    Source Clock Delay      (SCD):    1.686ns
    Clock Pessimism Removal (CPR):    0.150ns
  Clock Uncertainty:      0.035ns  ((TSJ^2 + TIJ^2)^1/2 + DJ) / 2 + PE
    Total System Jitter     (TSJ):    0.071ns
    Total Input Jitter      (TIJ):    0.000ns
    Discrete Jitter          (DJ):    0.000ns
    Phase Error              (PE):    0.000ns

    Location             Delay type                Incr(ns)  Path(ns)    Netlist Resource(s)
  -------------------------------------------------------------------    -------------------
                         (clock ap_clk rise edge)     0.000     0.000 r  
                                                      0.000     0.000 r  ap_clk (IN)
                         net (fo=79, unset)           1.686     1.686    ap_clk
    SLICE_X30Y79         FDRE                                         r  idxHist_reg_109_reg[3]/C
  -------------------------------------------------------------------    -------------------
    SLICE_X30Y79         FDRE (Prop_fdre_C_Q)         0.518     2.204 f  idxHist_reg_109_reg[3]/Q
                         net (fo=6, routed)           0.890     3.094    idxHist_reg_109_reg__0[3]
    SLICE_X31Y79         LUT6 (Prop_lut6_I0_O)        0.124     3.218 r  histo_WEN_A[0]_INST_0_i_2/O
                         net (fo=2, routed)           0.664     3.882    histo_WEN_A[0]_INST_0_i_2_n_0
    SLICE_X30Y79         LUT5 (Prop_lut5_I3_O)        0.152     4.034 f  histo_WEN_A[0]_INST_0_i_1/O
                         net (fo=12, routed)          0.474     4.508    doHist_CTRL_BUS_s_axi_U/idxHist_reg_109_reg[2]
    SLICE_X28Y79         LUT3 (Prop_lut3_I2_O)        0.348     4.856 r  doHist_CTRL_BUS_s_axi_U/idxHist_reg_109[8]_i_1/O
                         net (fo=9, routed)           0.532     5.388    idxHist_reg_109
    SLICE_X30Y79         FDRE                                         r  idxHist_reg_109_reg[1]/R
  -------------------------------------------------------------------    -------------------

                         (clock ap_clk rise edge)    10.000    10.000 r  
                                                      0.000    10.000 r  ap_clk (IN)
                         net (fo=79, unset)           1.513    11.513    ap_clk
    SLICE_X30Y79         FDRE                                         r  idxHist_reg_109_reg[1]/C
                         clock pessimism              0.150    11.663    
                         clock uncertainty           -0.035    11.628    
    SLICE_X30Y79         FDRE (Setup_fdre_C_R)       -0.524    11.104    idxHist_reg_109_reg[1]
  -------------------------------------------------------------------
                         required time                         11.104    
                         arrival time                          -5.388    
  -------------------------------------------------------------------
                         slack                                  5.716    

Slack (MET) :             5.716ns  (required time - arrival time)
  Source:                 idxHist_reg_109_reg[3]/C
                            (rising edge-triggered cell FDRE clocked by ap_clk  {rise@0.000ns fall@5.000ns period=10.000ns})
  Destination:            idxHist_reg_109_reg[2]/R
                            (rising edge-triggered cell FDRE clocked by ap_clk  {rise@0.000ns fall@5.000ns period=10.000ns})
  Path Group:             ap_clk
  Path Type:              Setup (Max at Slow Process Corner)
  Requirement:            10.000ns  (ap_clk rise@10.000ns - ap_clk rise@0.000ns)
  Data Path Delay:        3.702ns  (logic 1.142ns (30.852%)  route 2.560ns (69.148%))
  Logic Levels:           3  (LUT3=1 LUT5=1 LUT6=1)
  Clock Path Skew:        -0.023ns (DCD - SCD + CPR)
    Destination Clock Delay (DCD):    1.513ns = ( 11.513 - 10.000 ) 
    Source Clock Delay      (SCD):    1.686ns
    Clock Pessimism Removal (CPR):    0.150ns
  Clock Uncertainty:      0.035ns  ((TSJ^2 + TIJ^2)^1/2 + DJ) / 2 + PE
    Total System Jitter     (TSJ):    0.071ns
    Total Input Jitter      (TIJ):    0.000ns
    Discrete Jitter          (DJ):    0.000ns
    Phase Error              (PE):    0.000ns

    Location             Delay type                Incr(ns)  Path(ns)    Netlist Resource(s)
  -------------------------------------------------------------------    -------------------
                         (clock ap_clk rise edge)     0.000     0.000 r  
                                                      0.000     0.000 r  ap_clk (IN)
                         net (fo=79, unset)           1.686     1.686    ap_clk
    SLICE_X30Y79         FDRE                                         r  idxHist_reg_109_reg[3]/C
  -------------------------------------------------------------------    -------------------
    SLICE_X30Y79         FDRE (Prop_fdre_C_Q)         0.518     2.204 f  idxHist_reg_109_reg[3]/Q
                         net (fo=6, routed)           0.890     3.094    idxHist_reg_109_reg__0[3]
    SLICE_X31Y79         LUT6 (Prop_lut6_I0_O)        0.124     3.218 r  histo_WEN_A[0]_INST_0_i_2/O
                         net (fo=2, routed)           0.664     3.882    histo_WEN_A[0]_INST_0_i_2_n_0
    SLICE_X30Y79         LUT5 (Prop_lut5_I3_O)        0.152     4.034 f  histo_WEN_A[0]_INST_0_i_1/O
                         net (fo=12, routed)          0.474     4.508    doHist_CTRL_BUS_s_axi_U/idxHist_reg_109_reg[2]
    SLICE_X28Y79         LUT3 (Prop_lut3_I2_O)        0.348     4.856 r  doHist_CTRL_BUS_s_axi_U/idxHist_reg_109[8]_i_1/O
                         net (fo=9, routed)           0.532     5.388    idxHist_reg_109
    SLICE_X30Y79         FDRE                                         r  idxHist_reg_109_reg[2]/R
  -------------------------------------------------------------------    -------------------

                         (clock ap_clk rise edge)    10.000    10.000 r  
                                                      0.000    10.000 r  ap_clk (IN)
                         net (fo=79, unset)           1.513    11.513    ap_clk
    SLICE_X30Y79         FDRE                                         r  idxHist_reg_109_reg[2]/C
                         clock pessimism              0.150    11.663    
                         clock uncertainty           -0.035    11.628    
    SLICE_X30Y79         FDRE (Setup_fdre_C_R)       -0.524    11.104    idxHist_reg_109_reg[2]
  -------------------------------------------------------------------
                         required time                         11.104    
                         arrival time                          -5.388    
  -------------------------------------------------------------------
                         slack                                  5.716    

Slack (MET) :             5.716ns  (required time - arrival time)
  Source:                 idxHist_reg_109_reg[3]/C
                            (rising edge-triggered cell FDRE clocked by ap_clk  {rise@0.000ns fall@5.000ns period=10.000ns})
  Destination:            idxHist_reg_109_reg[3]/R
                            (rising edge-triggered cell FDRE clocked by ap_clk  {rise@0.000ns fall@5.000ns period=10.000ns})
  Path Group:             ap_clk
  Path Type:              Setup (Max at Slow Process Corner)
  Requirement:            10.000ns  (ap_clk rise@10.000ns - ap_clk rise@0.000ns)
  Data Path Delay:        3.702ns  (logic 1.142ns (30.852%)  route 2.560ns (69.148%))
  Logic Levels:           3  (LUT3=1 LUT5=1 LUT6=1)
  Clock Path Skew:        -0.023ns (DCD - SCD + CPR)
    Destination Clock Delay (DCD):    1.513ns = ( 11.513 - 10.000 ) 
    Source Clock Delay      (SCD):    1.686ns
    Clock Pessimism Removal (CPR):    0.150ns
  Clock Uncertainty:      0.035ns  ((TSJ^2 + TIJ^2)^1/2 + DJ) / 2 + PE
    Total System Jitter     (TSJ):    0.071ns
    Total Input Jitter      (TIJ):    0.000ns
    Discrete Jitter          (DJ):    0.000ns
    Phase Error              (PE):    0.000ns

    Location             Delay type                Incr(ns)  Path(ns)    Netlist Resource(s)
  -------------------------------------------------------------------    -------------------
                         (clock ap_clk rise edge)     0.000     0.000 r  
                                                      0.000     0.000 r  ap_clk (IN)
                         net (fo=79, unset)           1.686     1.686    ap_clk
    SLICE_X30Y79         FDRE                                         r  idxHist_reg_109_reg[3]/C
  -------------------------------------------------------------------    -------------------
    SLICE_X30Y79         FDRE (Prop_fdre_C_Q)         0.518     2.204 f  idxHist_reg_109_reg[3]/Q
                         net (fo=6, routed)           0.890     3.094    idxHist_reg_109_reg__0[3]
    SLICE_X31Y79         LUT6 (Prop_lut6_I0_O)        0.124     3.218 r  histo_WEN_A[0]_INST_0_i_2/O
                         net (fo=2, routed)           0.664     3.882    histo_WEN_A[0]_INST_0_i_2_n_0
    SLICE_X30Y79         LUT5 (Prop_lut5_I3_O)        0.152     4.034 f  histo_WEN_A[0]_INST_0_i_1/O
                         net (fo=12, routed)          0.474     4.508    doHist_CTRL_BUS_s_axi_U/idxHist_reg_109_reg[2]
    SLICE_X28Y79         LUT3 (Prop_lut3_I2_O)        0.348     4.856 r  doHist_CTRL_BUS_s_axi_U/idxHist_reg_109[8]_i_1/O
                         net (fo=9, routed)           0.532     5.388    idxHist_reg_109
    SLICE_X30Y79         FDRE                                         r  idxHist_reg_109_reg[3]/R
  -------------------------------------------------------------------    -------------------

                         (clock ap_clk rise edge)    10.000    10.000 r  
                                                      0.000    10.000 r  ap_clk (IN)
                         net (fo=79, unset)           1.513    11.513    ap_clk
    SLICE_X30Y79         FDRE                                         r  idxHist_reg_109_reg[3]/C
                         clock pessimism              0.150    11.663    
                         clock uncertainty           -0.035    11.628    
    SLICE_X30Y79         FDRE (Setup_fdre_C_R)       -0.524    11.104    idxHist_reg_109_reg[3]
  -------------------------------------------------------------------
                         required time                         11.104    
                         arrival time                          -5.388    
  -------------------------------------------------------------------
                         slack                                  5.716    

Slack (MET) :             5.716ns  (required time - arrival time)
  Source:                 idxHist_reg_109_reg[3]/C
                            (rising edge-triggered cell FDRE clocked by ap_clk  {rise@0.000ns fall@5.000ns period=10.000ns})
  Destination:            idxHist_reg_109_reg[4]/R
                            (rising edge-triggered cell FDRE clocked by ap_clk  {rise@0.000ns fall@5.000ns period=10.000ns})
  Path Group:             ap_clk
  Path Type:              Setup (Max at Slow Process Corner)
  Requirement:            10.000ns  (ap_clk rise@10.000ns - ap_clk rise@0.000ns)
  Data Path Delay:        3.702ns  (logic 1.142ns (30.852%)  route 2.560ns (69.148%))
  Logic Levels:           3  (LUT3=1 LUT5=1 LUT6=1)
  Clock Path Skew:        -0.023ns (DCD - SCD + CPR)
    Destination Clock Delay (DCD):    1.513ns = ( 11.513 - 10.000 ) 
    Source Clock Delay      (SCD):    1.686ns
    Clock Pessimism Removal (CPR):    0.150ns
  Clock Uncertainty:      0.035ns  ((TSJ^2 + TIJ^2)^1/2 + DJ) / 2 + PE
    Total System Jitter     (TSJ):    0.071ns
    Total Input Jitter      (TIJ):    0.000ns
    Discrete Jitter          (DJ):    0.000ns
    Phase Error              (PE):    0.000ns

    Location             Delay type                Incr(ns)  Path(ns)    Netlist Resource(s)
  -------------------------------------------------------------------    -------------------
                         (clock ap_clk rise edge)     0.000     0.000 r  
                                                      0.000     0.000 r  ap_clk (IN)
                         net (fo=79, unset)           1.686     1.686    ap_clk
    SLICE_X30Y79         FDRE                                         r  idxHist_reg_109_reg[3]/C
  -------------------------------------------------------------------    -------------------
    SLICE_X30Y79         FDRE (Prop_fdre_C_Q)         0.518     2.204 f  idxHist_reg_109_reg[3]/Q
                         net (fo=6, routed)           0.890     3.094    idxHist_reg_109_reg__0[3]
    SLICE_X31Y79         LUT6 (Prop_lut6_I0_O)        0.124     3.218 r  histo_WEN_A[0]_INST_0_i_2/O
                         net (fo=2, routed)           0.664     3.882    histo_WEN_A[0]_INST_0_i_2_n_0
    SLICE_X30Y79         LUT5 (Prop_lut5_I3_O)        0.152     4.034 f  histo_WEN_A[0]_INST_0_i_1/O
                         net (fo=12, routed)          0.474     4.508    doHist_CTRL_BUS_s_axi_U/idxHist_reg_109_reg[2]
    SLICE_X28Y79         LUT3 (Prop_lut3_I2_O)        0.348     4.856 r  doHist_CTRL_BUS_s_axi_U/idxHist_reg_109[8]_i_1/O
                         net (fo=9, routed)           0.532     5.388    idxHist_reg_109
    SLICE_X30Y79         FDRE                                         r  idxHist_reg_109_reg[4]/R
  -------------------------------------------------------------------    -------------------

                         (clock ap_clk rise edge)    10.000    10.000 r  
                                                      0.000    10.000 r  ap_clk (IN)
                         net (fo=79, unset)           1.513    11.513    ap_clk
    SLICE_X30Y79         FDRE                                         r  idxHist_reg_109_reg[4]/C
                         clock pessimism              0.150    11.663    
                         clock uncertainty           -0.035    11.628    
    SLICE_X30Y79         FDRE (Setup_fdre_C_R)       -0.524    11.104    idxHist_reg_109_reg[4]
  -------------------------------------------------------------------
                         required time                         11.104    
                         arrival time                          -5.388    
  -------------------------------------------------------------------
                         slack                                  5.716    

Slack (MET) :             5.716ns  (required time - arrival time)
  Source:                 idxHist_reg_109_reg[3]/C
                            (rising edge-triggered cell FDRE clocked by ap_clk  {rise@0.000ns fall@5.000ns period=10.000ns})
  Destination:            idxHist_reg_109_reg[5]/R
                            (rising edge-triggered cell FDRE clocked by ap_clk  {rise@0.000ns fall@5.000ns period=10.000ns})
  Path Group:             ap_clk
  Path Type:              Setup (Max at Slow Process Corner)
  Requirement:            10.000ns  (ap_clk rise@10.000ns - ap_clk rise@0.000ns)
  Data Path Delay:        3.702ns  (logic 1.142ns (30.852%)  route 2.560ns (69.148%))
  Logic Levels:           3  (LUT3=1 LUT5=1 LUT6=1)
  Clock Path Skew:        -0.023ns (DCD - SCD + CPR)
    Destination Clock Delay (DCD):    1.513ns = ( 11.513 - 10.000 ) 
    Source Clock Delay      (SCD):    1.686ns
    Clock Pessimism Removal (CPR):    0.150ns
  Clock Uncertainty:      0.035ns  ((TSJ^2 + TIJ^2)^1/2 + DJ) / 2 + PE
    Total System Jitter     (TSJ):    0.071ns
    Total Input Jitter      (TIJ):    0.000ns
    Discrete Jitter          (DJ):    0.000ns
    Phase Error              (PE):    0.000ns

    Location             Delay type                Incr(ns)  Path(ns)    Netlist Resource(s)
  -------------------------------------------------------------------    -------------------
                         (clock ap_clk rise edge)     0.000     0.000 r  
                                                      0.000     0.000 r  ap_clk (IN)
                         net (fo=79, unset)           1.686     1.686    ap_clk
    SLICE_X30Y79         FDRE                                         r  idxHist_reg_109_reg[3]/C
  -------------------------------------------------------------------    -------------------
    SLICE_X30Y79         FDRE (Prop_fdre_C_Q)         0.518     2.204 f  idxHist_reg_109_reg[3]/Q
                         net (fo=6, routed)           0.890     3.094    idxHist_reg_109_reg__0[3]
    SLICE_X31Y79         LUT6 (Prop_lut6_I0_O)        0.124     3.218 r  histo_WEN_A[0]_INST_0_i_2/O
                         net (fo=2, routed)           0.664     3.882    histo_WEN_A[0]_INST_0_i_2_n_0
    SLICE_X30Y79         LUT5 (Prop_lut5_I3_O)        0.152     4.034 f  histo_WEN_A[0]_INST_0_i_1/O
                         net (fo=12, routed)          0.474     4.508    doHist_CTRL_BUS_s_axi_U/idxHist_reg_109_reg[2]
    SLICE_X28Y79         LUT3 (Prop_lut3_I2_O)        0.348     4.856 r  doHist_CTRL_BUS_s_axi_U/idxHist_reg_109[8]_i_1/O
                         net (fo=9, routed)           0.532     5.388    idxHist_reg_109
    SLICE_X30Y79         FDRE                                         r  idxHist_reg_109_reg[5]/R
  -------------------------------------------------------------------    -------------------

                         (clock ap_clk rise edge)    10.000    10.000 r  
                                                      0.000    10.000 r  ap_clk (IN)
                         net (fo=79, unset)           1.513    11.513    ap_clk
    SLICE_X30Y79         FDRE                                         r  idxHist_reg_109_reg[5]/C
                         clock pessimism              0.150    11.663    
                         clock uncertainty           -0.035    11.628    
    SLICE_X30Y79         FDRE (Setup_fdre_C_R)       -0.524    11.104    idxHist_reg_109_reg[5]
  -------------------------------------------------------------------
                         required time                         11.104    
                         arrival time                          -5.388    
  -------------------------------------------------------------------
                         slack                                  5.716    

Slack (MET) :             5.772ns  (required time - arrival time)
  Source:                 idxPixel_reg_120_reg[2]/C
                            (rising edge-triggered cell FDRE clocked by ap_clk  {rise@0.000ns fall@5.000ns period=10.000ns})
  Destination:            doHist_CTRL_BUS_s_axi_U/rdata_data_reg[3]/D
                            (rising edge-triggered cell FDRE clocked by ap_clk  {rise@0.000ns fall@5.000ns period=10.000ns})
  Path Group:             ap_clk
  Path Type:              Setup (Max at Slow Process Corner)
  Requirement:            10.000ns  (ap_clk rise@10.000ns - ap_clk rise@0.000ns)
  Data Path Delay:        4.189ns  (logic 0.980ns (23.395%)  route 3.209ns (76.605%))
  Logic Levels:           4  (LUT2=1 LUT4=1 LUT5=2)
  Clock Path Skew:        -0.051ns (DCD - SCD + CPR)
    Destination Clock Delay (DCD):    1.513ns = ( 11.513 - 10.000 ) 
    Source Clock Delay      (SCD):    1.679ns
    Clock Pessimism Removal (CPR):    0.115ns
  Clock Uncertainty:      0.035ns  ((TSJ^2 + TIJ^2)^1/2 + DJ) / 2 + PE
    Total System Jitter     (TSJ):    0.071ns
    Total Input Jitter      (TIJ):    0.000ns
    Discrete Jitter          (DJ):    0.000ns
    Phase Error              (PE):    0.000ns

    Location             Delay type                Incr(ns)  Path(ns)    Netlist Resource(s)
  -------------------------------------------------------------------    -------------------
                         (clock ap_clk rise edge)     0.000     0.000 r  
                                                      0.000     0.000 r  ap_clk (IN)
                         net (fo=79, unset)           1.679     1.679    ap_clk
    SLICE_X31Y74         FDRE                                         r  idxPixel_reg_120_reg[2]/C
  -------------------------------------------------------------------    -------------------
    SLICE_X31Y74         FDRE (Prop_fdre_C_Q)         0.456     2.135 f  idxPixel_reg_120_reg[2]/Q
                         net (fo=2, routed)           0.837     2.972    doHist_CTRL_BUS_s_axi_U/idxPixel_reg_120_reg[18][2]
    SLICE_X31Y75         LUT4 (Prop_lut4_I3_O)        0.124     3.096 f  doHist_CTRL_BUS_s_axi_U/inStream_TREADY_INST_0_i_3/O
                         net (fo=1, routed)           0.633     3.729    doHist_CTRL_BUS_s_axi_U/inStream_TREADY_INST_0_i_3_n_0
    SLICE_X31Y76         LUT5 (Prop_lut5_I1_O)        0.124     3.853 f  doHist_CTRL_BUS_s_axi_U/inStream_TREADY_INST_0_i_1/O
                         net (fo=5, routed)           0.564     4.416    doHist_CTRL_BUS_s_axi_U/exitcond_fu_148_p2
    SLICE_X29Y77         LUT2 (Prop_lut2_I1_O)        0.124     4.540 r  doHist_CTRL_BUS_s_axi_U/rdata_data[3]_i_2/O
                         net (fo=6, routed)           1.176     5.716    doHist_CTRL_BUS_s_axi_U/ap_done
    SLICE_X29Y80         LUT5 (Prop_lut5_I4_O)        0.152     5.868 r  doHist_CTRL_BUS_s_axi_U/rdata_data[3]_i_1/O
                         net (fo=1, routed)           0.000     5.868    doHist_CTRL_BUS_s_axi_U/rdata_data0_in[3]
    SLICE_X29Y80         FDRE                                         r  doHist_CTRL_BUS_s_axi_U/rdata_data_reg[3]/D
  -------------------------------------------------------------------    -------------------

                         (clock ap_clk rise edge)    10.000    10.000 r  
                                                      0.000    10.000 r  ap_clk (IN)
                         net (fo=79, unset)           1.513    11.513    doHist_CTRL_BUS_s_axi_U/ap_clk
    SLICE_X29Y80         FDRE                                         r  doHist_CTRL_BUS_s_axi_U/rdata_data_reg[3]/C
                         clock pessimism              0.115    11.628    
                         clock uncertainty           -0.035    11.593    
    SLICE_X29Y80         FDRE (Setup_fdre_C_D)        0.047    11.640    doHist_CTRL_BUS_s_axi_U/rdata_data_reg[3]
  -------------------------------------------------------------------
                         required time                         11.640    
                         arrival time                          -5.868    
  -------------------------------------------------------------------
                         slack                                  5.772    

Slack (MET) :             5.859ns  (required time - arrival time)
  Source:                 idxHist_reg_109_reg[3]/C
                            (rising edge-triggered cell FDRE clocked by ap_clk  {rise@0.000ns fall@5.000ns period=10.000ns})
  Destination:            idxHist_reg_109_reg[6]/R
                            (rising edge-triggered cell FDRE clocked by ap_clk  {rise@0.000ns fall@5.000ns period=10.000ns})
  Path Group:             ap_clk
  Path Type:              Setup (Max at Slow Process Corner)
  Requirement:            10.000ns  (ap_clk rise@10.000ns - ap_clk rise@0.000ns)
  Data Path Delay:        3.653ns  (logic 1.142ns (31.266%)  route 2.511ns (68.734%))
  Logic Levels:           3  (LUT3=1 LUT5=1 LUT6=1)
  Clock Path Skew:        -0.024ns (DCD - SCD + CPR)
    Destination Clock Delay (DCD):    1.512ns = ( 11.512 - 10.000 ) 
    Source Clock Delay      (SCD):    1.686ns
    Clock Pessimism Removal (CPR):    0.150ns
  Clock Uncertainty:      0.035ns  ((TSJ^2 + TIJ^2)^1/2 + DJ) / 2 + PE
    Total System Jitter     (TSJ):    0.071ns
    Total Input Jitter      (TIJ):    0.000ns
    Discrete Jitter          (DJ):    0.000ns
    Phase Error              (PE):    0.000ns

    Location             Delay type                Incr(ns)  Path(ns)    Netlist Resource(s)
  -------------------------------------------------------------------    -------------------
                         (clock ap_clk rise edge)     0.000     0.000 r  
                                                      0.000     0.000 r  ap_clk (IN)
                         net (fo=79, unset)           1.686     1.686    ap_clk
    SLICE_X30Y79         FDRE                                         r  idxHist_reg_109_reg[3]/C
  -------------------------------------------------------------------    -------------------
    SLICE_X30Y79         FDRE (Prop_fdre_C_Q)         0.518     2.204 f  idxHist_reg_109_reg[3]/Q
                         net (fo=6, routed)           0.890     3.094    idxHist_reg_109_reg__0[3]
    SLICE_X31Y79         LUT6 (Prop_lut6_I0_O)        0.124     3.218 r  histo_WEN_A[0]_INST_0_i_2/O
                         net (fo=2, routed)           0.664     3.882    histo_WEN_A[0]_INST_0_i_2_n_0
    SLICE_X30Y79         LUT5 (Prop_lut5_I3_O)        0.152     4.034 f  histo_WEN_A[0]_INST_0_i_1/O
                         net (fo=12, routed)          0.474     4.508    doHist_CTRL_BUS_s_axi_U/idxHist_reg_109_reg[2]
    SLICE_X28Y79         LUT3 (Prop_lut3_I2_O)        0.348     4.856 r  doHist_CTRL_BUS_s_axi_U/idxHist_reg_109[8]_i_1/O
                         net (fo=9, routed)           0.483     5.339    idxHist_reg_109
    SLICE_X31Y78         FDRE                                         r  idxHist_reg_109_reg[6]/R
  -------------------------------------------------------------------    -------------------

                         (clock ap_clk rise edge)    10.000    10.000 r  
                                                      0.000    10.000 r  ap_clk (IN)
                         net (fo=79, unset)           1.512    11.512    ap_clk
    SLICE_X31Y78         FDRE                                         r  idxHist_reg_109_reg[6]/C
                         clock pessimism              0.150    11.662    
                         clock uncertainty           -0.035    11.627    
    SLICE_X31Y78         FDRE (Setup_fdre_C_R)       -0.429    11.198    idxHist_reg_109_reg[6]
  -------------------------------------------------------------------
                         required time                         11.198    
                         arrival time                          -5.339    
  -------------------------------------------------------------------
                         slack                                  5.859    

Slack (MET) :             5.859ns  (required time - arrival time)
  Source:                 idxHist_reg_109_reg[3]/C
                            (rising edge-triggered cell FDRE clocked by ap_clk  {rise@0.000ns fall@5.000ns period=10.000ns})
  Destination:            idxHist_reg_109_reg[7]/R
                            (rising edge-triggered cell FDRE clocked by ap_clk  {rise@0.000ns fall@5.000ns period=10.000ns})
  Path Group:             ap_clk
  Path Type:              Setup (Max at Slow Process Corner)
  Requirement:            10.000ns  (ap_clk rise@10.000ns - ap_clk rise@0.000ns)
  Data Path Delay:        3.653ns  (logic 1.142ns (31.266%)  route 2.511ns (68.734%))
  Logic Levels:           3  (LUT3=1 LUT5=1 LUT6=1)
  Clock Path Skew:        -0.024ns (DCD - SCD + CPR)
    Destination Clock Delay (DCD):    1.512ns = ( 11.512 - 10.000 ) 
    Source Clock Delay      (SCD):    1.686ns
    Clock Pessimism Removal (CPR):    0.150ns
  Clock Uncertainty:      0.035ns  ((TSJ^2 + TIJ^2)^1/2 + DJ) / 2 + PE
    Total System Jitter     (TSJ):    0.071ns
    Total Input Jitter      (TIJ):    0.000ns
    Discrete Jitter          (DJ):    0.000ns
    Phase Error              (PE):    0.000ns

    Location             Delay type                Incr(ns)  Path(ns)    Netlist Resource(s)
  -------------------------------------------------------------------    -------------------
                         (clock ap_clk rise edge)     0.000     0.000 r  
                                                      0.000     0.000 r  ap_clk (IN)
                         net (fo=79, unset)           1.686     1.686    ap_clk
    SLICE_X30Y79         FDRE                                         r  idxHist_reg_109_reg[3]/C
  -------------------------------------------------------------------    -------------------
    SLICE_X30Y79         FDRE (Prop_fdre_C_Q)         0.518     2.204 f  idxHist_reg_109_reg[3]/Q
                         net (fo=6, routed)           0.890     3.094    idxHist_reg_109_reg__0[3]
    SLICE_X31Y79         LUT6 (Prop_lut6_I0_O)        0.124     3.218 r  histo_WEN_A[0]_INST_0_i_2/O
                         net (fo=2, routed)           0.664     3.882    histo_WEN_A[0]_INST_0_i_2_n_0
    SLICE_X30Y79         LUT5 (Prop_lut5_I3_O)        0.152     4.034 f  histo_WEN_A[0]_INST_0_i_1/O
                         net (fo=12, routed)          0.474     4.508    doHist_CTRL_BUS_s_axi_U/idxHist_reg_109_reg[2]
    SLICE_X28Y79         LUT3 (Prop_lut3_I2_O)        0.348     4.856 r  doHist_CTRL_BUS_s_axi_U/idxHist_reg_109[8]_i_1/O
                         net (fo=9, routed)           0.483     5.339    idxHist_reg_109
    SLICE_X31Y78         FDRE                                         r  idxHist_reg_109_reg[7]/R
  -------------------------------------------------------------------    -------------------

                         (clock ap_clk rise edge)    10.000    10.000 r  
                                                      0.000    10.000 r  ap_clk (IN)
                         net (fo=79, unset)           1.512    11.512    ap_clk
    SLICE_X31Y78         FDRE                                         r  idxHist_reg_109_reg[7]/C
                         clock pessimism              0.150    11.662    
                         clock uncertainty           -0.035    11.627    
    SLICE_X31Y78         FDRE (Setup_fdre_C_R)       -0.429    11.198    idxHist_reg_109_reg[7]
  -------------------------------------------------------------------
                         required time                         11.198    
                         arrival time                          -5.339    
  -------------------------------------------------------------------
                         slack                                  5.859    

Slack (MET) :             5.859ns  (required time - arrival time)
  Source:                 idxHist_reg_109_reg[3]/C
                            (rising edge-triggered cell FDRE clocked by ap_clk  {rise@0.000ns fall@5.000ns period=10.000ns})
  Destination:            idxHist_reg_109_reg[8]/R
                            (rising edge-triggered cell FDRE clocked by ap_clk  {rise@0.000ns fall@5.000ns period=10.000ns})
  Path Group:             ap_clk
  Path Type:              Setup (Max at Slow Process Corner)
  Requirement:            10.000ns  (ap_clk rise@10.000ns - ap_clk rise@0.000ns)
  Data Path Delay:        3.653ns  (logic 1.142ns (31.266%)  route 2.511ns (68.734%))
  Logic Levels:           3  (LUT3=1 LUT5=1 LUT6=1)
  Clock Path Skew:        -0.024ns (DCD - SCD + CPR)
    Destination Clock Delay (DCD):    1.512ns = ( 11.512 - 10.000 ) 
    Source Clock Delay      (SCD):    1.686ns
    Clock Pessimism Removal (CPR):    0.150ns
  Clock Uncertainty:      0.035ns  ((TSJ^2 + TIJ^2)^1/2 + DJ) / 2 + PE
    Total System Jitter     (TSJ):    0.071ns
    Total Input Jitter      (TIJ):    0.000ns
    Discrete Jitter          (DJ):    0.000ns
    Phase Error              (PE):    0.000ns

    Location             Delay type                Incr(ns)  Path(ns)    Netlist Resource(s)
  -------------------------------------------------------------------    -------------------
                         (clock ap_clk rise edge)     0.000     0.000 r  
                                                      0.000     0.000 r  ap_clk (IN)
                         net (fo=79, unset)           1.686     1.686    ap_clk
    SLICE_X30Y79         FDRE                                         r  idxHist_reg_109_reg[3]/C
  -------------------------------------------------------------------    -------------------
    SLICE_X30Y79         FDRE (Prop_fdre_C_Q)         0.518     2.204 f  idxHist_reg_109_reg[3]/Q
                         net (fo=6, routed)           0.890     3.094    idxHist_reg_109_reg__0[3]
    SLICE_X31Y79         LUT6 (Prop_lut6_I0_O)        0.124     3.218 r  histo_WEN_A[0]_INST_0_i_2/O
                         net (fo=2, routed)           0.664     3.882    histo_WEN_A[0]_INST_0_i_2_n_0
    SLICE_X30Y79         LUT5 (Prop_lut5_I3_O)        0.152     4.034 f  histo_WEN_A[0]_INST_0_i_1/O
                         net (fo=12, routed)          0.474     4.508    doHist_CTRL_BUS_s_axi_U/idxHist_reg_109_reg[2]
    SLICE_X28Y79         LUT3 (Prop_lut3_I2_O)        0.348     4.856 r  doHist_CTRL_BUS_s_axi_U/idxHist_reg_109[8]_i_1/O
                         net (fo=9, routed)           0.483     5.339    idxHist_reg_109
    SLICE_X31Y78         FDRE                                         r  idxHist_reg_109_reg[8]/R
  -------------------------------------------------------------------    -------------------

                         (clock ap_clk rise edge)    10.000    10.000 r  
                                                      0.000    10.000 r  ap_clk (IN)
                         net (fo=79, unset)           1.512    11.512    ap_clk
    SLICE_X31Y78         FDRE                                         r  idxHist_reg_109_reg[8]/C
                         clock pessimism              0.150    11.662    
                         clock uncertainty           -0.035    11.627    
    SLICE_X31Y78         FDRE (Setup_fdre_C_R)       -0.429    11.198    idxHist_reg_109_reg[8]
  -------------------------------------------------------------------
                         required time                         11.198    
                         arrival time                          -5.339    
  -------------------------------------------------------------------
                         slack                                  5.859    





Min Delay Paths
--------------------------------------------------------------------------------------
Slack (MET) :             0.170ns  (arrival time - required time)
  Source:                 idxPixel_reg_120_reg[11]/C
                            (rising edge-triggered cell FDRE clocked by ap_clk  {rise@0.000ns fall@5.000ns period=10.000ns})
  Destination:            idxPixel_1_reg_187_reg[11]/D
                            (rising edge-triggered cell FDRE clocked by ap_clk  {rise@0.000ns fall@5.000ns period=10.000ns})
  Path Group:             ap_clk
  Path Type:              Hold (Min at Fast Process Corner)
  Requirement:            0.000ns  (ap_clk rise@0.000ns - ap_clk rise@0.000ns)
  Data Path Delay:        0.317ns  (logic 0.251ns (79.120%)  route 0.066ns (20.880%))
  Logic Levels:           1  (CARRY4=1)
  Clock Path Skew:        0.013ns (DCD - SCD - CPR)
    Destination Clock Delay (DCD):    0.829ns
    Source Clock Delay      (SCD):    0.563ns
    Clock Pessimism Removal (CPR):    0.253ns

    Location             Delay type                Incr(ns)  Path(ns)    Netlist Resource(s)
  -------------------------------------------------------------------    -------------------
                         (clock ap_clk rise edge)     0.000     0.000 r  
                                                      0.000     0.000 r  ap_clk (IN)
                         net (fo=79, unset)           0.563     0.563    ap_clk
    SLICE_X31Y76         FDRE                                         r  idxPixel_reg_120_reg[11]/C
  -------------------------------------------------------------------    -------------------
    SLICE_X31Y76         FDRE (Prop_fdre_C_Q)         0.141     0.704 r  idxPixel_reg_120_reg[11]/Q
                         net (fo=2, routed)           0.066     0.770    idxPixel_reg_120[11]
    SLICE_X30Y76         CARRY4 (Prop_carry4_S[2]_O[2])
                                                      0.110     0.880 r  idxPixel_1_reg_187_reg[12]_i_1/O[2]
                         net (fo=1, routed)           0.000     0.880    idxPixel_1_fu_154_p2[11]
    SLICE_X30Y76         FDRE                                         r  idxPixel_1_reg_187_reg[11]/D
  -------------------------------------------------------------------    -------------------

                         (clock ap_clk rise edge)     0.000     0.000 r  
                                                      0.000     0.000 r  ap_clk (IN)
                         net (fo=79, unset)           0.829     0.829    ap_clk
    SLICE_X30Y76         FDRE                                         r  idxPixel_1_reg_187_reg[11]/C
                         clock pessimism             -0.253     0.576    
    SLICE_X30Y76         FDRE (Hold_fdre_C_D)         0.134     0.710    idxPixel_1_reg_187_reg[11]
  -------------------------------------------------------------------
                         required time                         -0.710    
                         arrival time                           0.880    
  -------------------------------------------------------------------
                         slack                                  0.170    

Slack (MET) :             0.171ns  (arrival time - required time)
  Source:                 idxPixel_reg_120_reg[14]/C
                            (rising edge-triggered cell FDRE clocked by ap_clk  {rise@0.000ns fall@5.000ns period=10.000ns})
  Destination:            idxPixel_1_reg_187_reg[14]/D
                            (rising edge-triggered cell FDRE clocked by ap_clk  {rise@0.000ns fall@5.000ns period=10.000ns})
  Path Group:             ap_clk
  Path Type:              Hold (Min at Fast Process Corner)
  Requirement:            0.000ns  (ap_clk rise@0.000ns - ap_clk rise@0.000ns)
  Data Path Delay:        0.318ns  (logic 0.252ns (79.170%)  route 0.066ns (20.830%))
  Logic Levels:           1  (CARRY4=1)
  Clock Path Skew:        0.013ns (DCD - SCD - CPR)
    Destination Clock Delay (DCD):    0.831ns
    Source Clock Delay      (SCD):    0.565ns
    Clock Pessimism Removal (CPR):    0.253ns

    Location             Delay type                Incr(ns)  Path(ns)    Netlist Resource(s)
  -------------------------------------------------------------------    -------------------
                         (clock ap_clk rise edge)     0.000     0.000 r  
                                                      0.000     0.000 r  ap_clk (IN)
                         net (fo=79, unset)           0.565     0.565    ap_clk
    SLICE_X31Y77         FDRE                                         r  idxPixel_reg_120_reg[14]/C
  -------------------------------------------------------------------    -------------------
    SLICE_X31Y77         FDRE (Prop_fdre_C_Q)         0.141     0.706 r  idxPixel_reg_120_reg[14]/Q
                         net (fo=2, routed)           0.066     0.772    idxPixel_reg_120[14]
    SLICE_X30Y77         CARRY4 (Prop_carry4_S[1]_O[1])
                                                      0.111     0.883 r  idxPixel_1_reg_187_reg[16]_i_1/O[1]
                         net (fo=1, routed)           0.000     0.883    idxPixel_1_fu_154_p2[14]
    SLICE_X30Y77         FDRE                                         r  idxPixel_1_reg_187_reg[14]/D
  -------------------------------------------------------------------    -------------------

                         (clock ap_clk rise edge)     0.000     0.000 r  
                                                      0.000     0.000 r  ap_clk (IN)
                         net (fo=79, unset)           0.831     0.831    ap_clk
    SLICE_X30Y77         FDRE                                         r  idxPixel_1_reg_187_reg[14]/C
                         clock pessimism             -0.253     0.578    
    SLICE_X30Y77         FDRE (Hold_fdre_C_D)         0.134     0.712    idxPixel_1_reg_187_reg[14]
  -------------------------------------------------------------------
                         required time                         -0.712    
                         arrival time                           0.883    
  -------------------------------------------------------------------
                         slack                                  0.171    

Slack (MET) :             0.179ns  (arrival time - required time)
  Source:                 doHist_CTRL_BUS_s_axi_U/int_ap_done_reg/C
                            (rising edge-triggered cell FDRE clocked by ap_clk  {rise@0.000ns fall@5.000ns period=10.000ns})
  Destination:            doHist_CTRL_BUS_s_axi_U/rdata_data_reg[1]/D
                            (rising edge-triggered cell FDRE clocked by ap_clk  {rise@0.000ns fall@5.000ns period=10.000ns})
  Path Group:             ap_clk
  Path Type:              Hold (Min at Fast Process Corner)
  Requirement:            0.000ns  (ap_clk rise@0.000ns - ap_clk rise@0.000ns)
  Data Path Delay:        0.285ns  (logic 0.186ns (65.306%)  route 0.099ns (34.694%))
  Logic Levels:           1  (LUT6=1)
  Clock Path Skew:        0.014ns (DCD - SCD - CPR)
    Destination Clock Delay (DCD):    0.834ns
    Source Clock Delay      (SCD):    0.567ns
    Clock Pessimism Removal (CPR):    0.253ns

    Location             Delay type                Incr(ns)  Path(ns)    Netlist Resource(s)
  -------------------------------------------------------------------    -------------------
                         (clock ap_clk rise edge)     0.000     0.000 r  
                                                      0.000     0.000 r  ap_clk (IN)
                         net (fo=79, unset)           0.567     0.567    doHist_CTRL_BUS_s_axi_U/ap_clk
    SLICE_X28Y80         FDRE                                         r  doHist_CTRL_BUS_s_axi_U/int_ap_done_reg/C
  -------------------------------------------------------------------    -------------------
    SLICE_X28Y80         FDRE (Prop_fdre_C_Q)         0.141     0.708 r  doHist_CTRL_BUS_s_axi_U/int_ap_done_reg/Q
                         net (fo=2, routed)           0.099     0.807    doHist_CTRL_BUS_s_axi_U/int_ap_done
    SLICE_X29Y80         LUT6 (Prop_lut6_I0_O)        0.045     0.852 r  doHist_CTRL_BUS_s_axi_U/rdata_data[1]_i_1/O
                         net (fo=1, routed)           0.000     0.852    doHist_CTRL_BUS_s_axi_U/rdata_data0_in[1]
    SLICE_X29Y80         FDRE                                         r  doHist_CTRL_BUS_s_axi_U/rdata_data_reg[1]/D
  -------------------------------------------------------------------    -------------------

                         (clock ap_clk rise edge)     0.000     0.000 r  
                                                      0.000     0.000 r  ap_clk (IN)
                         net (fo=79, unset)           0.834     0.834    doHist_CTRL_BUS_s_axi_U/ap_clk
    SLICE_X29Y80         FDRE                                         r  doHist_CTRL_BUS_s_axi_U/rdata_data_reg[1]/C
                         clock pessimism             -0.253     0.581    
    SLICE_X29Y80         FDRE (Hold_fdre_C_D)         0.092     0.673    doHist_CTRL_BUS_s_axi_U/rdata_data_reg[1]
  -------------------------------------------------------------------
                         required time                         -0.673    
                         arrival time                           0.852    
  -------------------------------------------------------------------
                         slack                                  0.179    

Slack (MET) :             0.179ns  (arrival time - required time)
  Source:                 idxPixel_1_reg_187_reg[13]/C
                            (rising edge-triggered cell FDRE clocked by ap_clk  {rise@0.000ns fall@5.000ns period=10.000ns})
  Destination:            idxPixel_reg_120_reg[13]/D
                            (rising edge-triggered cell FDRE clocked by ap_clk  {rise@0.000ns fall@5.000ns period=10.000ns})
  Path Group:             ap_clk
  Path Type:              Hold (Min at Fast Process Corner)
  Requirement:            0.000ns  (ap_clk rise@0.000ns - ap_clk rise@0.000ns)
  Data Path Delay:        0.247ns  (logic 0.164ns (66.369%)  route 0.083ns (33.631%))
  Logic Levels:           0  
  Clock Path Skew:        0.013ns (DCD - SCD - CPR)
    Destination Clock Delay (DCD):    0.831ns
    Source Clock Delay      (SCD):    0.565ns
    Clock Pessimism Removal (CPR):    0.253ns

    Location             Delay type                Incr(ns)  Path(ns)    Netlist Resource(s)
  -------------------------------------------------------------------    -------------------
                         (clock ap_clk rise edge)     0.000     0.000 r  
                                                      0.000     0.000 r  ap_clk (IN)
                         net (fo=79, unset)           0.565     0.565    ap_clk
    SLICE_X30Y77         FDRE                                         r  idxPixel_1_reg_187_reg[13]/C
  -------------------------------------------------------------------    -------------------
    SLICE_X30Y77         FDRE (Prop_fdre_C_Q)         0.164     0.729 r  idxPixel_1_reg_187_reg[13]/Q
                         net (fo=1, routed)           0.083     0.812    idxPixel_1_reg_187[13]
    SLICE_X31Y77         FDRE                                         r  idxPixel_reg_120_reg[13]/D
  -------------------------------------------------------------------    -------------------

                         (clock ap_clk rise edge)     0.000     0.000 r  
                                                      0.000     0.000 r  ap_clk (IN)
                         net (fo=79, unset)           0.831     0.831    ap_clk
    SLICE_X31Y77         FDRE                                         r  idxPixel_reg_120_reg[13]/C
                         clock pessimism             -0.253     0.578    
    SLICE_X31Y77         FDRE (Hold_fdre_C_D)         0.055     0.633    idxPixel_reg_120_reg[13]
  -------------------------------------------------------------------
                         required time                         -0.633    
                         arrival time                           0.812    
  -------------------------------------------------------------------
                         slack                                  0.179    

Slack (MET) :             0.192ns  (arrival time - required time)
  Source:                 idxPixel_1_reg_187_reg[17]/C
                            (rising edge-triggered cell FDRE clocked by ap_clk  {rise@0.000ns fall@5.000ns period=10.000ns})
  Destination:            idxPixel_reg_120_reg[17]/D
                            (rising edge-triggered cell FDRE clocked by ap_clk  {rise@0.000ns fall@5.000ns period=10.000ns})
  Path Group:             ap_clk
  Path Type:              Hold (Min at Fast Process Corner)
  Requirement:            0.000ns  (ap_clk rise@0.000ns - ap_clk rise@0.000ns)
  Data Path Delay:        0.276ns  (logic 0.164ns (59.419%)  route 0.112ns (40.581%))
  Logic Levels:           0  
  Clock Path Skew:        0.013ns (DCD - SCD - CPR)
    Destination Clock Delay (DCD):    0.831ns
    Source Clock Delay      (SCD):    0.565ns
    Clock Pessimism Removal (CPR):    0.253ns

    Location             Delay type                Incr(ns)  Path(ns)    Netlist Resource(s)
  -------------------------------------------------------------------    -------------------
                         (clock ap_clk rise edge)     0.000     0.000 r  
                                                      0.000     0.000 r  ap_clk (IN)
                         net (fo=79, unset)           0.565     0.565    ap_clk
    SLICE_X30Y78         FDRE                                         r  idxPixel_1_reg_187_reg[17]/C
  -------------------------------------------------------------------    -------------------
    SLICE_X30Y78         FDRE (Prop_fdre_C_Q)         0.164     0.729 r  idxPixel_1_reg_187_reg[17]/Q
                         net (fo=1, routed)           0.112     0.841    idxPixel_1_reg_187[17]
    SLICE_X31Y77         FDRE                                         r  idxPixel_reg_120_reg[17]/D
  -------------------------------------------------------------------    -------------------

                         (clock ap_clk rise edge)     0.000     0.000 r  
                                                      0.000     0.000 r  ap_clk (IN)
                         net (fo=79, unset)           0.831     0.831    ap_clk
    SLICE_X31Y77         FDRE                                         r  idxPixel_reg_120_reg[17]/C
                         clock pessimism             -0.253     0.578    
    SLICE_X31Y77         FDRE (Hold_fdre_C_D)         0.071     0.649    idxPixel_reg_120_reg[17]
  -------------------------------------------------------------------
                         required time                         -0.649    
                         arrival time                           0.841    
  -------------------------------------------------------------------
                         slack                                  0.192    

Slack (MET) :             0.197ns  (arrival time - required time)
  Source:                 idxPixel_1_reg_187_reg[10]/C
                            (rising edge-triggered cell FDRE clocked by ap_clk  {rise@0.000ns fall@5.000ns period=10.000ns})
  Destination:            idxPixel_reg_120_reg[10]/D
                            (rising edge-triggered cell FDRE clocked by ap_clk  {rise@0.000ns fall@5.000ns period=10.000ns})
  Path Group:             ap_clk
  Path Type:              Hold (Min at Fast Process Corner)
  Requirement:            0.000ns  (ap_clk rise@0.000ns - ap_clk rise@0.000ns)
  Data Path Delay:        0.280ns  (logic 0.164ns (58.537%)  route 0.116ns (41.463%))
  Logic Levels:           0  
  Clock Path Skew:        0.013ns (DCD - SCD - CPR)
    Destination Clock Delay (DCD):    0.829ns
    Source Clock Delay      (SCD):    0.563ns
    Clock Pessimism Removal (CPR):    0.253ns

    Location             Delay type                Incr(ns)  Path(ns)    Netlist Resource(s)
  -------------------------------------------------------------------    -------------------
                         (clock ap_clk rise edge)     0.000     0.000 r  
                                                      0.000     0.000 r  ap_clk (IN)
                         net (fo=79, unset)           0.563     0.563    ap_clk
    SLICE_X30Y76         FDRE                                         r  idxPixel_1_reg_187_reg[10]/C
  -------------------------------------------------------------------    -------------------
    SLICE_X30Y76         FDRE (Prop_fdre_C_Q)         0.164     0.727 r  idxPixel_1_reg_187_reg[10]/Q
                         net (fo=1, routed)           0.116     0.843    idxPixel_1_reg_187[10]
    SLICE_X31Y76         FDRE                                         r  idxPixel_reg_120_reg[10]/D
  -------------------------------------------------------------------    -------------------

                         (clock ap_clk rise edge)     0.000     0.000 r  
                                                      0.000     0.000 r  ap_clk (IN)
                         net (fo=79, unset)           0.829     0.829    ap_clk
    SLICE_X31Y76         FDRE                                         r  idxPixel_reg_120_reg[10]/C
                         clock pessimism             -0.253     0.576    
    SLICE_X31Y76         FDRE (Hold_fdre_C_D)         0.070     0.646    idxPixel_reg_120_reg[10]
  -------------------------------------------------------------------
                         required time                         -0.646    
                         arrival time                           0.843    
  -------------------------------------------------------------------
                         slack                                  0.197    

Slack (MET) :             0.201ns  (arrival time - required time)
  Source:                 doHist_CTRL_BUS_s_axi_U/waddr_reg[2]/C
                            (rising edge-triggered cell FDRE clocked by ap_clk  {rise@0.000ns fall@5.000ns period=10.000ns})
  Destination:            doHist_CTRL_BUS_s_axi_U/int_ier_reg[1]/D
                            (rising edge-triggered cell FDRE clocked by ap_clk  {rise@0.000ns fall@5.000ns period=10.000ns})
  Path Group:             ap_clk
  Path Type:              Hold (Min at Fast Process Corner)
  Requirement:            0.000ns  (ap_clk rise@0.000ns - ap_clk rise@0.000ns)
  Data Path Delay:        0.306ns  (logic 0.186ns (60.786%)  route 0.120ns (39.214%))
  Logic Levels:           1  (LUT5=1)
  Clock Path Skew:        0.013ns (DCD - SCD - CPR)
    Destination Clock Delay (DCD):    0.831ns
    Source Clock Delay      (SCD):    0.565ns
    Clock Pessimism Removal (CPR):    0.253ns

    Location             Delay type                Incr(ns)  Path(ns)    Netlist Resource(s)
  -------------------------------------------------------------------    -------------------
                         (clock ap_clk rise edge)     0.000     0.000 r  
                                                      0.000     0.000 r  ap_clk (IN)
                         net (fo=79, unset)           0.565     0.565    doHist_CTRL_BUS_s_axi_U/ap_clk
    SLICE_X28Y77         FDRE                                         r  doHist_CTRL_BUS_s_axi_U/waddr_reg[2]/C
  -------------------------------------------------------------------    -------------------
    SLICE_X28Y77         FDRE (Prop_fdre_C_Q)         0.141     0.706 r  doHist_CTRL_BUS_s_axi_U/waddr_reg[2]/Q
                         net (fo=6, routed)           0.120     0.826    doHist_CTRL_BUS_s_axi_U/waddr_reg_n_0_[2]
    SLICE_X29Y77         LUT5 (Prop_lut5_I1_O)        0.045     0.871 r  doHist_CTRL_BUS_s_axi_U/int_ier[1]_i_1/O
                         net (fo=1, routed)           0.000     0.871    doHist_CTRL_BUS_s_axi_U/int_ier[1]_i_1_n_0
    SLICE_X29Y77         FDRE                                         r  doHist_CTRL_BUS_s_axi_U/int_ier_reg[1]/D
  -------------------------------------------------------------------    -------------------

                         (clock ap_clk rise edge)     0.000     0.000 r  
                                                      0.000     0.000 r  ap_clk (IN)
                         net (fo=79, unset)           0.831     0.831    doHist_CTRL_BUS_s_axi_U/ap_clk
    SLICE_X29Y77         FDRE                                         r  doHist_CTRL_BUS_s_axi_U/int_ier_reg[1]/C
                         clock pessimism             -0.253     0.578    
    SLICE_X29Y77         FDRE (Hold_fdre_C_D)         0.092     0.670    doHist_CTRL_BUS_s_axi_U/int_ier_reg[1]
  -------------------------------------------------------------------
                         required time                         -0.670    
                         arrival time                           0.871    
  -------------------------------------------------------------------
                         slack                                  0.201    

Slack (MET) :             0.201ns  (arrival time - required time)
  Source:                 doHist_CTRL_BUS_s_axi_U/waddr_reg[2]/C
                            (rising edge-triggered cell FDRE clocked by ap_clk  {rise@0.000ns fall@5.000ns period=10.000ns})
  Destination:            doHist_CTRL_BUS_s_axi_U/int_auto_restart_reg/D
                            (rising edge-triggered cell FDRE clocked by ap_clk  {rise@0.000ns fall@5.000ns period=10.000ns})
  Path Group:             ap_clk
  Path Type:              Hold (Min at Fast Process Corner)
  Requirement:            0.000ns  (ap_clk rise@0.000ns - ap_clk rise@0.000ns)
  Data Path Delay:        0.305ns  (logic 0.186ns (60.985%)  route 0.119ns (39.015%))
  Logic Levels:           1  (LUT5=1)
  Clock Path Skew:        0.013ns (DCD - SCD - CPR)
    Destination Clock Delay (DCD):    0.831ns
    Source Clock Delay      (SCD):    0.565ns
    Clock Pessimism Removal (CPR):    0.253ns

    Location             Delay type                Incr(ns)  Path(ns)    Netlist Resource(s)
  -------------------------------------------------------------------    -------------------
                         (clock ap_clk rise edge)     0.000     0.000 r  
                                                      0.000     0.000 r  ap_clk (IN)
                         net (fo=79, unset)           0.565     0.565    doHist_CTRL_BUS_s_axi_U/ap_clk
    SLICE_X28Y77         FDRE                                         r  doHist_CTRL_BUS_s_axi_U/waddr_reg[2]/C
  -------------------------------------------------------------------    -------------------
    SLICE_X28Y77         FDRE (Prop_fdre_C_Q)         0.141     0.706 r  doHist_CTRL_BUS_s_axi_U/waddr_reg[2]/Q
                         net (fo=6, routed)           0.119     0.825    doHist_CTRL_BUS_s_axi_U/waddr_reg_n_0_[2]
    SLICE_X29Y77         LUT5 (Prop_lut5_I2_O)        0.045     0.870 r  doHist_CTRL_BUS_s_axi_U/int_auto_restart_i_1/O
                         net (fo=1, routed)           0.000     0.870    doHist_CTRL_BUS_s_axi_U/int_auto_restart_i_1_n_0
    SLICE_X29Y77         FDRE                                         r  doHist_CTRL_BUS_s_axi_U/int_auto_restart_reg/D
  -------------------------------------------------------------------    -------------------

                         (clock ap_clk rise edge)     0.000     0.000 r  
                                                      0.000     0.000 r  ap_clk (IN)
                         net (fo=79, unset)           0.831     0.831    doHist_CTRL_BUS_s_axi_U/ap_clk
    SLICE_X29Y77         FDRE                                         r  doHist_CTRL_BUS_s_axi_U/int_auto_restart_reg/C
                         clock pessimism             -0.253     0.578    
    SLICE_X29Y77         FDRE (Hold_fdre_C_D)         0.091     0.669    doHist_CTRL_BUS_s_axi_U/int_auto_restart_reg
  -------------------------------------------------------------------
                         required time                         -0.669    
                         arrival time                           0.870    
  -------------------------------------------------------------------
                         slack                                  0.201    

Slack (MET) :             0.201ns  (arrival time - required time)
  Source:                 idxPixel_1_reg_187_reg[11]/C
                            (rising edge-triggered cell FDRE clocked by ap_clk  {rise@0.000ns fall@5.000ns period=10.000ns})
  Destination:            idxPixel_reg_120_reg[11]/D
                            (rising edge-triggered cell FDRE clocked by ap_clk  {rise@0.000ns fall@5.000ns period=10.000ns})
  Path Group:             ap_clk
  Path Type:              Hold (Min at Fast Process Corner)
  Requirement:            0.000ns  (ap_clk rise@0.000ns - ap_clk rise@0.000ns)
  Data Path Delay:        0.280ns  (logic 0.164ns (58.537%)  route 0.116ns (41.463%))
  Logic Levels:           0  
  Clock Path Skew:        0.013ns (DCD - SCD - CPR)
    Destination Clock Delay (DCD):    0.829ns
    Source Clock Delay      (SCD):    0.563ns
    Clock Pessimism Removal (CPR):    0.253ns

    Location             Delay type                Incr(ns)  Path(ns)    Netlist Resource(s)
  -------------------------------------------------------------------    -------------------
                         (clock ap_clk rise edge)     0.000     0.000 r  
                                                      0.000     0.000 r  ap_clk (IN)
                         net (fo=79, unset)           0.563     0.563    ap_clk
    SLICE_X30Y76         FDRE                                         r  idxPixel_1_reg_187_reg[11]/C
  -------------------------------------------------------------------    -------------------
    SLICE_X30Y76         FDRE (Prop_fdre_C_Q)         0.164     0.727 r  idxPixel_1_reg_187_reg[11]/Q
                         net (fo=1, routed)           0.116     0.843    idxPixel_1_reg_187[11]
    SLICE_X31Y76         FDRE                                         r  idxPixel_reg_120_reg[11]/D
  -------------------------------------------------------------------    -------------------

                         (clock ap_clk rise edge)     0.000     0.000 r  
                                                      0.000     0.000 r  ap_clk (IN)
                         net (fo=79, unset)           0.829     0.829    ap_clk
    SLICE_X31Y76         FDRE                                         r  idxPixel_reg_120_reg[11]/C
                         clock pessimism             -0.253     0.576    
    SLICE_X31Y76         FDRE (Hold_fdre_C_D)         0.066     0.642    idxPixel_reg_120_reg[11]
  -------------------------------------------------------------------
                         required time                         -0.642    
                         arrival time                           0.843    
  -------------------------------------------------------------------
                         slack                                  0.201    

Slack (MET) :             0.206ns  (arrival time - required time)
  Source:                 idxPixel_reg_120_reg[11]/C
                            (rising edge-triggered cell FDRE clocked by ap_clk  {rise@0.000ns fall@5.000ns period=10.000ns})
  Destination:            idxPixel_1_reg_187_reg[12]/D
                            (rising edge-triggered cell FDRE clocked by ap_clk  {rise@0.000ns fall@5.000ns period=10.000ns})
  Path Group:             ap_clk
  Path Type:              Hold (Min at Fast Process Corner)
  Requirement:            0.000ns  (ap_clk rise@0.000ns - ap_clk rise@0.000ns)
  Data Path Delay:        0.353ns  (logic 0.287ns (81.248%)  route 0.066ns (18.752%))
  Logic Levels:           1  (CARRY4=1)
  Clock Path Skew:        0.013ns (DCD - SCD - CPR)
    Destination Clock Delay (DCD):    0.829ns
    Source Clock Delay      (SCD):    0.563ns
    Clock Pessimism Removal (CPR):    0.253ns

    Location             Delay type                Incr(ns)  Path(ns)    Netlist Resource(s)
  -------------------------------------------------------------------    -------------------
                         (clock ap_clk rise edge)     0.000     0.000 r  
                                                      0.000     0.000 r  ap_clk (IN)
                         net (fo=79, unset)           0.563     0.563    ap_clk
    SLICE_X31Y76         FDRE                                         r  idxPixel_reg_120_reg[11]/C
  -------------------------------------------------------------------    -------------------
    SLICE_X31Y76         FDRE (Prop_fdre_C_Q)         0.141     0.704 r  idxPixel_reg_120_reg[11]/Q
                         net (fo=2, routed)           0.066     0.770    idxPixel_reg_120[11]
    SLICE_X30Y76         CARRY4 (Prop_carry4_S[2]_O[3])
                                                      0.146     0.916 r  idxPixel_1_reg_187_reg[12]_i_1/O[3]
                         net (fo=1, routed)           0.000     0.916    idxPixel_1_fu_154_p2[12]
    SLICE_X30Y76         FDRE                                         r  idxPixel_1_reg_187_reg[12]/D
  -------------------------------------------------------------------    -------------------

                         (clock ap_clk rise edge)     0.000     0.000 r  
                                                      0.000     0.000 r  ap_clk (IN)
                         net (fo=79, unset)           0.829     0.829    ap_clk
    SLICE_X30Y76         FDRE                                         r  idxPixel_1_reg_187_reg[12]/C
                         clock pessimism             -0.253     0.576    
    SLICE_X30Y76         FDRE (Hold_fdre_C_D)         0.134     0.710    idxPixel_1_reg_187_reg[12]
  -------------------------------------------------------------------
                         required time                         -0.710    
                         arrival time                           0.916    
  -------------------------------------------------------------------
                         slack                                  0.206    





Pulse Width Checks
--------------------------------------------------------------------------------------
Clock Name:         ap_clk
Waveform(ns):       { 0.000 5.000 }
Period(ns):         10.000
Sources:            { ap_clk }

Check Type        Corner  Lib Pin  Reference Pin  Required(ns)  Actual(ns)  Slack(ns)  Location      Pin
Min Period        n/a     FDSE/C   n/a            1.000         10.000      9.000      SLICE_X28Y78  ap_CS_fsm_reg[0]/C
Min Period        n/a     FDRE/C   n/a            1.000         10.000      9.000      SLICE_X29Y79  ap_CS_fsm_reg[1]/C
Min Period        n/a     FDRE/C   n/a            1.000         10.000      9.000      SLICE_X28Y78  ap_CS_fsm_reg[2]/C
Min Period        n/a     FDRE/C   n/a            1.000         10.000      9.000      SLICE_X28Y78  ap_CS_fsm_reg[3]/C
Min Period        n/a     FDRE/C   n/a            1.000         10.000      9.000      SLICE_X28Y80  doHist_CTRL_BUS_s_axi_U/int_ap_done_reg/C
Min Period        n/a     FDRE/C   n/a            1.000         10.000      9.000      SLICE_X29Y77  doHist_CTRL_BUS_s_axi_U/int_auto_restart_reg/C
Min Period        n/a     FDRE/C   n/a            1.000         10.000      9.000      SLICE_X29Y77  doHist_CTRL_BUS_s_axi_U/int_gie_reg/C
Min Period        n/a     FDRE/C   n/a            1.000         10.000      9.000      SLICE_X29Y77  doHist_CTRL_BUS_s_axi_U/int_ier_reg[0]/C
Min Period        n/a     FDRE/C   n/a            1.000         10.000      9.000      SLICE_X29Y77  doHist_CTRL_BUS_s_axi_U/int_ier_reg[1]/C
Min Period        n/a     FDRE/C   n/a            1.000         10.000      9.000      SLICE_X28Y78  doHist_CTRL_BUS_s_axi_U/int_isr_reg[0]/C
Low Pulse Width   Fast    FDRE/C   n/a            0.500         5.000       4.500      SLICE_X29Y79  ap_CS_fsm_reg[1]/C
Low Pulse Width   Fast    FDRE/C   n/a            0.500         5.000       4.500      SLICE_X28Y80  doHist_CTRL_BUS_s_axi_U/int_ap_done_reg/C
Low Pulse Width   Fast    FDRE/C   n/a            0.500         5.000       4.500      SLICE_X29Y77  doHist_CTRL_BUS_s_axi_U/int_auto_restart_reg/C
Low Pulse Width   Fast    FDRE/C   n/a            0.500         5.000       4.500      SLICE_X29Y77  doHist_CTRL_BUS_s_axi_U/int_gie_reg/C
Low Pulse Width   Fast    FDRE/C   n/a            0.500         5.000       4.500      SLICE_X29Y77  doHist_CTRL_BUS_s_axi_U/int_ier_reg[0]/C
Low Pulse Width   Fast    FDRE/C   n/a            0.500         5.000       4.500      SLICE_X29Y77  doHist_CTRL_BUS_s_axi_U/int_ier_reg[1]/C
Low Pulse Width   Fast    FDRE/C   n/a            0.500         5.000       4.500      SLICE_X29Y79  doHist_CTRL_BUS_s_axi_U/int_isr_reg[1]/C
Low Pulse Width   Fast    FDRE/C   n/a            0.500         5.000       4.500      SLICE_X28Y79  doHist_CTRL_BUS_s_axi_U/rdata_data_reg[0]/C
Low Pulse Width   Fast    FDRE/C   n/a            0.500         5.000       4.500      SLICE_X29Y80  doHist_CTRL_BUS_s_axi_U/rdata_data_reg[1]/C
Low Pulse Width   Fast    FDRE/C   n/a            0.500         5.000       4.500      SLICE_X28Y79  doHist_CTRL_BUS_s_axi_U/rdata_data_reg[2]/C
High Pulse Width  Fast    FDSE/C   n/a            0.500         5.000       4.500      SLICE_X28Y78  ap_CS_fsm_reg[0]/C
High Pulse Width  Fast    FDRE/C   n/a            0.500         5.000       4.500      SLICE_X28Y78  ap_CS_fsm_reg[2]/C
High Pulse Width  Fast    FDRE/C   n/a            0.500         5.000       4.500      SLICE_X28Y78  ap_CS_fsm_reg[3]/C
High Pulse Width  Fast    FDRE/C   n/a            0.500         5.000       4.500      SLICE_X28Y78  doHist_CTRL_BUS_s_axi_U/int_isr_reg[0]/C
High Pulse Width  Fast    FDRE/C   n/a            0.500         5.000       4.500      SLICE_X29Y78  histo_addr_1_reg_192_reg[5]/C
High Pulse Width  Fast    FDRE/C   n/a            0.500         5.000       4.500      SLICE_X31Y78  idxHist_reg_109_reg[6]/C
High Pulse Width  Fast    FDRE/C   n/a            0.500         5.000       4.500      SLICE_X31Y78  idxHist_reg_109_reg[7]/C
High Pulse Width  Fast    FDRE/C   n/a            0.500         5.000       4.500      SLICE_X31Y78  idxHist_reg_109_reg[8]/C
High Pulse Width  Fast    FDRE/C   n/a            0.500         5.000       4.500      SLICE_X30Y78  idxPixel_1_reg_187_reg[17]/C
High Pulse Width  Fast    FDRE/C   n/a            0.500         5.000       4.500      SLICE_X30Y78  idxPixel_1_reg_187_reg[18]/C



